<?xml version="1.0" encoding="utf-8"?>
<CoverageSession xmlns:xsd="http://www.w3.org/2001/XMLSchema" xmlns:xsi="http://www.w3.org/2001/XMLSchema-instance">
  <Summary numSequencePoints="423" visitedSequencePoints="410" numBranchPoints="138" visitedBranchPoints="134" sequenceCoverage="96.93" branchCoverage="97.10" maxCyclomaticComplexity="15" minCyclomaticComplexity="1" visitedClasses="27" numClasses="29" visitedMethods="89" numMethods="92" />
  <Modules>
    <Module skippedDueTo="Filter" hash="36-41-41-6B-C9-39-5E-4C-C6-E6-11-A9-5C-05-1F-95-90-84-40-01">
      <ModulePath>C:\WINDOWS\Microsoft.Net\assembly\GAC_64\mscorlib\v4.0_4.0.0.0__b77a5c561934e089\mscorlib.dll</ModulePath>
      <ModuleTime>2019-04-11T01:17:21.0371887Z</ModuleTime>
      <ModuleName>mscorlib</ModuleName>
      <Classes />
    </Module>
    <Module skippedDueTo="MissingPdb" hash="C3-AA-1C-1C-8E-82-1A-33-B0-D2-15-D7-67-2F-0B-23-E3-D3-35-BD">
      <ModulePath>C:\Users\prapan\Source\Repos\FSE_Project\FSE_ProjectManager\packages\NUnit.ConsoleRunner.3.10.0\tools\nunit3-console.exe</ModulePath>
      <ModuleTime>2019-08-25T06:38:54Z</ModuleTime>
      <ModuleName>nunit3-console</ModuleName>
      <Classes />
    </Module>
    <Module skippedDueTo="Filter" hash="7C-0B-F7-1F-9F-00-68-EF-DA-4A-78-8F-2B-95-7B-23-E2-4E-59-B6">
      <ModulePath>C:\WINDOWS\Microsoft.Net\assembly\GAC_MSIL\System\v4.0_4.0.0.0__b77a5c561934e089\System.dll</ModulePath>
      <ModuleTime>2019-04-11T01:17:01.8894864Z</ModuleTime>
      <ModuleName>System</ModuleName>
      <Classes />
    </Module>
    <Module skippedDueTo="MissingPdb" hash="56-19-46-EE-B2-F2-BE-59-B4-C3-2F-4A-6E-93-59-8A-52-CC-E1-25">
      <ModulePath>C:\Users\prapan\Source\Repos\FSE_Project\FSE_ProjectManager\packages\NUnit.ConsoleRunner.3.10.0\tools\nunit.engine.api.dll</ModulePath>
      <ModuleTime>2019-08-25T06:38:54Z</ModuleTime>
      <ModuleName>nunit.engine.api</ModuleName>
      <Classes />
    </Module>
    <Module skippedDueTo="MissingPdb" hash="F3-B1-83-1B-09-4C-8B-4B-4D-F1-AE-22-3B-BF-1C-83-85-41-B0-4C">
      <ModulePath>C:\Users\prapan\Source\Repos\FSE_Project\FSE_ProjectManager\packages\NUnit.ConsoleRunner.3.10.0\tools\nunit.engine.dll</ModulePath>
      <ModuleTime>2019-08-25T06:38:54Z</ModuleTime>
      <ModuleName>nunit.engine</ModuleName>
      <Classes />
    </Module>
    <Module skippedDueTo="Filter" hash="C9-90-56-C8-34-0E-96-2A-07-09-EA-81-19-89-AB-9B-B6-6C-C4-D4">
      <ModulePath>C:\WINDOWS\Microsoft.Net\assembly\GAC_MSIL\System.Xml\v4.0_4.0.0.0__b77a5c561934e089\System.Xml.dll</ModulePath>
      <ModuleTime>2018-12-12T02:01:03.7845321Z</ModuleTime>
      <ModuleName>System.Xml</ModuleName>
      <Classes />
    </Module>
    <Module skippedDueTo="Filter" hash="1C-14-6C-36-24-44-FD-FE-0D-97-15-5C-7C-62-31-AE-F8-9D-95-A9">
      <ModulePath>C:\WINDOWS\Microsoft.Net\assembly\GAC_64\System.Web\v4.0_4.0.0.0__b03f5f7f11d50a3a\System.Web.dll</ModulePath>
      <ModuleTime>2019-05-24T22:51:26.8476704Z</ModuleTime>
      <ModuleName>System.Web</ModuleName>
      <Classes />
    </Module>
    <Module skippedDueTo="MissingPdb" hash="8A-2E-8F-D6-9D-39-02-4A-2F-30-FC-06-42-F7-0F-A8-32-69-07-72">
      <ModulePath>C:\Users\prapan\Source\Repos\FSE_Project\FSE_ProjectManager\packages\NUnit.ConsoleRunner.3.10.0\tools\Mono.Cecil.dll</ModulePath>
      <ModuleTime>2019-08-25T06:38:54Z</ModuleTime>
      <ModuleName>Mono.Cecil</ModuleName>
      <Classes />
    </Module>
    <Module skippedDueTo="Filter" hash="99-11-EB-F5-78-AC-B1-38-60-82-1D-90-D3-48-FC-57-C0-00-EA-04">
      <ModulePath>C:\WINDOWS\Microsoft.Net\assembly\GAC_MSIL\System.Runtime.Remoting\v4.0_4.0.0.0__b77a5c561934e089\System.Runtime.Remoting.dll</ModulePath>
      <ModuleTime>2018-12-12T02:00:56.2547488Z</ModuleTime>
      <ModuleName>System.Runtime.Remoting</ModuleName>
      <Classes />
    </Module>
    <Module skippedDueTo="Filter" hash="9D-4A-D9-EF-6E-3C-A9-69-99-30-1A-B3-AA-5A-7C-F2-17-66-83-59">
      <ModulePath>C:\WINDOWS\Microsoft.Net\assembly\GAC_MSIL\System.Configuration\v4.0_4.0.0.0__b03f5f7f11d50a3a\System.Configuration.dll</ModulePath>
      <ModuleTime>2018-12-12T02:00:49.9743239Z</ModuleTime>
      <ModuleName>System.Configuration</ModuleName>
      <Classes />
    </Module>
    <Module skippedDueTo="MissingPdb" hash="DD-03-C0-F6-30-61-DA-66-3E-7C-57-4F-A1-08-5C-81-F5-6E-EF-AA">
      <ModulePath>C:\Users\prapan\Source\Repos\FSE_Project\FSE_ProjectManager\packages\NUnit.ConsoleRunner.3.10.0\tools\nunit-agent.exe</ModulePath>
      <ModuleTime>2019-08-25T06:38:54Z</ModuleTime>
      <ModuleName>nunit-agent</ModuleName>
      <Classes />
    </Module>
    <Module skippedDueTo="Filter" hash="EE-92-34-AE-A6-A6-A8-2E-8A-34-A1-E4-20-3D-2A-23-C5-9D-D8-D2">
      <ModulePath>C:\Users\prapan\Source\Repos\FSE_Project\FSE_ProjectManager\PM.Web.Tests\bin\Debug\nunit.framework.dll</ModulePath>
      <ModuleTime>2019-08-25T06:38:54Z</ModuleTime>
      <ModuleName>nunit.framework</ModuleName>
      <Classes />
    </Module>
    <Module skippedDueTo="Filter" hash="D6-F7-07-23-10-28-AF-AF-FD-23-71-4A-C6-9D-69-30-97-FB-25-29">
      <ModulePath>C:\WINDOWS\Microsoft.Net\assembly\GAC_MSIL\System.Core\v4.0_4.0.0.0__b77a5c561934e089\System.Core.dll</ModulePath>
      <ModuleTime>2019-05-21T01:12:13.6370499Z</ModuleTime>
      <ModuleName>System.Core</ModuleName>
      <Classes />
    </Module>
    <Module skippedDueTo="Filter" hash="EE-7A-2E-07-75-88-78-3D-CC-9B-90-FD-26-0C-F1-48-05-75-94-C2">
      <ModulePath>C:\Users\prapan\Source\Repos\FSE_Project\FSE_ProjectManager\PM.Web.Tests\bin\Debug\PM.Web.Tests.dll</ModulePath>
      <ModuleTime>2019-08-25T13:39:31.2651834Z</ModuleTime>
      <ModuleName>PM.Web.Tests</ModuleName>
      <Classes />
    </Module>
    <Module skippedDueTo="Filter" hash="D9-6B-25-93-2D-3C-2F-9F-63-A5-D6-4C-FA-59-7F-1D-E3-CC-6B-AD">
      <ModulePath>C:\Users\prapan\Source\Repos\FSE_Project\FSE_ProjectManager\PM.Web.Tests\bin\Debug\PM.Utilities.dll</ModulePath>
      <ModuleTime>2019-08-25T13:39:23.4461873Z</ModuleTime>
      <ModuleName>PM.Utilities</ModuleName>
      <Classes />
    </Module>
    <Module skippedDueTo="MissingPdb" hash="51-6C-AE-C4-00-A1-8F-AA-38-03-66-6C-39-26-14-43-F6-EE-88-E8">
      <ModulePath>C:\Users\prapan\Source\Repos\FSE_Project\FSE_ProjectManager\PM.Web.Tests\bin\Debug\NBench.dll</ModulePath>
      <ModuleTime>2019-08-25T06:38:54Z</ModuleTime>
      <ModuleName>NBench</ModuleName>
      <Classes />
    </Module>
    <Module hash="7C-69-45-A2-B2-22-2E-D6-50-0B-62-F5-B7-10-62-6F-64-AB-91-D9">
      <Summary numSequencePoints="226" visitedSequencePoints="226" numBranchPoints="71" visitedBranchPoints="70" sequenceCoverage="100" branchCoverage="98.59" maxCyclomaticComplexity="5" minCyclomaticComplexity="1" visitedClasses="5" numClasses="5" visitedMethods="25" numMethods="25" />
      <ModulePath>C:\Users\prapan\Source\Repos\FSE_Project\FSE_ProjectManager\PM.Web.Tests\bin\Debug\PM.Extensions.dll</ModulePath>
      <ModuleTime>2019-08-25T13:39:24.8931895Z</ModuleTime>
      <ModuleName>PM.Extensions</ModuleName>
      <Files>
        <File uid="1" fullPath="C:\Users\prapan\Source\Repos\FSE_Project\FSE_ProjectManager\PM.Extensions\ParentTaskFacade.cs" />
        <File uid="2" fullPath="C:\Users\prapan\Source\Repos\FSE_Project\FSE_ProjectManager\PM.Extensions\ProjectFacade.cs" />
        <File uid="3" fullPath="C:\Users\prapan\Source\Repos\FSE_Project\FSE_ProjectManager\PM.Extensions\TaskFacade.cs" />
        <File uid="4" fullPath="C:\Users\prapan\Source\Repos\FSE_Project\FSE_ProjectManager\PM.Extensions\UserFacade.cs" />
        <File uid="5" fullPath="C:\Users\prapan\Source\Repos\FSE_Project\FSE_ProjectManager\PM.Extensions\DTO\ParentTaskDto.cs" />
        <File uid="6" fullPath="C:\Users\prapan\Source\Repos\FSE_Project\FSE_ProjectManager\PM.Extensions\DTO\ProjectDto.cs" />
        <File uid="7" fullPath="C:\Users\prapan\Source\Repos\FSE_Project\FSE_ProjectManager\PM.Extensions\DTO\TaskDto.cs" />
        <File uid="8" fullPath="C:\Users\prapan\Source\Repos\FSE_Project\FSE_ProjectManager\PM.Extensions\DTO\UserDto.cs" />
      </Files>
      <Classes>
        <Class>
          <Summary numSequencePoints="0" visitedSequencePoints="0" numBranchPoints="0" visitedBranchPoints="0" sequenceCoverage="0" branchCoverage="0" maxCyclomaticComplexity="0" minCyclomaticComplexity="0" visitedClasses="0" numClasses="0" visitedMethods="0" numMethods="0" />
          <FullName>&lt;Module&gt;</FullName>
          <Methods />
        </Class>
        <Class>
          <Summary numSequencePoints="31" visitedSequencePoints="31" numBranchPoints="8" visitedBranchPoints="8" sequenceCoverage="100" branchCoverage="100" maxCyclomaticComplexity="2" minCyclomaticComplexity="1" visitedClasses="1" numClasses="1" visitedMethods="4" numMethods="4" />
          <FullName>PM.Extensions.ParentTaskFacade</FullName>
          <Methods>
            <Method visited="true" cyclomaticComplexity="1" nPathComplexity="0" sequenceCoverage="100" branchCoverage="100" isConstructor="true" isStatic="false" isGetter="false" isSetter="false">
              <Summary numSequencePoints="4" visitedSequencePoints="4" numBranchPoints="1" visitedBranchPoints="1" sequenceCoverage="100" branchCoverage="100" maxCyclomaticComplexity="1" minCyclomaticComplexity="1" visitedClasses="0" numClasses="0" visitedMethods="1" numMethods="1" />
              <MetadataToken>100663297</MetadataToken>
              <Name>System.Void PM.Extensions.ParentTaskFacade::.ctor(PM.DAL.Repositories.Interface.IParentTaskRepository)</Name>
              <FileRef uid="1" />
              <SequencePoints>
                <SequencePoint vc="6" uspid="1" ordinal="0" offset="0" sl="16" sc="9" el="16" ec="70" bec="0" bev="0" fileid="1" />
                <SequencePoint vc="6" uspid="2" ordinal="1" offset="7" sl="17" sc="9" el="17" ec="10" bec="0" bev="0" fileid="1" />
                <SequencePoint vc="6" uspid="3" ordinal="2" offset="8" sl="18" sc="13" el="18" ec="46" bec="0" bev="0" fileid="1" />
                <SequencePoint vc="6" uspid="4" ordinal="3" offset="15" sl="19" sc="9" el="19" ec="10" bec="0" bev="0" fileid="1" />
              </SequencePoints>
              <BranchPoints />
              <MethodPoint xsi:type="SequencePoint" vc="6" uspid="1" ordinal="0" offset="0" sl="16" sc="9" el="16" ec="70" bec="0" bev="0" fileid="1" />
            </Method>
            <Method visited="true" cyclomaticComplexity="2" nPathComplexity="2" sequenceCoverage="100" branchCoverage="100" isConstructor="false" isStatic="false" isGetter="false" isSetter="false">
              <Summary numSequencePoints="8" visitedSequencePoints="8" numBranchPoints="3" visitedBranchPoints="3" sequenceCoverage="100" branchCoverage="100" maxCyclomaticComplexity="2" minCyclomaticComplexity="2" visitedClasses="0" numClasses="0" visitedMethods="1" numMethods="1" />
              <MetadataToken>100663298</MetadataToken>
              <Name>PM.Extensions.DTO.ParentTaskDto PM.Extensions.ParentTaskFacade::Get(System.Int32)</Name>
              <FileRef uid="1" />
              <SequencePoints>
                <SequencePoint vc="3" uspid="5" ordinal="0" offset="0" sl="27" sc="9" el="27" ec="10" bec="0" bev="0" fileid="1" />
                <SequencePoint vc="3" uspid="6" ordinal="1" offset="1" sl="28" sc="13" el="28" ec="48" bec="0" bev="0" fileid="1" />
                <SequencePoint vc="3" uspid="7" ordinal="2" offset="14" sl="29" sc="13" el="29" ec="30" bec="2" bev="2" fileid="1" />
                <SequencePoint vc="2" uspid="8" ordinal="3" offset="22" sl="30" sc="13" el="30" ec="14" bec="0" bev="0" fileid="1" />
                <SequencePoint vc="2" uspid="9" ordinal="4" offset="23" sl="31" sc="17" el="31" ec="77" bec="0" bev="0" fileid="1" />
                <SequencePoint vc="1" uspid="10" ordinal="5" offset="34" sl="34" sc="13" el="34" ec="59" bec="0" bev="0" fileid="1" />
                <SequencePoint vc="1" uspid="11" ordinal="6" offset="41" sl="35" sc="13" el="35" ec="28" bec="0" bev="0" fileid="1" />
                <SequencePoint vc="1" uspid="12" ordinal="7" offset="45" sl="36" sc="9" el="36" ec="10" bec="0" bev="0" fileid="1" />
              </SequencePoints>
              <BranchPoints>
                <BranchPoint vc="2" uspid="13" ordinal="0" offset="20" sl="29" path="0" offsetend="22" fileid="1" />
                <BranchPoint vc="1" uspid="14" ordinal="1" offset="20" sl="29" path="1" offsetend="34" fileid="1" />
              </BranchPoints>
              <MethodPoint xsi:type="SequencePoint" vc="3" uspid="5" ordinal="0" offset="0" sl="27" sc="9" el="27" ec="10" bec="0" bev="0" fileid="1" />
            </Method>
            <Method visited="true" cyclomaticComplexity="1" nPathComplexity="0" sequenceCoverage="100" branchCoverage="100" isConstructor="false" isStatic="false" isGetter="false" isSetter="false">
              <Summary numSequencePoints="5" visitedSequencePoints="5" numBranchPoints="1" visitedBranchPoints="1" sequenceCoverage="100" branchCoverage="100" maxCyclomaticComplexity="1" minCyclomaticComplexity="1" visitedClasses="0" numClasses="0" visitedMethods="1" numMethods="1" />
              <MetadataToken>100663299</MetadataToken>
              <Name>System.Collections.Generic.List`1&lt;PM.Extensions.DTO.ParentTaskDto&gt; PM.Extensions.ParentTaskFacade::GetAll()</Name>
              <FileRef uid="1" />
              <SequencePoints>
                <SequencePoint vc="1" uspid="15" ordinal="0" offset="0" sl="43" sc="9" el="43" ec="10" bec="0" bev="0" fileid="1" />
                <SequencePoint vc="1" uspid="16" ordinal="1" offset="1" sl="44" sc="13" el="45" ec="55" bec="0" bev="0" fileid="1" />
                <SequencePoint vc="1" uspid="17" ordinal="2" offset="75" sl="46" sc="13" el="46" ec="67" bec="0" bev="0" fileid="1" />
                <SequencePoint vc="1" uspid="18" ordinal="3" offset="82" sl="48" sc="13" el="48" ec="29" bec="0" bev="0" fileid="1" />
                <SequencePoint vc="1" uspid="19" ordinal="4" offset="86" sl="49" sc="9" el="49" ec="10" bec="0" bev="0" fileid="1" />
              </SequencePoints>
              <BranchPoints />
              <MethodPoint xsi:type="SequencePoint" vc="1" uspid="15" ordinal="0" offset="0" sl="43" sc="9" el="43" ec="10" bec="0" bev="0" fileid="1" />
            </Method>
            <Method visited="true" cyclomaticComplexity="2" nPathComplexity="2" sequenceCoverage="100" branchCoverage="100" isConstructor="false" isStatic="false" isGetter="false" isSetter="false">
              <Summary numSequencePoints="14" visitedSequencePoints="14" numBranchPoints="3" visitedBranchPoints="3" sequenceCoverage="100" branchCoverage="100" maxCyclomaticComplexity="2" minCyclomaticComplexity="2" visitedClasses="0" numClasses="0" visitedMethods="1" numMethods="1" />
              <MetadataToken>100663300</MetadataToken>
              <Name>PM.Extensions.DTO.ParentTaskDto PM.Extensions.ParentTaskFacade::Update(PM.Extensions.DTO.ParentTaskDto)</Name>
              <FileRef uid="1" />
              <SequencePoints>
                <SequencePoint vc="2" uspid="20" ordinal="0" offset="0" sl="57" sc="9" el="57" ec="10" bec="0" bev="0" fileid="1" />
                <SequencePoint vc="2" uspid="21" ordinal="1" offset="1" sl="58" sc="13" el="58" ec="56" bec="0" bev="0" fileid="1" />
                <SequencePoint vc="2" uspid="22" ordinal="2" offset="19" sl="59" sc="13" el="59" ec="30" bec="2" bev="2" fileid="1" />
                <SequencePoint vc="1" uspid="23" ordinal="3" offset="27" sl="60" sc="13" el="60" ec="14" bec="0" bev="0" fileid="1" />
                <SequencePoint vc="1" uspid="24" ordinal="4" offset="28" sl="62" sc="17" el="62" ec="56" bec="0" bev="0" fileid="1" />
                <SequencePoint vc="1" uspid="25" ordinal="5" offset="35" sl="63" sc="17" el="63" ec="29" bec="0" bev="0" fileid="1" />
                <SequencePoint vc="1" uspid="26" ordinal="6" offset="43" sl="64" sc="17" el="64" ec="43" bec="0" bev="0" fileid="1" />
                <SequencePoint vc="1" uspid="27" ordinal="7" offset="56" sl="65" sc="13" el="65" ec="14" bec="0" bev="0" fileid="1" />
                <SequencePoint vc="1" uspid="28" ordinal="8" offset="59" sl="67" sc="13" el="67" ec="14" bec="0" bev="0" fileid="1" />
                <SequencePoint vc="1" uspid="29" ordinal="9" offset="60" sl="69" sc="17" el="69" ec="42" bec="0" bev="0" fileid="1" />
                <SequencePoint vc="1" uspid="30" ordinal="10" offset="73" sl="70" sc="13" el="70" ec="14" bec="0" bev="0" fileid="1" />
                <SequencePoint vc="2" uspid="31" ordinal="11" offset="74" sl="71" sc="13" el="71" ec="43" bec="0" bev="0" fileid="1" />
                <SequencePoint vc="2" uspid="32" ordinal="12" offset="86" sl="73" sc="13" el="73" ec="28" bec="0" bev="0" fileid="1" />
                <SequencePoint vc="2" uspid="33" ordinal="13" offset="90" sl="74" sc="9" el="74" ec="10" bec="0" bev="0" fileid="1" />
              </SequencePoints>
              <BranchPoints>
                <BranchPoint vc="1" uspid="34" ordinal="0" offset="25" sl="59" path="0" offsetend="27" fileid="1" />
                <BranchPoint vc="1" uspid="35" ordinal="1" offset="25" sl="59" path="1" offsetend="59" fileid="1" />
              </BranchPoints>
              <MethodPoint xsi:type="SequencePoint" vc="2" uspid="20" ordinal="0" offset="0" sl="57" sc="9" el="57" ec="10" bec="0" bev="0" fileid="1" />
            </Method>
          </Methods>
        </Class>
        <Class>
          <Summary numSequencePoints="0" visitedSequencePoints="0" numBranchPoints="0" visitedBranchPoints="0" sequenceCoverage="0" branchCoverage="0" maxCyclomaticComplexity="1" minCyclomaticComplexity="1" visitedClasses="0" numClasses="0" visitedMethods="0" numMethods="0" />
          <FullName>PM.Extensions.ParentTaskFacade/&lt;&gt;c</FullName>
          <Methods>
            <Method visited="false" cyclomaticComplexity="1" nPathComplexity="0" sequenceCoverage="0" branchCoverage="0" isConstructor="true" isStatic="true" isGetter="false" isSetter="false">
              <Summary numSequencePoints="0" visitedSequencePoints="0" numBranchPoints="0" visitedBranchPoints="0" sequenceCoverage="0" branchCoverage="0" maxCyclomaticComplexity="1" minCyclomaticComplexity="1" visitedClasses="0" numClasses="0" visitedMethods="0" numMethods="0" />
              <MetadataToken>100663402</MetadataToken>
              <Name>System.Void PM.Extensions.ParentTaskFacade/&lt;&gt;c::.cctor()</Name>
              <SequencePoints />
              <BranchPoints />
              <MethodPoint vc="0" uspid="36" ordinal="0" offset="0" />
            </Method>
            <Method visited="false" cyclomaticComplexity="1" nPathComplexity="0" sequenceCoverage="0" branchCoverage="0" isConstructor="true" isStatic="false" isGetter="false" isSetter="false">
              <Summary numSequencePoints="0" visitedSequencePoints="0" numBranchPoints="0" visitedBranchPoints="0" sequenceCoverage="0" branchCoverage="0" maxCyclomaticComplexity="1" minCyclomaticComplexity="1" visitedClasses="0" numClasses="0" visitedMethods="0" numMethods="0" />
              <MetadataToken>100663403</MetadataToken>
              <Name>System.Void PM.Extensions.ParentTaskFacade/&lt;&gt;c::.ctor()</Name>
              <SequencePoints />
              <BranchPoints />
              <MethodPoint vc="0" uspid="37" ordinal="0" offset="0" />
            </Method>
          </Methods>
        </Class>
        <Class>
          <Summary numSequencePoints="67" visitedSequencePoints="67" numBranchPoints="23" visitedBranchPoints="22" sequenceCoverage="100" branchCoverage="95.65" maxCyclomaticComplexity="5" minCyclomaticComplexity="1" visitedClasses="1" numClasses="1" visitedMethods="7" numMethods="7" />
          <FullName>PM.Extensions.ProjectFacade</FullName>
          <Methods>
            <Method visited="true" cyclomaticComplexity="1" nPathComplexity="0" sequenceCoverage="100" branchCoverage="100" isConstructor="true" isStatic="false" isGetter="false" isSetter="false">
              <Summary numSequencePoints="4" visitedSequencePoints="4" numBranchPoints="1" visitedBranchPoints="1" sequenceCoverage="100" branchCoverage="100" maxCyclomaticComplexity="1" minCyclomaticComplexity="1" visitedClasses="0" numClasses="0" visitedMethods="1" numMethods="1" />
              <MetadataToken>100663301</MetadataToken>
              <Name>System.Void PM.Extensions.ProjectFacade::.ctor(PM.DAL.Repositories.Interface.IProjectRepository)</Name>
              <FileRef uid="2" />
              <SequencePoints>
                <SequencePoint vc="15" uspid="38" ordinal="0" offset="0" sl="19" sc="9" el="19" ec="67" bec="0" bev="0" fileid="2" />
                <SequencePoint vc="15" uspid="39" ordinal="1" offset="7" sl="20" sc="9" el="20" ec="10" bec="0" bev="0" fileid="2" />
                <SequencePoint vc="15" uspid="40" ordinal="2" offset="8" sl="21" sc="13" el="21" ec="52" bec="0" bev="0" fileid="2" />
                <SequencePoint vc="15" uspid="41" ordinal="3" offset="15" sl="22" sc="9" el="22" ec="10" bec="0" bev="0" fileid="2" />
              </SequencePoints>
              <BranchPoints />
              <MethodPoint xsi:type="SequencePoint" vc="15" uspid="38" ordinal="0" offset="0" sl="19" sc="9" el="19" ec="67" bec="0" bev="0" fileid="2" />
            </Method>
            <Method visited="true" cyclomaticComplexity="2" nPathComplexity="2" sequenceCoverage="100" branchCoverage="100" isConstructor="false" isStatic="false" isGetter="false" isSetter="false">
              <Summary numSequencePoints="8" visitedSequencePoints="8" numBranchPoints="3" visitedBranchPoints="3" sequenceCoverage="100" branchCoverage="100" maxCyclomaticComplexity="2" minCyclomaticComplexity="2" visitedClasses="0" numClasses="0" visitedMethods="1" numMethods="1" />
              <MetadataToken>100663302</MetadataToken>
              <Name>PM.Utilities.Filter.FilterResult`1&lt;PM.Extensions.DTO.ProjectDto&gt; PM.Extensions.ProjectFacade::Search(PM.Utilities.Filter.FilterState)</Name>
              <FileRef uid="2" />
              <SequencePoints>
                <SequencePoint vc="3" uspid="42" ordinal="0" offset="0" sl="25" sc="9" el="25" ec="10" bec="0" bev="0" fileid="2" />
                <SequencePoint vc="3" uspid="43" ordinal="1" offset="1" sl="26" sc="13" el="26" ec="71" bec="0" bev="0" fileid="2" />
                <SequencePoint vc="3" uspid="44" ordinal="2" offset="14" sl="28" sc="13" el="28" ec="38" bec="2" bev="2" fileid="2" />
                <SequencePoint vc="2" uspid="45" ordinal="3" offset="22" sl="29" sc="13" el="29" ec="14" bec="0" bev="0" fileid="2" />
                <SequencePoint vc="2" uspid="46" ordinal="4" offset="23" sl="30" sc="17" el="30" ec="80" bec="0" bev="0" fileid="2" />
                <SequencePoint vc="2" uspid="47" ordinal="5" offset="35" sl="31" sc="17" el="35" ec="19" bec="0" bev="0" fileid="2" />
                <SequencePoint vc="1" uspid="48" ordinal="6" offset="64" sl="38" sc="13" el="38" ec="25" bec="0" bev="0" fileid="2" />
                <SequencePoint vc="3" uspid="49" ordinal="7" offset="68" sl="39" sc="9" el="39" ec="10" bec="0" bev="0" fileid="2" />
              </SequencePoints>
              <BranchPoints>
                <BranchPoint vc="2" uspid="50" ordinal="0" offset="20" sl="28" path="0" offsetend="22" fileid="2" />
                <BranchPoint vc="1" uspid="51" ordinal="1" offset="20" sl="28" path="1" offsetend="64" fileid="2" />
              </BranchPoints>
              <MethodPoint xsi:type="SequencePoint" vc="3" uspid="42" ordinal="0" offset="0" sl="25" sc="9" el="25" ec="10" bec="0" bev="0" fileid="2" />
            </Method>
            <Method visited="true" cyclomaticComplexity="2" nPathComplexity="2" sequenceCoverage="100" branchCoverage="100" isConstructor="false" isStatic="false" isGetter="false" isSetter="false">
              <Summary numSequencePoints="8" visitedSequencePoints="8" numBranchPoints="3" visitedBranchPoints="3" sequenceCoverage="100" branchCoverage="100" maxCyclomaticComplexity="2" minCyclomaticComplexity="2" visitedClasses="0" numClasses="0" visitedMethods="1" numMethods="1" />
              <MetadataToken>100663303</MetadataToken>
              <Name>PM.Extensions.DTO.ProjectDto PM.Extensions.ProjectFacade::Get(System.Int32)</Name>
              <FileRef uid="2" />
              <SequencePoints>
                <SequencePoint vc="3" uspid="52" ordinal="0" offset="0" sl="47" sc="9" el="47" ec="10" bec="0" bev="0" fileid="2" />
                <SequencePoint vc="3" uspid="53" ordinal="1" offset="1" sl="48" sc="13" el="48" ec="54" bec="0" bev="0" fileid="2" />
                <SequencePoint vc="3" uspid="54" ordinal="2" offset="14" sl="49" sc="13" el="49" ec="33" bec="2" bev="2" fileid="2" />
                <SequencePoint vc="2" uspid="55" ordinal="3" offset="22" sl="50" sc="13" el="50" ec="14" bec="0" bev="0" fileid="2" />
                <SequencePoint vc="2" uspid="56" ordinal="4" offset="23" sl="51" sc="17" el="51" ec="77" bec="0" bev="0" fileid="2" />
                <SequencePoint vc="1" uspid="57" ordinal="5" offset="34" sl="54" sc="13" el="54" ec="62" bec="0" bev="0" fileid="2" />
                <SequencePoint vc="1" uspid="58" ordinal="6" offset="41" sl="55" sc="13" el="55" ec="31" bec="0" bev="0" fileid="2" />
                <SequencePoint vc="1" uspid="59" ordinal="7" offset="45" sl="56" sc="9" el="56" ec="10" bec="0" bev="0" fileid="2" />
              </SequencePoints>
              <BranchPoints>
                <BranchPoint vc="2" uspid="60" ordinal="0" offset="20" sl="49" path="0" offsetend="22" fileid="2" />
                <BranchPoint vc="1" uspid="61" ordinal="1" offset="20" sl="49" path="1" offsetend="34" fileid="2" />
              </BranchPoints>
              <MethodPoint xsi:type="SequencePoint" vc="3" uspid="52" ordinal="0" offset="0" sl="47" sc="9" el="47" ec="10" bec="0" bev="0" fileid="2" />
            </Method>
            <Method visited="true" cyclomaticComplexity="5" nPathComplexity="8" sequenceCoverage="100" branchCoverage="85.71" isConstructor="false" isStatic="false" isGetter="false" isSetter="false">
              <Summary numSequencePoints="12" visitedSequencePoints="12" numBranchPoints="7" visitedBranchPoints="6" sequenceCoverage="100" branchCoverage="85.71" maxCyclomaticComplexity="5" minCyclomaticComplexity="5" visitedClasses="0" numClasses="0" visitedMethods="1" numMethods="1" />
              <MetadataToken>100663304</MetadataToken>
              <Name>System.Boolean PM.Extensions.ProjectFacade::Delete(System.Int32)</Name>
              <FileRef uid="2" />
              <SequencePoints>
                <SequencePoint vc="3" uspid="62" ordinal="0" offset="0" sl="64" sc="9" el="64" ec="10" bec="0" bev="0" fileid="2" />
                <SequencePoint vc="3" uspid="63" ordinal="1" offset="1" sl="65" sc="13" el="65" ec="54" bec="0" bev="0" fileid="2" />
                <SequencePoint vc="3" uspid="64" ordinal="2" offset="14" sl="66" sc="13" el="66" ec="33" bec="2" bev="2" fileid="2" />
                <SequencePoint vc="1" uspid="65" ordinal="3" offset="22" sl="67" sc="13" el="67" ec="14" bec="0" bev="0" fileid="2" />
                <SequencePoint vc="1" uspid="66" ordinal="4" offset="23" sl="68" sc="17" el="68" ec="80" bec="0" bev="0" fileid="2" />
                <SequencePoint vc="2" uspid="67" ordinal="5" offset="34" sl="71" sc="13" el="71" ec="42" bec="4" bev="3" fileid="2" />
                <SequencePoint vc="1" uspid="68" ordinal="6" offset="59" sl="72" sc="13" el="72" ec="14" bec="0" bev="0" fileid="2" />
                <SequencePoint vc="1" uspid="69" ordinal="7" offset="60" sl="73" sc="17" el="73" ec="110" bec="0" bev="0" fileid="2" />
                <SequencePoint vc="1" uspid="70" ordinal="8" offset="71" sl="76" sc="13" el="76" ec="48" bec="0" bev="0" fileid="2" />
                <SequencePoint vc="1" uspid="71" ordinal="9" offset="84" sl="77" sc="13" el="77" ec="46" bec="0" bev="0" fileid="2" />
                <SequencePoint vc="1" uspid="72" ordinal="10" offset="96" sl="79" sc="13" el="79" ec="25" bec="0" bev="0" fileid="2" />
                <SequencePoint vc="1" uspid="73" ordinal="11" offset="100" sl="80" sc="9" el="80" ec="10" bec="0" bev="0" fileid="2" />
              </SequencePoints>
              <BranchPoints>
                <BranchPoint vc="1" uspid="74" ordinal="0" offset="20" sl="66" path="0" offsetend="22" fileid="2" />
                <BranchPoint vc="2" uspid="75" ordinal="1" offset="20" sl="66" path="1" offsetend="34" fileid="2" />
                <BranchPoint vc="0" uspid="76" ordinal="2" offset="41" sl="71" path="0" offsetend="43" fileid="2" />
                <BranchPoint vc="2" uspid="77" ordinal="3" offset="41" sl="71" path="1" offsetend="47" fileid="2" />
                <BranchPoint vc="1" uspid="78" ordinal="4" offset="57" sl="71" path="0" offsetend="59" fileid="2" />
                <BranchPoint vc="1" uspid="79" ordinal="5" offset="57" sl="71" path="1" offsetend="71" fileid="2" />
              </BranchPoints>
              <MethodPoint xsi:type="SequencePoint" vc="3" uspid="62" ordinal="0" offset="0" sl="64" sc="9" el="64" ec="10" bec="0" bev="0" fileid="2" />
            </Method>
            <Method visited="true" cyclomaticComplexity="1" nPathComplexity="0" sequenceCoverage="100" branchCoverage="100" isConstructor="false" isStatic="false" isGetter="false" isSetter="false">
              <Summary numSequencePoints="5" visitedSequencePoints="5" numBranchPoints="1" visitedBranchPoints="1" sequenceCoverage="100" branchCoverage="100" maxCyclomaticComplexity="1" minCyclomaticComplexity="1" visitedClasses="0" numClasses="0" visitedMethods="1" numMethods="1" />
              <MetadataToken>100663305</MetadataToken>
              <Name>System.Collections.Generic.List`1&lt;PM.Extensions.DTO.ProjectDto&gt; PM.Extensions.ProjectFacade::GetAll()</Name>
              <FileRef uid="2" />
              <SequencePoints>
                <SequencePoint vc="1" uspid="80" ordinal="0" offset="0" sl="87" sc="9" el="87" ec="10" bec="0" bev="0" fileid="2" />
                <SequencePoint vc="1" uspid="81" ordinal="1" offset="1" sl="88" sc="13" el="91" ec="56" bec="0" bev="0" fileid="2" />
                <SequencePoint vc="1" uspid="82" ordinal="2" offset="147" sl="93" sc="13" el="93" ec="70" bec="0" bev="0" fileid="2" />
                <SequencePoint vc="1" uspid="83" ordinal="3" offset="154" sl="95" sc="13" el="95" ec="32" bec="0" bev="0" fileid="2" />
                <SequencePoint vc="1" uspid="84" ordinal="4" offset="158" sl="96" sc="9" el="96" ec="10" bec="0" bev="0" fileid="2" />
              </SequencePoints>
              <BranchPoints />
              <MethodPoint xsi:type="SequencePoint" vc="1" uspid="80" ordinal="0" offset="0" sl="87" sc="9" el="87" ec="10" bec="0" bev="0" fileid="2" />
            </Method>
            <Method visited="true" cyclomaticComplexity="2" nPathComplexity="2" sequenceCoverage="100" branchCoverage="100" isConstructor="false" isStatic="false" isGetter="false" isSetter="false">
              <Summary numSequencePoints="17" visitedSequencePoints="17" numBranchPoints="3" visitedBranchPoints="3" sequenceCoverage="100" branchCoverage="100" maxCyclomaticComplexity="2" minCyclomaticComplexity="2" visitedClasses="0" numClasses="0" visitedMethods="1" numMethods="1" />
              <MetadataToken>100663306</MetadataToken>
              <Name>PM.Extensions.DTO.ProjectDto PM.Extensions.ProjectFacade::Update(PM.Extensions.DTO.ProjectDto)</Name>
              <FileRef uid="2" />
              <SequencePoints>
                <SequencePoint vc="2" uspid="85" ordinal="0" offset="0" sl="104" sc="9" el="104" ec="10" bec="0" bev="0" fileid="2" />
                <SequencePoint vc="2" uspid="86" ordinal="1" offset="1" sl="105" sc="13" el="105" ec="65" bec="0" bev="0" fileid="2" />
                <SequencePoint vc="2" uspid="87" ordinal="2" offset="19" sl="106" sc="13" el="106" ec="33" bec="2" bev="2" fileid="2" />
                <SequencePoint vc="1" uspid="88" ordinal="3" offset="27" sl="107" sc="13" el="107" ec="14" bec="0" bev="0" fileid="2" />
                <SequencePoint vc="1" uspid="89" ordinal="4" offset="28" sl="109" sc="17" el="109" ec="59" bec="0" bev="0" fileid="2" />
                <SequencePoint vc="1" uspid="90" ordinal="5" offset="35" sl="110" sc="17" el="110" ec="32" bec="0" bev="0" fileid="2" />
                <SequencePoint vc="1" uspid="91" ordinal="6" offset="43" sl="111" sc="17" el="111" ec="49" bec="0" bev="0" fileid="2" />
                <SequencePoint vc="1" uspid="92" ordinal="7" offset="56" sl="112" sc="13" el="112" ec="14" bec="0" bev="0" fileid="2" />
                <SequencePoint vc="1" uspid="93" ordinal="8" offset="59" sl="114" sc="13" el="114" ec="14" bec="0" bev="0" fileid="2" />
                <SequencePoint vc="1" uspid="94" ordinal="9" offset="60" sl="116" sc="17" el="116" ec="48" bec="0" bev="0" fileid="2" />
                <SequencePoint vc="1" uspid="95" ordinal="10" offset="73" sl="117" sc="17" el="117" ec="75" bec="0" bev="0" fileid="2" />
                <SequencePoint vc="1" uspid="96" ordinal="11" offset="91" sl="118" sc="17" el="118" ec="71" bec="0" bev="0" fileid="2" />
                <SequencePoint vc="1" uspid="97" ordinal="12" offset="109" sl="119" sc="17" el="119" ec="56" bec="0" bev="0" fileid="2" />
                <SequencePoint vc="1" uspid="98" ordinal="13" offset="122" sl="120" sc="13" el="120" ec="14" bec="0" bev="0" fileid="2" />
                <SequencePoint vc="2" uspid="99" ordinal="14" offset="123" sl="121" sc="13" el="121" ec="46" bec="0" bev="0" fileid="2" />
                <SequencePoint vc="2" uspid="100" ordinal="15" offset="135" sl="123" sc="13" el="123" ec="31" bec="0" bev="0" fileid="2" />
                <SequencePoint vc="2" uspid="101" ordinal="16" offset="139" sl="124" sc="9" el="124" ec="10" bec="0" bev="0" fileid="2" />
              </SequencePoints>
              <BranchPoints>
                <BranchPoint vc="1" uspid="102" ordinal="0" offset="25" sl="106" path="0" offsetend="27" fileid="2" />
                <BranchPoint vc="1" uspid="103" ordinal="1" offset="25" sl="106" path="1" offsetend="59" fileid="2" />
              </BranchPoints>
              <MethodPoint xsi:type="SequencePoint" vc="2" uspid="85" ordinal="0" offset="0" sl="104" sc="9" el="104" ec="10" bec="0" bev="0" fileid="2" />
            </Method>
            <Method visited="true" cyclomaticComplexity="3" nPathComplexity="4" sequenceCoverage="100" branchCoverage="100" isConstructor="false" isStatic="false" isGetter="false" isSetter="false">
              <Summary numSequencePoints="13" visitedSequencePoints="13" numBranchPoints="5" visitedBranchPoints="5" sequenceCoverage="100" branchCoverage="100" maxCyclomaticComplexity="3" minCyclomaticComplexity="3" visitedClasses="0" numClasses="0" visitedMethods="1" numMethods="1" />
              <MetadataToken>100663307</MetadataToken>
              <Name>System.Boolean PM.Extensions.ProjectFacade::UpdateProjectStatus(System.Int32,System.Boolean)</Name>
              <FileRef uid="2" />
              <SequencePoints>
                <SequencePoint vc="3" uspid="104" ordinal="0" offset="0" sl="133" sc="9" el="133" ec="10" bec="0" bev="0" fileid="2" />
                <SequencePoint vc="3" uspid="105" ordinal="1" offset="1" sl="134" sc="13" el="134" ec="61" bec="0" bev="0" fileid="2" />
                <SequencePoint vc="3" uspid="106" ordinal="2" offset="14" sl="135" sc="13" el="135" ec="33" bec="2" bev="2" fileid="2" />
                <SequencePoint vc="1" uspid="107" ordinal="3" offset="22" sl="136" sc="13" el="136" ec="14" bec="0" bev="0" fileid="2" />
                <SequencePoint vc="1" uspid="108" ordinal="4" offset="23" sl="137" sc="17" el="137" ec="80" bec="0" bev="0" fileid="2" />
                <SequencePoint vc="2" uspid="109" ordinal="5" offset="34" sl="140" sc="13" el="140" ec="14" bec="0" bev="0" fileid="2" />
                <SequencePoint vc="2" uspid="110" ordinal="6" offset="35" sl="141" sc="17" el="141" ec="56" bec="2" bev="2" fileid="2" />
                <SequencePoint vc="1" uspid="111" ordinal="7" offset="48" sl="141" sc="57" el="141" ec="130" bec="0" bev="0" fileid="2" />
                <SequencePoint vc="1" uspid="112" ordinal="8" offset="59" sl="143" sc="17" el="143" ec="51" bec="0" bev="0" fileid="2" />
                <SequencePoint vc="1" uspid="113" ordinal="9" offset="67" sl="144" sc="13" el="144" ec="14" bec="0" bev="0" fileid="2" />
                <SequencePoint vc="1" uspid="114" ordinal="10" offset="68" sl="145" sc="13" el="145" ec="46" bec="0" bev="0" fileid="2" />
                <SequencePoint vc="1" uspid="115" ordinal="11" offset="80" sl="147" sc="13" el="147" ec="25" bec="0" bev="0" fileid="2" />
                <SequencePoint vc="1" uspid="116" ordinal="12" offset="84" sl="148" sc="9" el="148" ec="10" bec="0" bev="0" fileid="2" />
              </SequencePoints>
              <BranchPoints>
                <BranchPoint vc="1" uspid="117" ordinal="0" offset="20" sl="135" path="0" offsetend="22" fileid="2" />
                <BranchPoint vc="2" uspid="118" ordinal="1" offset="20" sl="135" path="1" offsetend="34" fileid="2" />
                <BranchPoint vc="1" uspid="119" ordinal="2" offset="46" sl="141" path="0" offsetend="48" fileid="2" />
                <BranchPoint vc="1" uspid="120" ordinal="3" offset="46" sl="141" path="1" offsetend="59" fileid="2" />
              </BranchPoints>
              <MethodPoint xsi:type="SequencePoint" vc="3" uspid="104" ordinal="0" offset="0" sl="133" sc="9" el="133" ec="10" bec="0" bev="0" fileid="2" />
            </Method>
          </Methods>
        </Class>
        <Class>
          <Summary numSequencePoints="0" visitedSequencePoints="0" numBranchPoints="0" visitedBranchPoints="0" sequenceCoverage="0" branchCoverage="0" maxCyclomaticComplexity="1" minCyclomaticComplexity="1" visitedClasses="0" numClasses="0" visitedMethods="0" numMethods="0" />
          <FullName>PM.Extensions.ProjectFacade/&lt;&gt;c</FullName>
          <Methods>
            <Method visited="false" cyclomaticComplexity="1" nPathComplexity="0" sequenceCoverage="0" branchCoverage="0" isConstructor="true" isStatic="true" isGetter="false" isSetter="false">
              <Summary numSequencePoints="0" visitedSequencePoints="0" numBranchPoints="0" visitedBranchPoints="0" sequenceCoverage="0" branchCoverage="0" maxCyclomaticComplexity="1" minCyclomaticComplexity="1" visitedClasses="0" numClasses="0" visitedMethods="0" numMethods="0" />
              <MetadataToken>100663404</MetadataToken>
              <Name>System.Void PM.Extensions.ProjectFacade/&lt;&gt;c::.cctor()</Name>
              <SequencePoints />
              <BranchPoints />
              <MethodPoint vc="0" uspid="121" ordinal="0" offset="0" />
            </Method>
            <Method visited="false" cyclomaticComplexity="1" nPathComplexity="0" sequenceCoverage="0" branchCoverage="0" isConstructor="true" isStatic="false" isGetter="false" isSetter="false">
              <Summary numSequencePoints="0" visitedSequencePoints="0" numBranchPoints="0" visitedBranchPoints="0" sequenceCoverage="0" branchCoverage="0" maxCyclomaticComplexity="1" minCyclomaticComplexity="1" visitedClasses="0" numClasses="0" visitedMethods="0" numMethods="0" />
              <MetadataToken>100663405</MetadataToken>
              <Name>System.Void PM.Extensions.ProjectFacade/&lt;&gt;c::.ctor()</Name>
              <SequencePoints />
              <BranchPoints />
              <MethodPoint vc="0" uspid="122" ordinal="0" offset="0" />
            </Method>
          </Methods>
        </Class>
        <Class>
          <Summary numSequencePoints="67" visitedSequencePoints="67" numBranchPoints="19" visitedBranchPoints="19" sequenceCoverage="100" branchCoverage="100" maxCyclomaticComplexity="3" minCyclomaticComplexity="1" visitedClasses="1" numClasses="1" visitedMethods="7" numMethods="7" />
          <FullName>PM.Extensions.TaskFacade</FullName>
          <Methods>
            <Method visited="true" cyclomaticComplexity="1" nPathComplexity="0" sequenceCoverage="100" branchCoverage="100" isConstructor="true" isStatic="false" isGetter="false" isSetter="false">
              <Summary numSequencePoints="4" visitedSequencePoints="4" numBranchPoints="1" visitedBranchPoints="1" sequenceCoverage="100" branchCoverage="100" maxCyclomaticComplexity="1" minCyclomaticComplexity="1" visitedClasses="0" numClasses="0" visitedMethods="1" numMethods="1" />
              <MetadataToken>100663308</MetadataToken>
              <Name>System.Void PM.Extensions.TaskFacade::.ctor(PM.DAL.Repositories.Interface.ITaskRepository)</Name>
              <FileRef uid="3" />
              <SequencePoints>
                <SequencePoint vc="13" uspid="123" ordinal="0" offset="0" sl="19" sc="9" el="19" ec="58" bec="0" bev="0" fileid="3" />
                <SequencePoint vc="13" uspid="124" ordinal="1" offset="7" sl="20" sc="9" el="20" ec="10" bec="0" bev="0" fileid="3" />
                <SequencePoint vc="13" uspid="125" ordinal="2" offset="8" sl="21" sc="13" el="21" ec="46" bec="0" bev="0" fileid="3" />
                <SequencePoint vc="13" uspid="126" ordinal="3" offset="15" sl="22" sc="9" el="22" ec="10" bec="0" bev="0" fileid="3" />
              </SequencePoints>
              <BranchPoints />
              <MethodPoint xsi:type="SequencePoint" vc="13" uspid="123" ordinal="0" offset="0" sl="19" sc="9" el="19" ec="58" bec="0" bev="0" fileid="3" />
            </Method>
            <Method visited="true" cyclomaticComplexity="2" nPathComplexity="2" sequenceCoverage="100" branchCoverage="100" isConstructor="false" isStatic="false" isGetter="false" isSetter="false">
              <Summary numSequencePoints="8" visitedSequencePoints="8" numBranchPoints="3" visitedBranchPoints="3" sequenceCoverage="100" branchCoverage="100" maxCyclomaticComplexity="2" minCyclomaticComplexity="2" visitedClasses="0" numClasses="0" visitedMethods="1" numMethods="1" />
              <MetadataToken>100663309</MetadataToken>
              <Name>PM.Utilities.Filter.FilterResult`1&lt;PM.Extensions.DTO.TaskDto&gt; PM.Extensions.TaskFacade::Search(PM.Utilities.Filter.FilterState)</Name>
              <FileRef uid="3" />
              <SequencePoints>
                <SequencePoint vc="2" uspid="127" ordinal="0" offset="0" sl="25" sc="9" el="25" ec="10" bec="0" bev="0" fileid="3" />
                <SequencePoint vc="2" uspid="128" ordinal="1" offset="1" sl="26" sc="13" el="26" ec="68" bec="0" bev="0" fileid="3" />
                <SequencePoint vc="2" uspid="129" ordinal="2" offset="14" sl="28" sc="13" el="28" ec="38" bec="2" bev="2" fileid="3" />
                <SequencePoint vc="1" uspid="130" ordinal="3" offset="22" sl="29" sc="13" el="29" ec="14" bec="0" bev="0" fileid="3" />
                <SequencePoint vc="1" uspid="131" ordinal="4" offset="23" sl="30" sc="17" el="30" ec="74" bec="0" bev="0" fileid="3" />
                <SequencePoint vc="1" uspid="132" ordinal="5" offset="35" sl="31" sc="17" el="35" ec="19" bec="0" bev="0" fileid="3" />
                <SequencePoint vc="1" uspid="133" ordinal="6" offset="64" sl="38" sc="13" el="38" ec="25" bec="0" bev="0" fileid="3" />
                <SequencePoint vc="2" uspid="134" ordinal="7" offset="68" sl="39" sc="9" el="39" ec="10" bec="0" bev="0" fileid="3" />
              </SequencePoints>
              <BranchPoints>
                <BranchPoint vc="1" uspid="135" ordinal="0" offset="20" sl="28" path="0" offsetend="22" fileid="3" />
                <BranchPoint vc="1" uspid="136" ordinal="1" offset="20" sl="28" path="1" offsetend="64" fileid="3" />
              </BranchPoints>
              <MethodPoint xsi:type="SequencePoint" vc="2" uspid="127" ordinal="0" offset="0" sl="25" sc="9" el="25" ec="10" bec="0" bev="0" fileid="3" />
            </Method>
            <Method visited="true" cyclomaticComplexity="2" nPathComplexity="2" sequenceCoverage="100" branchCoverage="100" isConstructor="false" isStatic="false" isGetter="false" isSetter="false">
              <Summary numSequencePoints="8" visitedSequencePoints="8" numBranchPoints="3" visitedBranchPoints="3" sequenceCoverage="100" branchCoverage="100" maxCyclomaticComplexity="2" minCyclomaticComplexity="2" visitedClasses="0" numClasses="0" visitedMethods="1" numMethods="1" />
              <MetadataToken>100663310</MetadataToken>
              <Name>PM.Extensions.DTO.TaskDto PM.Extensions.TaskFacade::Get(System.Int32)</Name>
              <FileRef uid="3" />
              <SequencePoints>
                <SequencePoint vc="3" uspid="137" ordinal="0" offset="0" sl="47" sc="9" el="47" ec="10" bec="0" bev="0" fileid="3" />
                <SequencePoint vc="3" uspid="138" ordinal="1" offset="1" sl="48" sc="13" el="48" ec="48" bec="0" bev="0" fileid="3" />
                <SequencePoint vc="3" uspid="139" ordinal="2" offset="14" sl="49" sc="13" el="49" ec="30" bec="2" bev="2" fileid="3" />
                <SequencePoint vc="2" uspid="140" ordinal="3" offset="22" sl="50" sc="13" el="50" ec="14" bec="0" bev="0" fileid="3" />
                <SequencePoint vc="2" uspid="141" ordinal="4" offset="23" sl="51" sc="17" el="51" ec="77" bec="0" bev="0" fileid="3" />
                <SequencePoint vc="1" uspid="142" ordinal="5" offset="34" sl="54" sc="13" el="54" ec="53" bec="0" bev="0" fileid="3" />
                <SequencePoint vc="1" uspid="143" ordinal="6" offset="41" sl="55" sc="13" el="55" ec="28" bec="0" bev="0" fileid="3" />
                <SequencePoint vc="1" uspid="144" ordinal="7" offset="45" sl="56" sc="9" el="56" ec="10" bec="0" bev="0" fileid="3" />
              </SequencePoints>
              <BranchPoints>
                <BranchPoint vc="2" uspid="145" ordinal="0" offset="20" sl="49" path="0" offsetend="22" fileid="3" />
                <BranchPoint vc="1" uspid="146" ordinal="1" offset="20" sl="49" path="1" offsetend="34" fileid="3" />
              </BranchPoints>
              <MethodPoint xsi:type="SequencePoint" vc="3" uspid="137" ordinal="0" offset="0" sl="47" sc="9" el="47" ec="10" bec="0" bev="0" fileid="3" />
            </Method>
            <Method visited="true" cyclomaticComplexity="2" nPathComplexity="2" sequenceCoverage="100" branchCoverage="100" isConstructor="false" isStatic="false" isGetter="false" isSetter="false">
              <Summary numSequencePoints="9" visitedSequencePoints="9" numBranchPoints="3" visitedBranchPoints="3" sequenceCoverage="100" branchCoverage="100" maxCyclomaticComplexity="2" minCyclomaticComplexity="2" visitedClasses="0" numClasses="0" visitedMethods="1" numMethods="1" />
              <MetadataToken>100663311</MetadataToken>
              <Name>System.Boolean PM.Extensions.TaskFacade::Delete(System.Int32)</Name>
              <FileRef uid="3" />
              <SequencePoints>
                <SequencePoint vc="2" uspid="147" ordinal="0" offset="0" sl="64" sc="9" el="64" ec="10" bec="0" bev="0" fileid="3" />
                <SequencePoint vc="2" uspid="148" ordinal="1" offset="1" sl="65" sc="13" el="65" ec="48" bec="0" bev="0" fileid="3" />
                <SequencePoint vc="2" uspid="149" ordinal="2" offset="14" sl="66" sc="13" el="66" ec="30" bec="2" bev="2" fileid="3" />
                <SequencePoint vc="1" uspid="150" ordinal="3" offset="22" sl="67" sc="13" el="67" ec="14" bec="0" bev="0" fileid="3" />
                <SequencePoint vc="1" uspid="151" ordinal="4" offset="23" sl="68" sc="17" el="68" ec="101" bec="0" bev="0" fileid="3" />
                <SequencePoint vc="1" uspid="152" ordinal="5" offset="34" sl="71" sc="13" el="71" ec="42" bec="0" bev="0" fileid="3" />
                <SequencePoint vc="1" uspid="153" ordinal="6" offset="47" sl="72" sc="13" el="72" ec="43" bec="0" bev="0" fileid="3" />
                <SequencePoint vc="1" uspid="154" ordinal="7" offset="59" sl="74" sc="13" el="74" ec="25" bec="0" bev="0" fileid="3" />
                <SequencePoint vc="1" uspid="155" ordinal="8" offset="63" sl="75" sc="9" el="75" ec="10" bec="0" bev="0" fileid="3" />
              </SequencePoints>
              <BranchPoints>
                <BranchPoint vc="1" uspid="156" ordinal="0" offset="20" sl="66" path="0" offsetend="22" fileid="3" />
                <BranchPoint vc="1" uspid="157" ordinal="1" offset="20" sl="66" path="1" offsetend="34" fileid="3" />
              </BranchPoints>
              <MethodPoint xsi:type="SequencePoint" vc="2" uspid="147" ordinal="0" offset="0" sl="64" sc="9" el="64" ec="10" bec="0" bev="0" fileid="3" />
            </Method>
            <Method visited="true" cyclomaticComplexity="1" nPathComplexity="0" sequenceCoverage="100" branchCoverage="100" isConstructor="false" isStatic="false" isGetter="false" isSetter="false">
              <Summary numSequencePoints="5" visitedSequencePoints="5" numBranchPoints="1" visitedBranchPoints="1" sequenceCoverage="100" branchCoverage="100" maxCyclomaticComplexity="1" minCyclomaticComplexity="1" visitedClasses="0" numClasses="0" visitedMethods="1" numMethods="1" />
              <MetadataToken>100663312</MetadataToken>
              <Name>System.Collections.Generic.List`1&lt;PM.Extensions.DTO.TaskDto&gt; PM.Extensions.TaskFacade::GetAll()</Name>
              <FileRef uid="3" />
              <SequencePoints>
                <SequencePoint vc="1" uspid="158" ordinal="0" offset="0" sl="82" sc="9" el="82" ec="10" bec="0" bev="0" fileid="3" />
                <SequencePoint vc="1" uspid="159" ordinal="1" offset="1" sl="83" sc="13" el="84" ec="70" bec="0" bev="0" fileid="3" />
                <SequencePoint vc="1" uspid="160" ordinal="2" offset="75" sl="86" sc="13" el="86" ec="61" bec="0" bev="0" fileid="3" />
                <SequencePoint vc="1" uspid="161" ordinal="3" offset="82" sl="88" sc="13" el="88" ec="29" bec="0" bev="0" fileid="3" />
                <SequencePoint vc="1" uspid="162" ordinal="4" offset="86" sl="89" sc="9" el="89" ec="10" bec="0" bev="0" fileid="3" />
              </SequencePoints>
              <BranchPoints />
              <MethodPoint xsi:type="SequencePoint" vc="1" uspid="158" ordinal="0" offset="0" sl="82" sc="9" el="82" ec="10" bec="0" bev="0" fileid="3" />
            </Method>
            <Method visited="true" cyclomaticComplexity="2" nPathComplexity="2" sequenceCoverage="100" branchCoverage="100" isConstructor="false" isStatic="false" isGetter="false" isSetter="false">
              <Summary numSequencePoints="19" visitedSequencePoints="19" numBranchPoints="3" visitedBranchPoints="3" sequenceCoverage="100" branchCoverage="100" maxCyclomaticComplexity="2" minCyclomaticComplexity="2" visitedClasses="0" numClasses="0" visitedMethods="1" numMethods="1" />
              <MetadataToken>100663313</MetadataToken>
              <Name>PM.Extensions.DTO.TaskDto PM.Extensions.TaskFacade::Update(PM.Extensions.DTO.TaskDto)</Name>
              <FileRef uid="3" />
              <SequencePoints>
                <SequencePoint vc="2" uspid="163" ordinal="0" offset="0" sl="97" sc="9" el="97" ec="10" bec="0" bev="0" fileid="3" />
                <SequencePoint vc="2" uspid="164" ordinal="1" offset="1" sl="98" sc="13" el="98" ec="56" bec="0" bev="0" fileid="3" />
                <SequencePoint vc="2" uspid="165" ordinal="2" offset="19" sl="99" sc="13" el="99" ec="30" bec="2" bev="2" fileid="3" />
                <SequencePoint vc="1" uspid="166" ordinal="3" offset="27" sl="100" sc="13" el="100" ec="14" bec="0" bev="0" fileid="3" />
                <SequencePoint vc="1" uspid="167" ordinal="4" offset="28" sl="102" sc="17" el="102" ec="50" bec="0" bev="0" fileid="3" />
                <SequencePoint vc="1" uspid="168" ordinal="5" offset="35" sl="103" sc="17" el="103" ec="29" bec="0" bev="0" fileid="3" />
                <SequencePoint vc="1" uspid="169" ordinal="6" offset="43" sl="104" sc="17" el="104" ec="64" bec="0" bev="0" fileid="3" />
                <SequencePoint vc="1" uspid="170" ordinal="7" offset="51" sl="105" sc="17" el="105" ec="43" bec="0" bev="0" fileid="3" />
                <SequencePoint vc="1" uspid="171" ordinal="8" offset="64" sl="106" sc="13" el="106" ec="14" bec="0" bev="0" fileid="3" />
                <SequencePoint vc="1" uspid="172" ordinal="9" offset="67" sl="108" sc="13" el="108" ec="14" bec="0" bev="0" fileid="3" />
                <SequencePoint vc="1" uspid="173" ordinal="10" offset="68" sl="110" sc="17" el="110" ec="42" bec="0" bev="0" fileid="3" />
                <SequencePoint vc="1" uspid="174" ordinal="11" offset="81" sl="111" sc="17" el="111" ec="69" bec="0" bev="0" fileid="3" />
                <SequencePoint vc="1" uspid="175" ordinal="12" offset="99" sl="112" sc="17" el="112" ec="65" bec="0" bev="0" fileid="3" />
                <SequencePoint vc="1" uspid="176" ordinal="13" offset="117" sl="113" sc="17" el="113" ec="58" bec="0" bev="0" fileid="3" />
                <SequencePoint vc="1" uspid="177" ordinal="14" offset="130" sl="114" sc="17" el="114" ec="50" bec="0" bev="0" fileid="3" />
                <SequencePoint vc="1" uspid="178" ordinal="15" offset="143" sl="115" sc="13" el="115" ec="14" bec="0" bev="0" fileid="3" />
                <SequencePoint vc="2" uspid="179" ordinal="16" offset="144" sl="116" sc="13" el="116" ec="43" bec="0" bev="0" fileid="3" />
                <SequencePoint vc="2" uspid="180" ordinal="17" offset="156" sl="118" sc="13" el="118" ec="28" bec="0" bev="0" fileid="3" />
                <SequencePoint vc="2" uspid="181" ordinal="18" offset="160" sl="119" sc="9" el="119" ec="10" bec="0" bev="0" fileid="3" />
              </SequencePoints>
              <BranchPoints>
                <BranchPoint vc="1" uspid="182" ordinal="0" offset="25" sl="99" path="0" offsetend="27" fileid="3" />
                <BranchPoint vc="1" uspid="183" ordinal="1" offset="25" sl="99" path="1" offsetend="67" fileid="3" />
              </BranchPoints>
              <MethodPoint xsi:type="SequencePoint" vc="2" uspid="163" ordinal="0" offset="0" sl="97" sc="9" el="97" ec="10" bec="0" bev="0" fileid="3" />
            </Method>
            <Method visited="true" cyclomaticComplexity="3" nPathComplexity="4" sequenceCoverage="100" branchCoverage="100" isConstructor="false" isStatic="false" isGetter="false" isSetter="false">
              <Summary numSequencePoints="14" visitedSequencePoints="14" numBranchPoints="5" visitedBranchPoints="5" sequenceCoverage="100" branchCoverage="100" maxCyclomaticComplexity="3" minCyclomaticComplexity="3" visitedClasses="0" numClasses="0" visitedMethods="1" numMethods="1" />
              <MetadataToken>100663314</MetadataToken>
              <Name>System.Boolean PM.Extensions.TaskFacade::UpdateTaskStatus(System.Int32,System.Int32)</Name>
              <FileRef uid="3" />
              <SequencePoints>
                <SequencePoint vc="3" uspid="184" ordinal="0" offset="0" sl="128" sc="9" el="128" ec="10" bec="0" bev="0" fileid="3" />
                <SequencePoint vc="3" uspid="185" ordinal="1" offset="1" sl="129" sc="13" el="129" ec="52" bec="0" bev="0" fileid="3" />
                <SequencePoint vc="3" uspid="186" ordinal="2" offset="14" sl="130" sc="13" el="130" ec="30" bec="2" bev="2" fileid="3" />
                <SequencePoint vc="1" uspid="187" ordinal="3" offset="22" sl="131" sc="13" el="131" ec="14" bec="0" bev="0" fileid="3" />
                <SequencePoint vc="1" uspid="188" ordinal="4" offset="23" sl="132" sc="17" el="132" ec="77" bec="0" bev="0" fileid="3" />
                <SequencePoint vc="2" uspid="189" ordinal="5" offset="34" sl="135" sc="13" el="135" ec="14" bec="0" bev="0" fileid="3" />
                <SequencePoint vc="2" uspid="190" ordinal="6" offset="35" sl="136" sc="17" el="136" ec="47" bec="2" bev="2" fileid="3" />
                <SequencePoint vc="1" uspid="191" ordinal="7" offset="48" sl="136" sc="48" el="136" ec="121" bec="0" bev="0" fileid="3" />
                <SequencePoint vc="1" uspid="192" ordinal="8" offset="59" sl="138" sc="17" el="138" ec="103" bec="0" bev="0" fileid="3" />
                <SequencePoint vc="1" uspid="193" ordinal="9" offset="74" sl="139" sc="17" el="139" ec="53" bec="0" bev="0" fileid="3" />
                <SequencePoint vc="1" uspid="194" ordinal="10" offset="82" sl="140" sc="13" el="140" ec="14" bec="0" bev="0" fileid="3" />
                <SequencePoint vc="1" uspid="195" ordinal="11" offset="83" sl="141" sc="13" el="141" ec="43" bec="0" bev="0" fileid="3" />
                <SequencePoint vc="1" uspid="196" ordinal="12" offset="95" sl="142" sc="13" el="142" ec="25" bec="0" bev="0" fileid="3" />
                <SequencePoint vc="1" uspid="197" ordinal="13" offset="100" sl="143" sc="9" el="143" ec="10" bec="0" bev="0" fileid="3" />
              </SequencePoints>
              <BranchPoints>
                <BranchPoint vc="1" uspid="198" ordinal="0" offset="20" sl="130" path="0" offsetend="22" fileid="3" />
                <BranchPoint vc="2" uspid="199" ordinal="1" offset="20" sl="130" path="1" offsetend="34" fileid="3" />
                <BranchPoint vc="1" uspid="200" ordinal="2" offset="46" sl="136" path="0" offsetend="48" fileid="3" />
                <BranchPoint vc="1" uspid="201" ordinal="3" offset="46" sl="136" path="1" offsetend="59" fileid="3" />
              </BranchPoints>
              <MethodPoint xsi:type="SequencePoint" vc="3" uspid="184" ordinal="0" offset="0" sl="128" sc="9" el="128" ec="10" bec="0" bev="0" fileid="3" />
            </Method>
          </Methods>
        </Class>
        <Class>
          <Summary numSequencePoints="0" visitedSequencePoints="0" numBranchPoints="0" visitedBranchPoints="0" sequenceCoverage="0" branchCoverage="0" maxCyclomaticComplexity="1" minCyclomaticComplexity="1" visitedClasses="0" numClasses="0" visitedMethods="0" numMethods="0" />
          <FullName>PM.Extensions.TaskFacade/&lt;&gt;c</FullName>
          <Methods>
            <Method visited="false" cyclomaticComplexity="1" nPathComplexity="0" sequenceCoverage="0" branchCoverage="0" isConstructor="true" isStatic="true" isGetter="false" isSetter="false">
              <Summary numSequencePoints="0" visitedSequencePoints="0" numBranchPoints="0" visitedBranchPoints="0" sequenceCoverage="0" branchCoverage="0" maxCyclomaticComplexity="1" minCyclomaticComplexity="1" visitedClasses="0" numClasses="0" visitedMethods="0" numMethods="0" />
              <MetadataToken>100663406</MetadataToken>
              <Name>System.Void PM.Extensions.TaskFacade/&lt;&gt;c::.cctor()</Name>
              <SequencePoints />
              <BranchPoints />
              <MethodPoint vc="0" uspid="202" ordinal="0" offset="0" />
            </Method>
            <Method visited="false" cyclomaticComplexity="1" nPathComplexity="0" sequenceCoverage="0" branchCoverage="0" isConstructor="true" isStatic="false" isGetter="false" isSetter="false">
              <Summary numSequencePoints="0" visitedSequencePoints="0" numBranchPoints="0" visitedBranchPoints="0" sequenceCoverage="0" branchCoverage="0" maxCyclomaticComplexity="1" minCyclomaticComplexity="1" visitedClasses="0" numClasses="0" visitedMethods="0" numMethods="0" />
              <MetadataToken>100663407</MetadataToken>
              <Name>System.Void PM.Extensions.TaskFacade/&lt;&gt;c::.ctor()</Name>
              <SequencePoints />
              <BranchPoints />
              <MethodPoint vc="0" uspid="203" ordinal="0" offset="0" />
            </Method>
          </Methods>
        </Class>
        <Class>
          <Summary numSequencePoints="58" visitedSequencePoints="58" numBranchPoints="20" visitedBranchPoints="20" sequenceCoverage="100" branchCoverage="100" maxCyclomaticComplexity="4" minCyclomaticComplexity="1" visitedClasses="1" numClasses="1" visitedMethods="6" numMethods="6" />
          <FullName>PM.Extensions.UserFacade</FullName>
          <Methods>
            <Method visited="true" cyclomaticComplexity="1" nPathComplexity="0" sequenceCoverage="100" branchCoverage="100" isConstructor="true" isStatic="false" isGetter="false" isSetter="false">
              <Summary numSequencePoints="4" visitedSequencePoints="4" numBranchPoints="1" visitedBranchPoints="1" sequenceCoverage="100" branchCoverage="100" maxCyclomaticComplexity="1" minCyclomaticComplexity="1" visitedClasses="0" numClasses="0" visitedMethods="1" numMethods="1" />
              <MetadataToken>100663315</MetadataToken>
              <Name>System.Void PM.Extensions.UserFacade::.ctor(PM.DAL.Repositories.Interface.IUserRepository)</Name>
              <FileRef uid="4" />
              <SequencePoints>
                <SequencePoint vc="13" uspid="204" ordinal="0" offset="0" sl="18" sc="9" el="18" ec="58" bec="0" bev="0" fileid="4" />
                <SequencePoint vc="13" uspid="205" ordinal="1" offset="7" sl="19" sc="9" el="19" ec="10" bec="0" bev="0" fileid="4" />
                <SequencePoint vc="13" uspid="206" ordinal="2" offset="8" sl="20" sc="13" el="20" ec="46" bec="0" bev="0" fileid="4" />
                <SequencePoint vc="13" uspid="207" ordinal="3" offset="15" sl="21" sc="9" el="21" ec="10" bec="0" bev="0" fileid="4" />
              </SequencePoints>
              <BranchPoints />
              <MethodPoint xsi:type="SequencePoint" vc="13" uspid="204" ordinal="0" offset="0" sl="18" sc="9" el="18" ec="58" bec="0" bev="0" fileid="4" />
            </Method>
            <Method visited="true" cyclomaticComplexity="2" nPathComplexity="2" sequenceCoverage="100" branchCoverage="100" isConstructor="false" isStatic="false" isGetter="false" isSetter="false">
              <Summary numSequencePoints="8" visitedSequencePoints="8" numBranchPoints="3" visitedBranchPoints="3" sequenceCoverage="100" branchCoverage="100" maxCyclomaticComplexity="2" minCyclomaticComplexity="2" visitedClasses="0" numClasses="0" visitedMethods="1" numMethods="1" />
              <MetadataToken>100663316</MetadataToken>
              <Name>PM.Utilities.Filter.FilterResult`1&lt;PM.Extensions.DTO.UserDto&gt; PM.Extensions.UserFacade::Search(PM.Utilities.Filter.FilterState)</Name>
              <FileRef uid="4" />
              <SequencePoints>
                <SequencePoint vc="2" uspid="208" ordinal="0" offset="0" sl="24" sc="9" el="24" ec="10" bec="0" bev="0" fileid="4" />
                <SequencePoint vc="2" uspid="209" ordinal="1" offset="1" sl="25" sc="13" el="25" ec="68" bec="0" bev="0" fileid="4" />
                <SequencePoint vc="2" uspid="210" ordinal="2" offset="14" sl="27" sc="13" el="27" ec="38" bec="2" bev="2" fileid="4" />
                <SequencePoint vc="1" uspid="211" ordinal="3" offset="22" sl="28" sc="13" el="28" ec="14" bec="0" bev="0" fileid="4" />
                <SequencePoint vc="1" uspid="212" ordinal="4" offset="23" sl="29" sc="17" el="29" ec="74" bec="0" bev="0" fileid="4" />
                <SequencePoint vc="1" uspid="213" ordinal="5" offset="35" sl="30" sc="17" el="34" ec="19" bec="0" bev="0" fileid="4" />
                <SequencePoint vc="1" uspid="214" ordinal="6" offset="64" sl="37" sc="13" el="37" ec="25" bec="0" bev="0" fileid="4" />
                <SequencePoint vc="2" uspid="215" ordinal="7" offset="68" sl="38" sc="9" el="38" ec="10" bec="0" bev="0" fileid="4" />
              </SequencePoints>
              <BranchPoints>
                <BranchPoint vc="1" uspid="216" ordinal="0" offset="20" sl="27" path="0" offsetend="22" fileid="4" />
                <BranchPoint vc="1" uspid="217" ordinal="1" offset="20" sl="27" path="1" offsetend="64" fileid="4" />
              </BranchPoints>
              <MethodPoint xsi:type="SequencePoint" vc="2" uspid="208" ordinal="0" offset="0" sl="24" sc="9" el="24" ec="10" bec="0" bev="0" fileid="4" />
            </Method>
            <Method visited="true" cyclomaticComplexity="2" nPathComplexity="2" sequenceCoverage="100" branchCoverage="100" isConstructor="false" isStatic="false" isGetter="false" isSetter="false">
              <Summary numSequencePoints="8" visitedSequencePoints="8" numBranchPoints="3" visitedBranchPoints="3" sequenceCoverage="100" branchCoverage="100" maxCyclomaticComplexity="2" minCyclomaticComplexity="2" visitedClasses="0" numClasses="0" visitedMethods="1" numMethods="1" />
              <MetadataToken>100663317</MetadataToken>
              <Name>PM.Extensions.DTO.UserDto PM.Extensions.UserFacade::Get(System.Int32)</Name>
              <FileRef uid="4" />
              <SequencePoints>
                <SequencePoint vc="3" uspid="218" ordinal="0" offset="0" sl="46" sc="9" el="46" ec="10" bec="0" bev="0" fileid="4" />
                <SequencePoint vc="3" uspid="219" ordinal="1" offset="1" sl="47" sc="13" el="47" ec="48" bec="0" bev="0" fileid="4" />
                <SequencePoint vc="3" uspid="220" ordinal="2" offset="14" sl="48" sc="13" el="48" ec="30" bec="2" bev="2" fileid="4" />
                <SequencePoint vc="2" uspid="221" ordinal="3" offset="22" sl="49" sc="13" el="49" ec="14" bec="0" bev="0" fileid="4" />
                <SequencePoint vc="2" uspid="222" ordinal="4" offset="23" sl="50" sc="17" el="50" ec="77" bec="0" bev="0" fileid="4" />
                <SequencePoint vc="1" uspid="223" ordinal="5" offset="34" sl="53" sc="13" el="53" ec="53" bec="0" bev="0" fileid="4" />
                <SequencePoint vc="1" uspid="224" ordinal="6" offset="41" sl="54" sc="13" el="54" ec="28" bec="0" bev="0" fileid="4" />
                <SequencePoint vc="1" uspid="225" ordinal="7" offset="45" sl="55" sc="9" el="55" ec="10" bec="0" bev="0" fileid="4" />
              </SequencePoints>
              <BranchPoints>
                <BranchPoint vc="2" uspid="226" ordinal="0" offset="20" sl="48" path="0" offsetend="22" fileid="4" />
                <BranchPoint vc="1" uspid="227" ordinal="1" offset="20" sl="48" path="1" offsetend="34" fileid="4" />
              </BranchPoints>
              <MethodPoint xsi:type="SequencePoint" vc="3" uspid="218" ordinal="0" offset="0" sl="46" sc="9" el="46" ec="10" bec="0" bev="0" fileid="4" />
            </Method>
            <Method visited="true" cyclomaticComplexity="4" nPathComplexity="8" sequenceCoverage="100" branchCoverage="100" isConstructor="false" isStatic="false" isGetter="false" isSetter="false">
              <Summary numSequencePoints="15" visitedSequencePoints="15" numBranchPoints="7" visitedBranchPoints="7" sequenceCoverage="100" branchCoverage="100" maxCyclomaticComplexity="4" minCyclomaticComplexity="4" visitedClasses="0" numClasses="0" visitedMethods="1" numMethods="1" />
              <MetadataToken>100663318</MetadataToken>
              <Name>System.Boolean PM.Extensions.UserFacade::Delete(System.Int32)</Name>
              <FileRef uid="4" />
              <SequencePoints>
                <SequencePoint vc="4" uspid="228" ordinal="0" offset="0" sl="63" sc="9" el="63" ec="10" bec="0" bev="0" fileid="4" />
                <SequencePoint vc="4" uspid="229" ordinal="1" offset="1" sl="64" sc="13" el="64" ec="48" bec="0" bev="0" fileid="4" />
                <SequencePoint vc="4" uspid="230" ordinal="2" offset="14" sl="65" sc="13" el="65" ec="30" bec="2" bev="2" fileid="4" />
                <SequencePoint vc="1" uspid="231" ordinal="3" offset="22" sl="66" sc="13" el="66" ec="14" bec="0" bev="0" fileid="4" />
                <SequencePoint vc="1" uspid="232" ordinal="4" offset="23" sl="67" sc="17" el="67" ec="101" bec="0" bev="0" fileid="4" />
                <SequencePoint vc="3" uspid="233" ordinal="5" offset="34" sl="70" sc="13" el="70" ec="41" bec="2" bev="2" fileid="4" />
                <SequencePoint vc="1" uspid="234" ordinal="6" offset="52" sl="71" sc="13" el="71" ec="14" bec="0" bev="0" fileid="4" />
                <SequencePoint vc="1" uspid="235" ordinal="7" offset="53" sl="72" sc="17" el="72" ec="99" bec="0" bev="0" fileid="4" />
                <SequencePoint vc="2" uspid="236" ordinal="8" offset="64" sl="75" sc="13" el="75" ec="38" bec="2" bev="2" fileid="4" />
                <SequencePoint vc="1" uspid="237" ordinal="9" offset="82" sl="76" sc="13" el="76" ec="14" bec="0" bev="0" fileid="4" />
                <SequencePoint vc="1" uspid="238" ordinal="10" offset="83" sl="77" sc="17" el="77" ec="96" bec="0" bev="0" fileid="4" />
                <SequencePoint vc="1" uspid="239" ordinal="11" offset="94" sl="80" sc="13" el="80" ec="42" bec="0" bev="0" fileid="4" />
                <SequencePoint vc="1" uspid="240" ordinal="12" offset="107" sl="81" sc="13" el="81" ec="43" bec="0" bev="0" fileid="4" />
                <SequencePoint vc="1" uspid="241" ordinal="13" offset="119" sl="83" sc="13" el="83" ec="25" bec="0" bev="0" fileid="4" />
                <SequencePoint vc="1" uspid="242" ordinal="14" offset="124" sl="84" sc="9" el="84" ec="10" bec="0" bev="0" fileid="4" />
              </SequencePoints>
              <BranchPoints>
                <BranchPoint vc="1" uspid="243" ordinal="0" offset="20" sl="65" path="0" offsetend="22" fileid="4" />
                <BranchPoint vc="3" uspid="244" ordinal="1" offset="20" sl="65" path="1" offsetend="34" fileid="4" />
                <BranchPoint vc="1" uspid="245" ordinal="2" offset="50" sl="70" path="0" offsetend="52" fileid="4" />
                <BranchPoint vc="2" uspid="246" ordinal="3" offset="50" sl="70" path="1" offsetend="64" fileid="4" />
                <BranchPoint vc="1" uspid="247" ordinal="4" offset="80" sl="75" path="0" offsetend="82" fileid="4" />
                <BranchPoint vc="1" uspid="248" ordinal="5" offset="80" sl="75" path="1" offsetend="94" fileid="4" />
              </BranchPoints>
              <MethodPoint xsi:type="SequencePoint" vc="4" uspid="228" ordinal="0" offset="0" sl="63" sc="9" el="63" ec="10" bec="0" bev="0" fileid="4" />
            </Method>
            <Method visited="true" cyclomaticComplexity="1" nPathComplexity="0" sequenceCoverage="100" branchCoverage="100" isConstructor="false" isStatic="false" isGetter="false" isSetter="false">
              <Summary numSequencePoints="5" visitedSequencePoints="5" numBranchPoints="1" visitedBranchPoints="1" sequenceCoverage="100" branchCoverage="100" maxCyclomaticComplexity="1" minCyclomaticComplexity="1" visitedClasses="0" numClasses="0" visitedMethods="1" numMethods="1" />
              <MetadataToken>100663319</MetadataToken>
              <Name>System.Collections.Generic.List`1&lt;PM.Extensions.DTO.UserDto&gt; PM.Extensions.UserFacade::GetAll()</Name>
              <FileRef uid="4" />
              <SequencePoints>
                <SequencePoint vc="1" uspid="249" ordinal="0" offset="0" sl="91" sc="9" el="91" ec="10" bec="0" bev="0" fileid="4" />
                <SequencePoint vc="1" uspid="250" ordinal="1" offset="1" sl="92" sc="13" el="93" ec="70" bec="0" bev="0" fileid="4" />
                <SequencePoint vc="1" uspid="251" ordinal="2" offset="75" sl="95" sc="13" el="95" ec="61" bec="0" bev="0" fileid="4" />
                <SequencePoint vc="1" uspid="252" ordinal="3" offset="82" sl="97" sc="13" el="97" ec="29" bec="0" bev="0" fileid="4" />
                <SequencePoint vc="1" uspid="253" ordinal="4" offset="86" sl="98" sc="9" el="98" ec="10" bec="0" bev="0" fileid="4" />
              </SequencePoints>
              <BranchPoints />
              <MethodPoint xsi:type="SequencePoint" vc="1" uspid="249" ordinal="0" offset="0" sl="91" sc="9" el="91" ec="10" bec="0" bev="0" fileid="4" />
            </Method>
            <Method visited="true" cyclomaticComplexity="4" nPathComplexity="4" sequenceCoverage="100" branchCoverage="100" isConstructor="false" isStatic="false" isGetter="false" isSetter="false">
              <Summary numSequencePoints="18" visitedSequencePoints="18" numBranchPoints="5" visitedBranchPoints="5" sequenceCoverage="100" branchCoverage="100" maxCyclomaticComplexity="4" minCyclomaticComplexity="4" visitedClasses="0" numClasses="0" visitedMethods="1" numMethods="1" />
              <MetadataToken>100663320</MetadataToken>
              <Name>PM.Extensions.DTO.UserDto PM.Extensions.UserFacade::Update(PM.Extensions.DTO.UserDto)</Name>
              <FileRef uid="4" />
              <SequencePoints>
                <SequencePoint vc="3" uspid="254" ordinal="0" offset="0" sl="106" sc="9" el="106" ec="10" bec="0" bev="0" fileid="4" />
                <SequencePoint vc="3" uspid="255" ordinal="1" offset="1" sl="107" sc="13" el="107" ec="109" bec="2" bev="2" fileid="4" />
                <SequencePoint vc="1" uspid="256" ordinal="2" offset="32" sl="108" sc="13" el="108" ec="14" bec="0" bev="0" fileid="4" />
                <SequencePoint vc="1" uspid="257" ordinal="3" offset="33" sl="109" sc="17" el="109" ec="96" bec="0" bev="0" fileid="4" />
                <SequencePoint vc="2" uspid="258" ordinal="4" offset="44" sl="111" sc="13" el="111" ec="56" bec="0" bev="0" fileid="4" />
                <SequencePoint vc="2" uspid="259" ordinal="5" offset="62" sl="112" sc="13" el="112" ec="30" bec="2" bev="2" fileid="4" />
                <SequencePoint vc="1" uspid="260" ordinal="6" offset="70" sl="113" sc="13" el="113" ec="14" bec="0" bev="0" fileid="4" />
                <SequencePoint vc="1" uspid="261" ordinal="7" offset="71" sl="115" sc="17" el="120" ec="19" bec="0" bev="0" fileid="4" />
                <SequencePoint vc="1" uspid="262" ordinal="8" offset="116" sl="121" sc="17" el="121" ec="43" bec="0" bev="0" fileid="4" />
                <SequencePoint vc="1" uspid="263" ordinal="9" offset="129" sl="122" sc="13" el="122" ec="14" bec="0" bev="0" fileid="4" />
                <SequencePoint vc="1" uspid="264" ordinal="10" offset="132" sl="124" sc="13" el="124" ec="14" bec="0" bev="0" fileid="4" />
                <SequencePoint vc="1" uspid="265" ordinal="11" offset="133" sl="126" sc="17" el="126" ec="52" bec="0" bev="0" fileid="4" />
                <SequencePoint vc="1" uspid="266" ordinal="12" offset="146" sl="127" sc="17" el="127" ec="50" bec="0" bev="0" fileid="4" />
                <SequencePoint vc="1" uspid="267" ordinal="13" offset="159" sl="128" sc="17" el="128" ec="54" bec="0" bev="0" fileid="4" />
                <SequencePoint vc="1" uspid="268" ordinal="14" offset="172" sl="129" sc="13" el="129" ec="14" bec="0" bev="0" fileid="4" />
                <SequencePoint vc="2" uspid="269" ordinal="15" offset="173" sl="130" sc="13" el="130" ec="43" bec="0" bev="0" fileid="4" />
                <SequencePoint vc="2" uspid="270" ordinal="16" offset="185" sl="132" sc="13" el="132" ec="28" bec="0" bev="0" fileid="4" />
                <SequencePoint vc="2" uspid="271" ordinal="17" offset="189" sl="133" sc="9" el="133" ec="10" bec="0" bev="0" fileid="4" />
              </SequencePoints>
              <BranchPoints>
                <BranchPoint vc="1" uspid="274" ordinal="2" offset="30" sl="107" path="0" offsetend="32" fileid="4" />
                <BranchPoint vc="2" uspid="275" ordinal="3" offset="30" sl="107" path="1" offsetend="44" fileid="4" />
                <BranchPoint vc="1" uspid="276" ordinal="4" offset="68" sl="112" path="0" offsetend="70" fileid="4" />
                <BranchPoint vc="1" uspid="277" ordinal="5" offset="68" sl="112" path="1" offsetend="132" fileid="4" />
              </BranchPoints>
              <MethodPoint xsi:type="SequencePoint" vc="3" uspid="254" ordinal="0" offset="0" sl="106" sc="9" el="106" ec="10" bec="0" bev="0" fileid="4" />
            </Method>
          </Methods>
        </Class>
        <Class>
          <Summary numSequencePoints="0" visitedSequencePoints="0" numBranchPoints="0" visitedBranchPoints="0" sequenceCoverage="0" branchCoverage="0" maxCyclomaticComplexity="1" minCyclomaticComplexity="1" visitedClasses="0" numClasses="0" visitedMethods="0" numMethods="0" />
          <FullName>PM.Extensions.UserFacade/&lt;&gt;c</FullName>
          <Methods>
            <Method visited="false" cyclomaticComplexity="1" nPathComplexity="0" sequenceCoverage="0" branchCoverage="0" isConstructor="true" isStatic="true" isGetter="false" isSetter="false">
              <Summary numSequencePoints="0" visitedSequencePoints="0" numBranchPoints="0" visitedBranchPoints="0" sequenceCoverage="0" branchCoverage="0" maxCyclomaticComplexity="1" minCyclomaticComplexity="1" visitedClasses="0" numClasses="0" visitedMethods="0" numMethods="0" />
              <MetadataToken>100663408</MetadataToken>
              <Name>System.Void PM.Extensions.UserFacade/&lt;&gt;c::.cctor()</Name>
              <SequencePoints />
              <BranchPoints />
              <MethodPoint vc="0" uspid="278" ordinal="0" offset="0" />
            </Method>
            <Method visited="false" cyclomaticComplexity="1" nPathComplexity="0" sequenceCoverage="0" branchCoverage="0" isConstructor="true" isStatic="false" isGetter="false" isSetter="false">
              <Summary numSequencePoints="0" visitedSequencePoints="0" numBranchPoints="0" visitedBranchPoints="0" sequenceCoverage="0" branchCoverage="0" maxCyclomaticComplexity="1" minCyclomaticComplexity="1" visitedClasses="0" numClasses="0" visitedMethods="0" numMethods="0" />
              <MetadataToken>100663409</MetadataToken>
              <Name>System.Void PM.Extensions.UserFacade/&lt;&gt;c::.ctor()</Name>
              <SequencePoints />
              <BranchPoints />
              <MethodPoint vc="0" uspid="279" ordinal="0" offset="0" />
            </Method>
          </Methods>
        </Class>
        <Class>
          <Summary numSequencePoints="0" visitedSequencePoints="0" numBranchPoints="0" visitedBranchPoints="0" sequenceCoverage="0" branchCoverage="0" maxCyclomaticComplexity="1" minCyclomaticComplexity="1" visitedClasses="0" numClasses="0" visitedMethods="0" numMethods="0" />
          <FullName>PM.Extensions.DTO.ParentTaskDto</FullName>
          <Methods>
            <Method skippedDueTo="AutoImplementedProperty" visited="false" cyclomaticComplexity="1" nPathComplexity="0" sequenceCoverage="0" branchCoverage="0" isConstructor="false" isStatic="false" isGetter="true" isSetter="false">
              <MetadataToken>100663341</MetadataToken>
              <Name>System.Int32 PM.Extensions.DTO.ParentTaskDto::get_Id()</Name>
              <FileRef uid="5" />
              <SequencePoints />
              <BranchPoints />
            </Method>
            <Method skippedDueTo="AutoImplementedProperty" visited="false" cyclomaticComplexity="1" nPathComplexity="0" sequenceCoverage="0" branchCoverage="0" isConstructor="false" isStatic="false" isGetter="false" isSetter="true">
              <MetadataToken>100663342</MetadataToken>
              <Name>System.Void PM.Extensions.DTO.ParentTaskDto::set_Id(System.Int32)</Name>
              <FileRef uid="5" />
              <SequencePoints />
              <BranchPoints />
            </Method>
            <Method skippedDueTo="AutoImplementedProperty" visited="false" cyclomaticComplexity="1" nPathComplexity="0" sequenceCoverage="0" branchCoverage="0" isConstructor="false" isStatic="false" isGetter="true" isSetter="false">
              <MetadataToken>100663343</MetadataToken>
              <Name>System.String PM.Extensions.DTO.ParentTaskDto::get_Name()</Name>
              <FileRef uid="5" />
              <SequencePoints />
              <BranchPoints />
            </Method>
            <Method skippedDueTo="AutoImplementedProperty" visited="false" cyclomaticComplexity="1" nPathComplexity="0" sequenceCoverage="0" branchCoverage="0" isConstructor="false" isStatic="false" isGetter="false" isSetter="true">
              <MetadataToken>100663344</MetadataToken>
              <Name>System.Void PM.Extensions.DTO.ParentTaskDto::set_Name(System.String)</Name>
              <FileRef uid="5" />
              <SequencePoints />
              <BranchPoints />
            </Method>
[...]
              <MetadataToken>100663352</MetadataToken>
              <Name>System.Web.Http.IHttpActionResult PM.Web.Controllers.UserController::Update(PM.Extensions.DTO.UserDto)</Name>
              <FileRef uid="36" />
              <SequencePoints>
                <SequencePoint vc="3" uspid="535" ordinal="0" offset="20" sl="66" sc="9" el="66" ec="10" bec="0" bev="0" fileid="36" />
                <SequencePoint vc="3" uspid="536" ordinal="1" offset="21" sl="67" sc="13" el="70" ec="16" bec="0" bev="0" fileid="36" />
                <SequencePoint vc="3" uspid="537" ordinal="2" offset="42" sl="71" sc="9" el="71" ec="10" bec="0" bev="0" fileid="36" />
              </SequencePoints>
              <BranchPoints />
              <MethodPoint vc="3" uspid="538" ordinal="0" offset="0" />
            </Method>
            <Method visited="true" cyclomaticComplexity="1" nPathComplexity="0" sequenceCoverage="100" branchCoverage="100" isConstructor="false" isStatic="false" isGetter="false" isSetter="false">
              <Summary numSequencePoints="3" visitedSequencePoints="3" numBranchPoints="1" visitedBranchPoints="1" sequenceCoverage="100" branchCoverage="100" maxCyclomaticComplexity="1" minCyclomaticComplexity="1" visitedClasses="0" numClasses="0" visitedMethods="1" numMethods="1" />
              <MetadataToken>100663353</MetadataToken>
              <Name>System.Web.Http.IHttpActionResult PM.Web.Controllers.UserController::Delete(System.Int32)</Name>
              <FileRef uid="36" />
              <SequencePoints>
                <SequencePoint vc="4" uspid="539" ordinal="0" offset="20" sl="78" sc="9" el="78" ec="10" bec="0" bev="0" fileid="36" />
                <SequencePoint vc="4" uspid="540" ordinal="1" offset="21" sl="79" sc="13" el="82" ec="16" bec="0" bev="0" fileid="36" />
                <SequencePoint vc="4" uspid="541" ordinal="2" offset="42" sl="83" sc="9" el="83" ec="10" bec="0" bev="0" fileid="36" />
              </SequencePoints>
              <BranchPoints />
              <MethodPoint vc="4" uspid="542" ordinal="0" offset="0" />
            </Method>
            <Method visited="true" cyclomaticComplexity="1" nPathComplexity="0" sequenceCoverage="100" branchCoverage="100" isConstructor="false" isStatic="false" isGetter="false" isSetter="false">
              <Summary numSequencePoints="3" visitedSequencePoints="3" numBranchPoints="1" visitedBranchPoints="1" sequenceCoverage="100" branchCoverage="100" maxCyclomaticComplexity="1" minCyclomaticComplexity="1" visitedClasses="0" numClasses="0" visitedMethods="1" numMethods="1" />
              <MetadataToken>100663354</MetadataToken>
              <Name>System.Web.Http.IHttpActionResult PM.Web.Controllers.UserController::&lt;GetUsers&gt;b__4_0()</Name>
              <FileRef uid="36" />
              <SequencePoints>
                <SequencePoint vc="1" uspid="543" ordinal="0" offset="0" sl="43" sc="13" el="43" ec="14" bec="0" bev="0" fileid="36" />
                <SequencePoint vc="1" uspid="544" ordinal="1" offset="1" sl="44" sc="17" el="44" ec="49" bec="0" bev="0" fileid="36" />
                <SequencePoint vc="1" uspid="545" ordinal="2" offset="21" sl="45" sc="13" el="45" ec="14" bec="0" bev="0" fileid="36" />
              </SequencePoints>
              <BranchPoints />
              <MethodPoint xsi:type="SequencePoint" vc="1" uspid="543" ordinal="0" offset="0" sl="43" sc="13" el="43" ec="14" bec="0" bev="0" fileid="36" />
            </Method>
          </Methods>
        </Class>
        <Class>
          <Summary numSequencePoints="3" visitedSequencePoints="3" numBranchPoints="1" visitedBranchPoints="1" sequenceCoverage="100" branchCoverage="100" maxCyclomaticComplexity="1" minCyclomaticComplexity="1" visitedClasses="1" numClasses="1" visitedMethods="1" numMethods="1" />
          <FullName>PM.Web.Controllers.UserController/&lt;&gt;c__DisplayClass3_0</FullName>
          <Methods>
            <Method visited="true" cyclomaticComplexity="1" nPathComplexity="0" sequenceCoverage="0" branchCoverage="0" isConstructor="true" isStatic="false" isGetter="false" isSetter="false">
              <Summary numSequencePoints="0" visitedSequencePoints="0" numBranchPoints="0" visitedBranchPoints="0" sequenceCoverage="0" branchCoverage="0" maxCyclomaticComplexity="1" minCyclomaticComplexity="1" visitedClasses="0" numClasses="0" visitedMethods="0" numMethods="0" />
              <MetadataToken>100663404</MetadataToken>
              <Name>System.Void PM.Web.Controllers.UserController/&lt;&gt;c__DisplayClass3_0::.ctor()</Name>
              <SequencePoints />
              <BranchPoints />
              <MethodPoint vc="2" uspid="546" ordinal="0" offset="0" />
            </Method>
            <Method visited="true" cyclomaticComplexity="1" nPathComplexity="0" sequenceCoverage="100" branchCoverage="100" isConstructor="false" isStatic="false" isGetter="false" isSetter="false">
              <Summary numSequencePoints="3" visitedSequencePoints="3" numBranchPoints="1" visitedBranchPoints="1" sequenceCoverage="100" branchCoverage="100" maxCyclomaticComplexity="1" minCyclomaticComplexity="1" visitedClasses="0" numClasses="0" visitedMethods="1" numMethods="1" />
              <MetadataToken>100663405</MetadataToken>
              <Name>System.Web.Http.IHttpActionResult PM.Web.Controllers.UserController/&lt;&gt;c__DisplayClass3_0::&lt;Search&gt;b__0()</Name>
              <FileRef uid="36" />
              <SequencePoints>
                <SequencePoint vc="2" uspid="547" ordinal="0" offset="0" sl="31" sc="13" el="31" ec="14" bec="0" bev="0" fileid="36" />
                <SequencePoint vc="2" uspid="548" ordinal="1" offset="1" sl="32" sc="17" el="32" ec="60" bec="0" bev="0" fileid="36" />
                <SequencePoint vc="2" uspid="549" ordinal="2" offset="37" sl="33" sc="13" el="33" ec="14" bec="0" bev="0" fileid="36" />
              </SequencePoints>
              <BranchPoints />
              <MethodPoint xsi:type="SequencePoint" vc="2" uspid="547" ordinal="0" offset="0" sl="31" sc="13" el="31" ec="14" bec="0" bev="0" fileid="36" />
            </Method>
          </Methods>
        </Class>
        <Class>
          <Summary numSequencePoints="3" visitedSequencePoints="3" numBranchPoints="1" visitedBranchPoints="1" sequenceCoverage="100" branchCoverage="100" maxCyclomaticComplexity="1" minCyclomaticComplexity="1" visitedClasses="1" numClasses="1" visitedMethods="1" numMethods="1" />
          <FullName>PM.Web.Controllers.UserController/&lt;&gt;c__DisplayClass5_0</FullName>
          <Methods>
            <Method visited="true" cyclomaticComplexity="1" nPathComplexity="0" sequenceCoverage="0" branchCoverage="0" isConstructor="true" isStatic="false" isGetter="false" isSetter="false">
              <Summary numSequencePoints="0" visitedSequencePoints="0" numBranchPoints="0" visitedBranchPoints="0" sequenceCoverage="0" branchCoverage="0" maxCyclomaticComplexity="1" minCyclomaticComplexity="1" visitedClasses="0" numClasses="0" visitedMethods="0" numMethods="0" />
              <MetadataToken>100663406</MetadataToken>
              <Name>System.Void PM.Web.Controllers.UserController/&lt;&gt;c__DisplayClass5_0::.ctor()</Name>
              <SequencePoints />
              <BranchPoints />
              <MethodPoint vc="3" uspid="550" ordinal="0" offset="0" />
            </Method>
            <Method visited="true" cyclomaticComplexity="1" nPathComplexity="0" sequenceCoverage="100" branchCoverage="100" isConstructor="false" isStatic="false" isGetter="false" isSetter="false">
              <Summary numSequencePoints="3" visitedSequencePoints="3" numBranchPoints="1" visitedBranchPoints="1" sequenceCoverage="100" branchCoverage="100" maxCyclomaticComplexity="1" minCyclomaticComplexity="1" visitedClasses="0" numClasses="0" visitedMethods="1" numMethods="1" />
              <MetadataToken>100663407</MetadataToken>
              <Name>System.Web.Http.IHttpActionResult PM.Web.Controllers.UserController/&lt;&gt;c__DisplayClass5_0::&lt;GetUser&gt;b__0()</Name>
              <FileRef uid="36" />
              <SequencePoints>
                <SequencePoint vc="3" uspid="551" ordinal="0" offset="0" sl="56" sc="13" el="56" ec="14" bec="0" bev="0" fileid="36" />
                <SequencePoint vc="3" uspid="552" ordinal="1" offset="1" sl="57" sc="17" el="57" ec="48" bec="0" bev="0" fileid="36" />
                <SequencePoint vc="1" uspid="553" ordinal="2" offset="37" sl="58" sc="13" el="58" ec="14" bec="0" bev="0" fileid="36" />
              </SequencePoints>
              <BranchPoints />
              <MethodPoint xsi:type="SequencePoint" vc="3" uspid="551" ordinal="0" offset="0" sl="56" sc="13" el="56" ec="14" bec="0" bev="0" fileid="36" />
            </Method>
          </Methods>
        </Class>
        <Class>
          <Summary numSequencePoints="3" visitedSequencePoints="3" numBranchPoints="1" visitedBranchPoints="1" sequenceCoverage="100" branchCoverage="100" maxCyclomaticComplexity="1" minCyclomaticComplexity="1" visitedClasses="1" numClasses="1" visitedMethods="1" numMethods="1" />
          <FullName>PM.Web.Controllers.UserController/&lt;&gt;c__DisplayClass6_0</FullName>
          <Methods>
            <Method visited="true" cyclomaticComplexity="1" nPathComplexity="0" sequenceCoverage="0" branchCoverage="0" isConstructor="true" isStatic="false" isGetter="false" isSetter="false">
              <Summary numSequencePoints="0" visitedSequencePoints="0" numBranchPoints="0" visitedBranchPoints="0" sequenceCoverage="0" branchCoverage="0" maxCyclomaticComplexity="1" minCyclomaticComplexity="1" visitedClasses="0" numClasses="0" visitedMethods="0" numMethods="0" />
              <MetadataToken>100663408</MetadataToken>
              <Name>System.Void PM.Web.Controllers.UserController/&lt;&gt;c__DisplayClass6_0::.ctor()</Name>
              <SequencePoints />
              <BranchPoints />
              <MethodPoint vc="3" uspid="554" ordinal="0" offset="0" />
            </Method>
            <Method visited="true" cyclomaticComplexity="1" nPathComplexity="0" sequenceCoverage="100" branchCoverage="100" isConstructor="false" isStatic="false" isGetter="false" isSetter="false">
              <Summary numSequencePoints="3" visitedSequencePoints="3" numBranchPoints="1" visitedBranchPoints="1" sequenceCoverage="100" branchCoverage="100" maxCyclomaticComplexity="1" minCyclomaticComplexity="1" visitedClasses="0" numClasses="0" visitedMethods="1" numMethods="1" />
              <MetadataToken>100663409</MetadataToken>
              <Name>System.Web.Http.IHttpActionResult PM.Web.Controllers.UserController/&lt;&gt;c__DisplayClass6_0::&lt;Update&gt;b__0()</Name>
              <FileRef uid="36" />
              <SequencePoints>
                <SequencePoint vc="3" uspid="555" ordinal="0" offset="0" sl="68" sc="13" el="68" ec="14" bec="0" bev="0" fileid="36" />
                <SequencePoint vc="3" uspid="556" ordinal="1" offset="1" sl="69" sc="17" el="69" ec="53" bec="0" bev="0" fileid="36" />
                <SequencePoint vc="2" uspid="557" ordinal="2" offset="37" sl="70" sc="13" el="70" ec="14" bec="0" bev="0" fileid="36" />
              </SequencePoints>
              <BranchPoints />
              <MethodPoint xsi:type="SequencePoint" vc="3" uspid="555" ordinal="0" offset="0" sl="68" sc="13" el="68" ec="14" bec="0" bev="0" fileid="36" />
            </Method>
          </Methods>
        </Class>
        <Class>
          <Summary numSequencePoints="3" visitedSequencePoints="3" numBranchPoints="1" visitedBranchPoints="1" sequenceCoverage="100" branchCoverage="100" maxCyclomaticComplexity="1" minCyclomaticComplexity="1" visitedClasses="1" numClasses="1" visitedMethods="1" numMethods="1" />
          <FullName>PM.Web.Controllers.UserController/&lt;&gt;c__DisplayClass7_0</FullName>
          <Methods>
            <Method visited="true" cyclomaticComplexity="1" nPathComplexity="0" sequenceCoverage="0" branchCoverage="0" isConstructor="true" isStatic="false" isGetter="false" isSetter="false">
              <Summary numSequencePoints="0" visitedSequencePoints="0" numBranchPoints="0" visitedBranchPoints="0" sequenceCoverage="0" branchCoverage="0" maxCyclomaticComplexity="1" minCyclomaticComplexity="1" visitedClasses="0" numClasses="0" visitedMethods="0" numMethods="0" />
              <MetadataToken>100663410</MetadataToken>
              <Name>System.Void PM.Web.Controllers.UserController/&lt;&gt;c__DisplayClass7_0::.ctor()</Name>
              <SequencePoints />
              <BranchPoints />
              <MethodPoint vc="4" uspid="558" ordinal="0" offset="0" />
            </Method>
            <Method visited="true" cyclomaticComplexity="1" nPathComplexity="0" sequenceCoverage="100" branchCoverage="100" isConstructor="false" isStatic="false" isGetter="false" isSetter="false">
              <Summary numSequencePoints="3" visitedSequencePoints="3" numBranchPoints="1" visitedBranchPoints="1" sequenceCoverage="100" branchCoverage="100" maxCyclomaticComplexity="1" minCyclomaticComplexity="1" visitedClasses="0" numClasses="0" visitedMethods="1" numMethods="1" />
              <MetadataToken>100663411</MetadataToken>
              <Name>System.Web.Http.IHttpActionResult PM.Web.Controllers.UserController/&lt;&gt;c__DisplayClass7_0::&lt;Delete&gt;b__0()</Name>
              <FileRef uid="36" />
              <SequencePoints>
                <SequencePoint vc="4" uspid="559" ordinal="0" offset="0" sl="80" sc="13" el="80" ec="14" bec="0" bev="0" fileid="36" />
                <SequencePoint vc="4" uspid="560" ordinal="1" offset="1" sl="81" sc="17" el="81" ec="51" bec="0" bev="0" fileid="36" />
                <SequencePoint vc="1" uspid="561" ordinal="2" offset="37" sl="82" sc="13" el="82" ec="14" bec="0" bev="0" fileid="36" />
              </SequencePoints>
              <BranchPoints />
              <MethodPoint xsi:type="SequencePoint" vc="4" uspid="559" ordinal="0" offset="0" sl="80" sc="13" el="80" ec="14" bec="0" bev="0" fileid="36" />
            </Method>
          </Methods>
        </Class>
      </Classes>
    </Module>
    <Module skippedDueTo="Filter" hash="32-97-A2-6C-AC-49-E0-83-E2-C7-8A-A6-D8-8E-FA-04-C2-9F-C3-CC">
      <ModulePath>C:\Users\prapan\Source\Repos\FSE_Project\FSE_ProjectManager\PM.Web.Tests\bin\Debug\PM.Models.dll</ModulePath>
      <ModuleTime>2019-08-25T13:39:21.7721926Z</ModuleTime>
      <ModuleName>PM.Models</ModuleName>
      <Classes />
    </Module>
    <Module skippedDueTo="Filter" hash="5B-94-34-21-56-F6-B0-55-E7-72-C1-82-5F-A6-D3-2C-2A-11-4A-9C">
      <ModulePath>C:\Users\prapan\Source\Repos\FSE_Project\FSE_ProjectManager\PM.Web.Tests\bin\Debug\PM.DAL.dll</ModulePath>
      <ModuleTime>2019-08-25T13:39:24.2711869Z</ModuleTime>
      <ModuleName>PM.DAL</ModuleName>
      <Classes />
    </Module>
    <Module skippedDueTo="Filter" hash="F9-9B-B5-71-3A-BE-A4-D1-7B-42-24-6F-13-97-0A-EB-C4-29-42-FE">
      <ModulePath>C:\Users\prapan\Source\Repos\FSE_Project\FSE_ProjectManager\PM.Web.Tests\bin\Debug\System.Web.Http.dll</ModulePath>
      <ModuleTime>2019-08-25T06:38:54Z</ModuleTime>
      <ModuleName>System.Web.Http</ModuleName>
      <Classes />
    </Module>
    <Module skippedDueTo="MissingPdb" hash="22-3C-EF-E8-08-72-8E-67-F2-D1-FC-6F-0F-81-A9-AF-49-0D-0F-33">
      <ModulePath>C:\Users\prapan\Source\Repos\FSE_Project\FSE_ProjectManager\PM.Web.Tests\bin\Debug\Moq.dll</ModulePath>
      <ModuleTime>2019-08-25T06:38:54Z</ModuleTime>
      <ModuleName>Moq</ModuleName>
      <Classes />
    </Module>
    <Module skippedDueTo="MissingPdb" hash="DC-CC-6B-85-DE-D3-FF-D6-B1-BF-5C-63-F6-46-A9-1A-1D-EF-79-5B">
      <ModulePath>C:\Users\prapan\Source\Repos\FSE_Project\FSE_ProjectManager\PM.Web.Tests\bin\Debug\Castle.Core.dll</ModulePath>
      <ModuleTime>2019-08-25T06:38:54Z</ModuleTime>
      <ModuleName>Castle.Core</ModuleName>
      <Classes />
    </Module>
    <Module skippedDueTo="Filter" hash="B6-3D-95-5E-A1-F2-3D-D5-61-A7-8A-59-69-72-6D-F6-FF-70-71-9F">
      <ModulePath>C:\Users\prapan\Source\Repos\FSE_Project\FSE_ProjectManager\PM.Web.Tests\bin\Debug\System.Threading.Tasks.Extensions.dll</ModulePath>
      <ModuleTime>2019-08-25T06:38:54Z</ModuleTime>
      <ModuleName>System.Threading.Tasks.Extensions</ModuleName>
      <Classes />
    </Module>
    <Module skippedDueTo="MissingPdb" hash="F0-A3-6D-2D-53-B9-AB-BE-F3-60-2F-F3-92-25-56-5B-A9-DA-27-56">
      <ModulePath>C:\WINDOWS\Microsoft.Net\assembly\GAC_MSIL\netstandard\v4.0_2.0.0.0__cc7b13ffcd2ddd51\netstandard.dll</ModulePath>
      <ModuleTime>2018-12-12T02:01:46.5587596Z</ModuleTime>
      <ModuleName>netstandard</ModuleName>
      <Classes />
    </Module>
    <Module skippedDueTo="MissingPdb" hash="75-E8-45-F7-55-0B-30-E9-B6-D4-8C-4F-F4-0E-32-8A-69-8B-83-7B">
      <ModulePath>C:\Users\prapan\Source\Repos\FSE_Project\FSE_ProjectManager\PM.Web.Tests\bin\Debug\Serilog.dll</ModulePath>
      <ModuleTime>2019-08-25T06:38:54Z</ModuleTime>
      <ModuleName>Serilog</ModuleName>
      <Classes />
    </Module>
    <Module skippedDueTo="MissingPdb" hash="12-3F-E3-10-D1-D0-35-93-2B-65-FA-C5-00-62-09-C4-DC-D6-92-BF">
      <ModulePath>C:\Users\prapan\Source\Repos\FSE_Project\FSE_ProjectManager\PM.Web.Tests\bin\Debug\EntityFramework.dll</ModulePath>
      <ModuleTime>2019-08-25T06:38:54Z</ModuleTime>
      <ModuleName>EntityFramework</ModuleName>
      <Classes />
    </Module>
    <Module skippedDueTo="MissingPdb" hash="9D-8C-F0-38-93-AA-F9-80-7F-99-3F-48-55-49-21-AF-A0-81-85-9F">
      <ModulePath>C:\Users\prapan\Source\Repos\FSE_Project\FSE_ProjectManager\PM.Web.Tests\bin\Debug\EntityFramework.SqlServer.dll</ModulePath>
      <ModuleTime>2019-08-25T06:38:54Z</ModuleTime>
      <ModuleName>EntityFramework.SqlServer</ModuleName>
      <Classes />
    </Module>
    <Module skippedDueTo="Filter" hash="D4-54-32-B5-B1-E2-7D-BE-A8-0C-10-C4-98-E4-C8-76-00-FF-CA-2D">
      <ModulePath>C:\WINDOWS\Microsoft.Net\assembly\GAC_64\System.Transactions\v4.0_4.0.0.0__b77a5c561934e089\System.Transactions.dll</ModulePath>
      <ModuleTime>2018-09-11T01:24:05.9699056Z</ModuleTime>
      <ModuleName>System.Transactions</ModuleName>
      <Classes />
    </Module>
    <Module skippedDueTo="Filter" hash="DC-10-6B-5A-3A-39-6A-03-4D-F0-47-6E-B7-56-22-C8-59-10-F9-0C">
      <ModulePath>C:\WINDOWS\Microsoft.Net\assembly\GAC_64\System.Data.OracleClient\v4.0_4.0.0.0__b77a5c561934e089\System.Data.OracleClient.dll</ModulePath>
      <ModuleTime>2018-12-12T02:01:42.0418749Z</ModuleTime>
      <ModuleName>System.Data.OracleClient</ModuleName>
      <Classes />
    </Module>
    <Module skippedDueTo="Filter" hash="50-66-EF-9E-91-12-D2-6C-1F-BE-00-32-58-24-E8-C7-76-40-11-B6">
      <ModulePath>C:\WINDOWS\Microsoft.Net\assembly\GAC_64\System.EnterpriseServices\v4.0_4.0.0.0__b03f5f7f11d50a3a\System.EnterpriseServices.dll</ModulePath>
      <ModuleTime>2018-12-12T02:01:38.3327503Z</ModuleTime>
      <ModuleName>System.EnterpriseServices</ModuleName>
      <Classes />
    </Module>
    <Module skippedDueTo="Filter" hash="8B-59-7F-E0-46-94-0E-BD-B7-02-5B-B4-71-52-59-1B-12-6F-C5-90">
      <ModulePath>C:\WINDOWS\Microsoft.Net\assembly\GAC_MSIL\System.Xml.Linq\v4.0_4.0.0.0__b77a5c561934e089\System.Xml.Linq.dll</ModulePath>
      <ModuleTime>2018-12-12T02:01:23.3171024Z</ModuleTime>
      <ModuleName>System.Xml.Linq</ModuleName>
      <Classes />
    </Module>
    <Module skippedDueTo="Filter" hash="17-BD-71-A3-77-73-EF-2B-1B-5F-08-C7-AC-D7-D2-8D-0E-5E-2E-27">
      <ModulePath>C:\WINDOWS\Microsoft.Net\assembly\GAC_MSIL\System.Web.Extensions\v4.0_4.0.0.0__31bf3856ad364e35\System.Web.Extensions.dll</ModulePath>
      <ModuleTime>2019-05-21T01:12:14.6058075Z</ModuleTime>
      <ModuleName>System.Web.Extensions</ModuleName>
      <Classes />
    </Module>
  </Modules>
</CoverageSession>