<?xml version="1.0" encoding="utf-8"?>
<CoverageSession xmlns:xsd="http://www.w3.org/2001/XMLSchema" xmlns:xsi="http://www.w3.org/2001/XMLSchema-instance" Version="4.7.922.0">
  <Summary numSequencePoints="441" visitedSequencePoints="284" numBranchPoints="180" visitedBranchPoints="118" sequenceCoverage="64.40" branchCoverage="65.56" maxCyclomaticComplexity="15" minCyclomaticComplexity="1" maxCrapScore="15" minCrapScore="1" visitedClasses="21" numClasses="30" visitedMethods="69" numMethods="94" />
  <Modules>
    <Module skippedDueTo="Filter" hash="EF-42-18-7E-10-F9-1F-6A-59-50-38-63-0E-17-3F-D6-F8-74-59-97">
      <ModulePath>C:\Program Files\dotnet\shared\Microsoft.NETCore.App\2.2.6\System.Private.CoreLib.dll</ModulePath>
      <ModuleTime>2019-06-18T04:54:50Z</ModuleTime>
      <ModuleName>System.Private.CoreLib</ModuleName>
      <Classes />
    </Module>
    <Module skippedDueTo="MissingPdb" hash="FC-D5-7F-56-0C-26-F4-44-6C-B6-7F-FB-9E-DF-DB-F5-93-AA-8E-59">
      <ModulePath>C:\Program Files\dotnet\sdk\2.2.401\dotnet.dll</ModulePath>
      <ModuleTime>2019-07-12T07:58:26Z</ModuleTime>
      <ModuleName>dotnet</ModuleName>
      <Classes />
    </Module>
    <Module skippedDueTo="Filter" hash="4E-98-30-4E-EC-6F-EF-4E-2E-80-CD-5D-D7-FA-FB-2C-ED-3F-FB-DD">
      <ModulePath>C:\Program Files\dotnet\shared\Microsoft.NETCore.App\2.2.6\System.Runtime.dll</ModulePath>
      <ModuleTime>2019-06-18T04:54:50Z</ModuleTime>
      <ModuleName>System.Runtime</ModuleName>
      <Classes />
    </Module>
    <Module skippedDueTo="MissingPdb" hash="23-C5-53-BB-3F-75-65-DE-D0-8E-A3-B2-71-94-E7-B5-3E-5C-06-FF">
      <ModulePath>C:\Program Files\dotnet\sdk\2.2.401\Microsoft.DotNet.Cli.Utils.dll</ModulePath>
      <ModuleTime>2019-07-12T07:58:24Z</ModuleTime>
      <ModuleName>Microsoft.DotNet.Cli.Utils</ModuleName>
      <Classes />
    </Module>
    <Module skippedDueTo="Filter" hash="C8-7A-E0-76-E1-83-8E-6B-3E-16-E9-F8-65-21-D5-5A-9C-98-A4-90">
      <ModulePath>C:\Program Files\dotnet\shared\Microsoft.NETCore.App\2.2.6\System.Runtime.Extensions.dll</ModulePath>
      <ModuleTime>2019-06-18T04:54:50Z</ModuleTime>
      <ModuleName>System.Runtime.Extensions</ModuleName>
      <Classes />
    </Module>
    <Module skippedDueTo="Filter" hash="F8-5E-19-4C-C9-33-F6-63-8F-45-58-69-C7-02-7D-F0-27-A9-FE-39">
      <ModulePath>C:\Program Files\dotnet\shared\Microsoft.NETCore.App\2.2.6\System.Runtime.Loader.dll</ModulePath>
      <ModuleTime>2019-06-18T04:54:50Z</ModuleTime>
      <ModuleName>System.Runtime.Loader</ModuleName>
      <Classes />
    </Module>
    <Module skippedDueTo="MissingPdb" hash="8A-FA-1D-4C-66-0D-61-D5-34-26-E2-62-0F-8B-B3-BE-E3-1F-0A-36">
      <ModulePath>C:\Program Files\dotnet\sdk\2.2.401\Microsoft.DotNet.PlatformAbstractions.dll</ModulePath>
      <ModuleTime>2019-07-12T07:57:14Z</ModuleTime>
      <ModuleName>Microsoft.DotNet.PlatformAbstractions</ModuleName>
      <Classes />
    </Module>
    <Module skippedDueTo="Filter" hash="B6-F3-58-B6-94-C4-E2-A3-4A-E5-98-F5-A8-9B-C7-59-D0-99-20-D4">
      <ModulePath>C:\Program Files\dotnet\shared\Microsoft.NETCore.App\2.2.6\System.Runtime.InteropServices.RuntimeInformation.dll</ModulePath>
      <ModuleTime>2019-06-18T04:54:50Z</ModuleTime>
      <ModuleName>System.Runtime.InteropServices.RuntimeInformation</ModuleName>
      <Classes />
    </Module>
    <Module skippedDueTo="Filter" hash="71-FB-EA-BE-77-41-A4-B7-BE-68-E3-6A-C0-F6-95-76-B0-EC-76-DF">
      <ModulePath>C:\Program Files\dotnet\shared\Microsoft.NETCore.App\2.2.6\System.Runtime.InteropServices.dll</ModulePath>
      <ModuleTime>2019-06-18T04:54:50Z</ModuleTime>
      <ModuleName>System.Runtime.InteropServices</ModuleName>
      <Classes />
    </Module>
    <Module skippedDueTo="Filter" hash="F4-2F-E8-A4-56-7F-68-2D-13-95-4F-EC-F6-4F-A1-9B-A0-AA-91-C5">
      <ModulePath>C:\Program Files\dotnet\shared\Microsoft.NETCore.App\2.2.6\System.Threading.dll</ModulePath>
      <ModuleTime>2019-06-18T04:54:50Z</ModuleTime>
      <ModuleName>System.Threading</ModuleName>
      <Classes />
    </Module>
    <Module skippedDueTo="Filter" hash="65-5D-E7-29-FE-2F-7C-AE-CD-BC-85-25-16-77-93-DE-A2-20-62-53">
      <ModulePath>C:\Program Files\dotnet\shared\Microsoft.NETCore.App\2.2.6\System.IO.FileSystem.dll</ModulePath>
      <ModuleTime>2019-06-18T04:54:48Z</ModuleTime>
      <ModuleName>System.IO.FileSystem</ModuleName>
      <Classes />
    </Module>
    <Module skippedDueTo="Filter" hash="B8-90-C8-D9-9B-04-EC-8C-94-17-C8-52-AB-40-10-37-4E-B5-9C-EB">
      <ModulePath>C:\Program Files\dotnet\sdk\2.2.401\runtimes\win\lib\netcoreapp2.0\System.Text.Encoding.CodePages.dll</ModulePath>
      <ModuleTime>2019-07-12T07:57:24Z</ModuleTime>
      <ModuleName>System.Text.Encoding.CodePages</ModuleName>
      <Classes />
    </Module>
    <Module skippedDueTo="Filter" hash="12-22-A2-C2-03-10-28-3E-E5-80-41-7C-C1-A9-8E-09-CD-51-A9-BB">
      <ModulePath>C:\Program Files\dotnet\shared\Microsoft.NETCore.App\2.2.6\System.Collections.dll</ModulePath>
      <ModuleTime>2019-06-18T04:54:48Z</ModuleTime>
      <ModuleName>System.Collections</ModuleName>
      <Classes />
    </Module>
    <Module skippedDueTo="Filter" hash="11-AA-DD-8F-4E-97-69-D9-DA-28-FD-CF-D3-76-87-7F-07-4C-1E-BF">
      <ModulePath>C:\Program Files\dotnet\shared\Microsoft.NETCore.App\2.2.6\System.Collections.Concurrent.dll</ModulePath>
      <ModuleTime>2019-06-18T04:54:48Z</ModuleTime>
      <ModuleName>System.Collections.Concurrent</ModuleName>
      <Classes />
    </Module>
    <Module skippedDueTo="Filter" hash="AA-D8-39-07-DB-CD-B5-7F-5B-57-DA-19-3E-DF-F9-89-CD-9A-59-36">
      <ModulePath>C:\Program Files\dotnet\shared\Microsoft.NETCore.App\2.2.6\System.Threading.Thread.dll</ModulePath>
      <ModuleTime>2019-06-18T04:54:50Z</ModuleTime>
      <ModuleName>System.Threading.Thread</ModuleName>
      <Classes />
    </Module>
    <Module skippedDueTo="MissingPdb" hash="DE-2E-53-25-B1-86-66-73-A8-3B-F0-B6-FB-FC-9D-2D-92-DA-1D-83">
      <ModulePath>C:\Program Files\dotnet\sdk\2.2.401\Microsoft.DotNet.Configurer.dll</ModulePath>
      <ModuleTime>2019-07-12T07:58:02Z</ModuleTime>
      <ModuleName>Microsoft.DotNet.Configurer</ModuleName>
      <Classes />
    </Module>
    <Module skippedDueTo="MissingPdb" hash="41-49-9B-0A-62-0F-64-F1-D1-73-37-29-D7-1A-83-D7-1F-1A-BC-B1">
      <ModulePath>C:\Program Files\dotnet\sdk\2.2.401\Microsoft.DotNet.Cli.CommandLine.dll</ModulePath>
      <ModuleTime>2019-07-12T07:57:42Z</ModuleTime>
      <ModuleName>Microsoft.DotNet.Cli.CommandLine</ModuleName>
      <Classes />
    </Module>
    <Module skippedDueTo="Filter" hash="C8-28-36-51-58-15-BF-56-5A-F0-78-56-E8-05-D0-2A-94-24-25-98">
      <ModulePath>C:\Program Files\dotnet\shared\Microsoft.NETCore.App\2.2.6\System.Diagnostics.Process.dll</ModulePath>
      <ModuleTime>2019-06-18T04:54:48Z</ModuleTime>
      <ModuleName>System.Diagnostics.Process</ModuleName>
      <Classes />
    </Module>
    <Module skippedDueTo="MissingPdb" hash="AA-80-52-8F-6D-DA-20-F7-69-AC-83-9F-4A-69-E4-F6-EA-E5-0B-C8">
      <ModulePath>C:\Program Files\dotnet\sdk\2.2.401\Microsoft.DotNet.InternalAbstractions.dll</ModulePath>
      <ModuleTime>2019-07-12T07:57:12Z</ModuleTime>
      <ModuleName>Microsoft.DotNet.InternalAbstractions</ModuleName>
      <Classes />
    </Module>
    <Module skippedDueTo="Filter" hash="27-16-29-62-3A-87-FB-8D-C4-68-CE-AD-CB-33-0D-25-4A-29-CB-89">
      <ModulePath>C:\Program Files\dotnet\shared\Microsoft.NETCore.App\2.2.6\System.Linq.dll</ModulePath>
      <ModuleTime>2019-06-18T04:54:48Z</ModuleTime>
      <ModuleName>System.Linq</ModuleName>
      <Classes />
    </Module>
    <Module skippedDueTo="MissingPdb" hash="11-D4-96-17-75-EC-38-8A-8C-E5-3D-EA-CC-1F-01-1C-F1-0D-50-8C">
      <ModulePath>C:\Program Files\dotnet\sdk\2.2.401\NuGet.Frameworks.dll</ModulePath>
      <ModuleTime>2019-07-12T08:02:02Z</ModuleTime>
      <ModuleName>NuGet.Frameworks</ModuleName>
      <Classes />
    </Module>
    <Module skippedDueTo="MissingPdb" hash="73-EC-57-E7-B9-99-0A-12-0D-EF-FE-4E-CD-B1-0F-64-12-2C-4F-C4">
      <ModulePath>C:\Program Files\dotnet\shared\Microsoft.NETCore.App\2.2.6\netstandard.dll</ModulePath>
      <ModuleTime>2019-06-18T04:54:50Z</ModuleTime>
      <ModuleName>netstandard</ModuleName>
      <Classes />
    </Module>
    <Module skippedDueTo="Filter" hash="6A-E6-A3-2D-98-2E-E2-43-FF-7E-BC-04-9B-40-B3-1F-7E-58-48-11">
      <ModulePath>C:\Program Files\dotnet\shared\Microsoft.NETCore.App\2.2.6\System.Console.dll</ModulePath>
      <ModuleTime>2019-06-18T04:54:48Z</ModuleTime>
      <ModuleName>System.Console</ModuleName>
      <Classes />
    </Module>
    <Module skippedDueTo="Filter" hash="D0-6D-BE-3B-F7-F1-C1-7A-46-74-63-CC-17-B5-00-75-C8-3E-22-F5">
      <ModulePath>C:\Program Files\dotnet\shared\Microsoft.NETCore.App\2.2.6\System.IO.FileSystem.Primitives.dll</ModulePath>
      <ModuleTime>2019-06-18T04:54:48Z</ModuleTime>
      <ModuleName>System.IO.FileSystem.Primitives</ModuleName>
      <Classes />
    </Module>
    <Module skippedDueTo="Filter" hash="EA-33-2D-03-DE-B2-5F-D8-2F-3E-0E-26-EA-F0-04-08-B1-ED-C1-2C">
      <ModulePath>C:\Program Files\dotnet\shared\Microsoft.NETCore.App\2.2.6\System.Memory.dll</ModulePath>
      <ModuleTime>2019-06-18T04:54:48Z</ModuleTime>
      <ModuleName>System.Memory</ModuleName>
      <Classes />
    </Module>
    <Module skippedDueTo="Filter" hash="00-F0-05-FD-C6-5E-E6-E8-65-CA-CE-98-81-FC-9F-FE-53-E0-1B-3A">
      <ModulePath>C:\Program Files\dotnet\shared\Microsoft.NETCore.App\2.2.6\System.IO.dll</ModulePath>
      <ModuleTime>2019-06-18T04:54:48Z</ModuleTime>
      <ModuleName>System.IO</ModuleName>
      <Classes />
    </Module>
    <Module skippedDueTo="Filter" hash="5C-76-17-CC-38-80-7E-CF-85-0A-4C-3B-E4-CD-5F-02-3A-D8-E7-D1">
      <ModulePath>C:\Program Files\dotnet\shared\Microsoft.NETCore.App\2.2.6\System.Text.Encoding.Extensions.dll</ModulePath>
      <ModuleTime>2019-06-18T04:54:50Z</ModuleTime>
      <ModuleName>System.Text.Encoding.Extensions</ModuleName>
      <Classes />
    </Module>
    <Module skippedDueTo="MissingPdb" hash="02-7F-8A-A4-70-F0-B2-D7-61-9B-E7-35-C1-2C-75-E9-E4-90-EC-28">
      <ModulePath>C:\Program Files\dotnet\sdk\2.2.401\Microsoft.ApplicationInsights.dll</ModulePath>
      <ModuleTime>2019-07-12T07:58:24Z</ModuleTime>
      <ModuleName>Microsoft.ApplicationInsights</ModuleName>
      <Classes />
    </Module>
    <Module skippedDueTo="Filter" hash="5E-5F-02-FA-5C-19-6F-72-ED-0D-E8-C1-EA-12-51-11-C6-71-EC-8D">
      <ModulePath>C:\Program Files\dotnet\shared\Microsoft.NETCore.App\2.2.6\System.Reflection.Extensions.dll</ModulePath>
      <ModuleTime>2019-06-18T04:54:50Z</ModuleTime>
      <ModuleName>System.Reflection.Extensions</ModuleName>
      <Classes />
    </Module>
    <Module skippedDueTo="Filter" hash="AB-98-DA-53-18-60-71-2A-0F-43-B8-76-22-BB-2A-45-3D-45-91-9A">
      <ModulePath>C:\Program Files\dotnet\shared\Microsoft.NETCore.App\2.2.6\System.Reflection.dll</ModulePath>
      <ModuleTime>2019-06-18T04:54:50Z</ModuleTime>
      <ModuleName>System.Reflection</ModuleName>
      <Classes />
    </Module>
    <Module skippedDueTo="Filter" hash="E3-CC-38-CF-54-84-17-E1-99-F6-5F-92-E5-D3-16-77-73-8A-B3-FA">
      <ModulePath>C:\Program Files\dotnet\shared\Microsoft.NETCore.App\2.2.6\System.Xml.XDocument.dll</ModulePath>
      <ModuleTime>2019-06-18T04:54:50Z</ModuleTime>
      <ModuleName>System.Xml.XDocument</ModuleName>
      <Classes />
    </Module>
    <Module skippedDueTo="Filter" hash="3B-0E-02-3E-2D-9C-5C-7F-18-B0-40-2B-57-67-51-98-50-BC-A4-80">
      <ModulePath>C:\Program Files\dotnet\shared\Microsoft.NETCore.App\2.2.6\System.Private.Xml.Linq.dll</ModulePath>
      <ModuleTime>2019-06-18T04:54:48Z</ModuleTime>
      <ModuleName>System.Private.Xml.Linq</ModuleName>
      <Classes />
    </Module>
    <Module skippedDueTo="Filter" hash="AC-95-24-15-DB-EF-AE-CF-91-40-94-51-AD-C0-96-66-39-E1-1F-E5">
      <ModulePath>C:\Program Files\dotnet\shared\Microsoft.NETCore.App\2.2.6\System.Security.Cryptography.Algorithms.dll</ModulePath>
      <ModuleTime>2019-06-18T04:54:50Z</ModuleTime>
      <ModuleName>System.Security.Cryptography.Algorithms</ModuleName>
      <Classes />
    </Module>
    <Module skippedDueTo="Filter" hash="A9-63-52-44-1F-F8-7D-84-42-A6-40-12-96-01-5B-D6-EF-2A-99-BE">
      <ModulePath>C:\Program Files\dotnet\shared\Microsoft.NETCore.App\2.2.6\System.Security.Cryptography.Primitives.dll</ModulePath>
      <ModuleTime>2019-06-18T04:54:50Z</ModuleTime>
      <ModuleName>System.Security.Cryptography.Primitives</ModuleName>
      <Classes />
    </Module>
    <Module skippedDueTo="Filter" hash="8D-A0-E4-64-2A-41-53-E9-30-30-B3-2D-F2-34-B5-B2-CD-74-F6-B1">
      <ModulePath>C:\Program Files\dotnet\shared\Microsoft.NETCore.App\2.2.6\System.Private.Xml.dll</ModulePath>
      <ModuleTime>2019-06-18T04:54:48Z</ModuleTime>
      <ModuleName>System.Private.Xml</ModuleName>
      <Classes />
    </Module>
    <Module skippedDueTo="MissingPdb" hash="B6-07-2E-FB-D1-10-E4-9D-34-61-B3-0A-D7-2F-D1-AF-91-AF-46-33">
      <ModulePath>C:\Program Files\dotnet\sdk\2.2.401\Microsoft.TemplateEngine.Cli.dll</ModulePath>
      <ModuleTime>2019-07-12T07:58:46Z</ModuleTime>
      <ModuleName>Microsoft.TemplateEngine.Cli</ModuleName>
      <Classes />
    </Module>
    <Module skippedDueTo="Filter" hash="D6-E3-C0-BC-88-7F-2B-A1-6F-6D-C6-B2-F8-AE-BE-64-D1-EA-02-52">
      <ModulePath>C:\Program Files\dotnet\shared\Microsoft.NETCore.App\2.2.6\System.Xml.ReaderWriter.dll</ModulePath>
      <ModuleTime>2019-06-18T04:54:50Z</ModuleTime>
      <ModuleName>System.Xml.ReaderWriter</ModuleName>
      <Classes />
    </Module>
    <Module skippedDueTo="Filter" hash="C2-34-5A-32-19-7A-16-96-42-C7-08-D2-6C-83-35-E7-3D-4E-B0-22">
      <ModulePath>C:\Program Files\dotnet\shared\Microsoft.NETCore.App\2.2.6\System.Diagnostics.Tracing.dll</ModulePath>
      <ModuleTime>2019-06-18T04:54:48Z</ModuleTime>
      <ModuleName>System.Diagnostics.Tracing</ModuleName>
      <Classes />
    </Module>
    <Module skippedDueTo="Filter" hash="A7-D8-4E-E6-E3-39-52-8E-AE-9C-BF-02-2B-70-4A-C5-2D-8E-7E-E9">
      <ModulePath>C:\Program Files\dotnet\shared\Microsoft.NETCore.App\2.2.6\System.Resources.ResourceManager.dll</ModulePath>
      <ModuleTime>2019-06-18T04:54:50Z</ModuleTime>
      <ModuleName>System.Resources.ResourceManager</ModuleName>
      <Classes />
    </Module>
    <Module skippedDueTo="Filter" hash="AF-3A-CA-2C-BD-79-90-89-3B-83-61-9B-30-29-20-36-32-7B-36-2C">
      <ModulePath>C:\Program Files\dotnet\shared\Microsoft.NETCore.App\2.2.6\System.Globalization.dll</ModulePath>
      <ModuleTime>2019-06-18T04:54:48Z</ModuleTime>
      <ModuleName>System.Globalization</ModuleName>
      <Classes />
    </Module>
    <Module skippedDueTo="Filter" hash="F5-B8-AE-DC-CD-84-16-87-44-35-56-C7-46-59-E7-F4-61-0B-75-1E">
      <ModulePath>C:\Program Files\dotnet\shared\Microsoft.NETCore.App\2.2.6\System.Private.Uri.dll</ModulePath>
      <ModuleTime>2019-06-18T04:54:48Z</ModuleTime>
      <ModuleName>System.Private.Uri</ModuleName>
      <Classes />
    </Module>
    <Module skippedDueTo="Filter" hash="4E-02-3D-C7-40-67-78-F0-EB-CB-5E-B4-20-02-D0-AE-C3-A8-E7-06">
      <ModulePath>C:\Program Files\dotnet\shared\Microsoft.NETCore.App\2.2.6\System.Threading.Tasks.dll</ModulePath>
      <ModuleTime>2019-06-18T04:54:50Z</ModuleTime>
      <ModuleName>System.Threading.Tasks</ModuleName>
      <Classes />
    </Module>
    <Module skippedDueTo="Filter" hash="70-85-C4-AC-4D-BE-15-58-EB-44-45-E6-81-F8-15-41-A3-EC-D6-46">
      <ModulePath>C:\Program Files\dotnet\shared\Microsoft.NETCore.App\2.2.6\System.Text.RegularExpressions.dll</ModulePath>
      <ModuleTime>2019-06-18T04:54:50Z</ModuleTime>
      <ModuleName>System.Text.RegularExpressions</ModuleName>
      <Classes />
    </Module>
    <Module skippedDueTo="Filter" hash="C5-96-DB-23-28-EB-F9-4B-88-73-28-8F-EB-47-2E-94-A7-19-5D-B2">
      <ModulePath>C:\Program Files\dotnet\shared\Microsoft.NETCore.App\2.2.6\System.Buffers.dll</ModulePath>
      <ModuleTime>2019-06-18T04:54:48Z</ModuleTime>
      <ModuleName>System.Buffers</ModuleName>
      <Classes />
    </Module>
    <Module skippedDueTo="Filter" hash="A5-13-75-12-A3-0A-07-07-A9-A3-03-9A-4F-67-60-CC-98-E7-84-C8">
      <ModulePath>C:\Program Files\dotnet\shared\Microsoft.NETCore.App\2.2.6\System.Reflection.Emit.ILGeneration.dll</ModulePath>
      <ModuleTime>2019-06-18T04:54:50Z</ModuleTime>
      <ModuleName>System.Reflection.Emit.ILGeneration</ModuleName>
      <Classes />
    </Module>
    <Module skippedDueTo="Filter" hash="BE-B3-20-BA-3F-B9-4E-09-0A-8C-7B-AF-F2-A4-AD-8A-67-55-66-21">
      <ModulePath>C:\Program Files\dotnet\shared\Microsoft.NETCore.App\2.2.6\System.Reflection.Emit.Lightweight.dll</ModulePath>
      <ModuleTime>2019-06-18T04:54:50Z</ModuleTime>
      <ModuleName>System.Reflection.Emit.Lightweight</ModuleName>
      <Classes />
    </Module>
    <Module skippedDueTo="Filter" hash="84-BF-96-D7-E9-0A-36-FD-5C-D9-1A-71-C6-B9-02-CD-EB-A6-B6-D1">
      <ModulePath>C:\Program Files\dotnet\shared\Microsoft.NETCore.App\2.2.6\System.Reflection.Primitives.dll</ModulePath>
      <ModuleTime>2019-06-18T04:54:50Z</ModuleTime>
      <ModuleName>System.Reflection.Primitives</ModuleName>
      <Classes />
    </Module>
    <Module skippedDueTo="MissingPdb" hash="65-D8-A1-6E-52-07-CB-68-CD-5B-9C-6E-FC-24-BC-9A-00-98-9D-88">
      <ModulePath>C:\Program Files\dotnet\shared\Microsoft.NETCore.App\2.2.6\Microsoft.Win32.Registry.dll</ModulePath>
      <ModuleTime>2019-06-18T04:54:48Z</ModuleTime>
      <ModuleName>Microsoft.Win32.Registry</ModuleName>
      <Classes />
    </Module>
    <Module skippedDueTo="MissingPdb" hash="27-8C-24-E6-82-FF-4F-B1-5B-1F-B1-6D-FE-66-12-21-B8-5A-48-46">
      <ModulePath>C:\Program Files\dotnet\sdk\2.2.401\Microsoft.TemplateEngine.Utils.dll</ModulePath>
      <ModuleTime>2019-07-12T07:57:40Z</ModuleTime>
      <ModuleName>Microsoft.TemplateEngine.Utils</ModuleName>
      <Classes />
    </Module>
    <Module skippedDueTo="Filter" hash="F2-8F-CD-4B-C6-A4-5A-72-F5-6B-B4-2C-D3-6F-F3-AB-F3-46-4D-58">
      <ModulePath>C:\Program Files\dotnet\shared\Microsoft.NETCore.App\2.2.6\System.Diagnostics.Tools.dll</ModulePath>
      <ModuleTime>2019-06-18T04:54:48Z</ModuleTime>
      <ModuleName>System.Diagnostics.Tools</ModuleName>
      <Classes />
    </Module>
    <Module skippedDueTo="Filter" hash="F7-0C-EF-5C-44-AC-28-7A-2D-03-0E-09-1F-DE-BA-45-EC-F5-49-84">
      <ModulePath>C:\Program Files\dotnet\shared\Microsoft.NETCore.App\2.2.6\System.Diagnostics.Debug.dll</ModulePath>
      <ModuleTime>2019-06-18T04:54:48Z</ModuleTime>
      <ModuleName>System.Diagnostics.Debug</ModuleName>
      <Classes />
    </Module>
    <Module skippedDueTo="Filter" hash="53-06-C4-7E-3B-03-68-6D-00-76-C1-CE-71-23-CD-A7-C6-AF-A5-A6">
      <ModulePath>C:\Program Files\dotnet\shared\Microsoft.NETCore.App\2.2.6\System.Text.Encoding.dll</ModulePath>
      <ModuleTime>2019-06-18T04:54:50Z</ModuleTime>
      <ModuleName>System.Text.Encoding</ModuleName>
      <Classes />
    </Module>
    <Module skippedDueTo="Filter" hash="8E-18-B5-BD-6B-8A-1A-3A-EF-4A-85-D6-0B-2C-E9-CE-11-59-34-3C">
      <ModulePath>C:\Program Files\dotnet\shared\Microsoft.NETCore.App\2.2.6\System.IO.Compression.dll</ModulePath>
      <ModuleTime>2019-06-18T04:54:48Z</ModuleTime>
      <ModuleName>System.IO.Compression</ModuleName>
      <Classes />
    </Module>
    <Module skippedDueTo="Filter" hash="18-E8-BE-EC-DD-04-D7-48-F4-39-8A-2B-72-DD-A3-2B-9A-ED-1E-44">
      <ModulePath>C:\Program Files\dotnet\shared\Microsoft.NETCore.App\2.2.6\System.Net.Http.dll</ModulePath>
      <ModuleTime>2019-06-18T04:54:48Z</ModuleTime>
      <ModuleName>System.Net.Http</ModuleName>
      <Classes />
    </Module>
    <Module skippedDueTo="Filter" hash="88-D3-B5-72-3D-DE-3B-F7-C4-DA-18-9B-CB-D4-5F-97-0C-3D-20-F9">
      <ModulePath>C:\Program Files\dotnet\shared\Microsoft.NETCore.App\2.2.6\System.Net.Primitives.dll</ModulePath>
      <ModuleTime>2019-06-18T04:54:48Z</ModuleTime>
      <ModuleName>System.Net.Primitives</ModuleName>
      <Classes />
    </Module>
    <Module skippedDueTo="Filter" hash="E3-77-22-7C-B1-66-E4-9E-07-AF-10-4C-E0-DD-79-41-AF-EF-2D-56">
      <ModulePath>C:\Program Files\dotnet\shared\Microsoft.NETCore.App\2.2.6\System.Net.Security.dll</ModulePath>
      <ModuleTime>2019-06-18T04:54:48Z</ModuleTime>
      <ModuleName>System.Net.Security</ModuleName>
      <Classes />
    </Module>
    <Module skippedDueTo="Filter" hash="FD-68-AA-DE-64-13-BF-F6-7E-A0-00-72-F3-71-2E-93-84-BD-D7-1C">
      <ModulePath>C:\Program Files\dotnet\shared\Microsoft.NETCore.App\2.2.6\System.Security.Cryptography.X509Certificates.dll</ModulePath>
      <ModuleTime>2019-06-18T04:54:50Z</ModuleTime>
      <ModuleName>System.Security.Cryptography.X509Certificates</ModuleName>
      <Classes />
    </Module>
    <Module skippedDueTo="Filter" hash="67-03-69-E4-1D-88-1F-EA-7E-2E-0A-C6-4D-72-F0-6E-A4-C8-83-4B">
      <ModulePath>C:\Program Files\dotnet\shared\Microsoft.NETCore.App\2.2.6\System.Diagnostics.DiagnosticSource.dll</ModulePath>
      <ModuleTime>2019-06-18T04:54:48Z</ModuleTime>
      <ModuleName>System.Diagnostics.DiagnosticSource</ModuleName>
      <Classes />
    </Module>
    <Module skippedDueTo="MissingPdb" hash="74-F6-5B-6B-7E-E1-B6-2A-24-D2-61-6C-44-1B-1B-A0-A0-0B-CA-BB">
      <ModulePath>C:\Program Files\dotnet\shared\Microsoft.NETCore.App\2.2.6\Microsoft.Win32.Primitives.dll</ModulePath>
      <ModuleTime>2019-06-18T04:54:48Z</ModuleTime>
      <ModuleName>Microsoft.Win32.Primitives</ModuleName>
      <Classes />
    </Module>
    <Module skippedDueTo="MissingPdb" hash="BC-DC-E0-BD-9D-62-05-69-D4-92-2E-CE-1F-5E-71-6F-7B-C9-D8-CB">
      <ModulePath>C:\Program Files\dotnet\sdk\2.2.401\Microsoft.Build.Framework.dll</ModulePath>
      <ModuleTime>2019-07-12T07:57:10Z</ModuleTime>
      <ModuleName>Microsoft.Build.Framework</ModuleName>
      <Classes />
    </Module>
    <Module skippedDueTo="Filter" hash="7C-A3-B6-D5-2B-B7-42-9C-04-B4-23-A9-96-EC-F5-9F-21-4C-5A-0B">
      <ModulePath>C:\Program Files\dotnet\shared\Microsoft.NETCore.App\2.2.6\System.Collections.NonGeneric.dll</ModulePath>
      <ModuleTime>2019-06-18T04:54:48Z</ModuleTime>
      <ModuleName>System.Collections.NonGeneric</ModuleName>
      <Classes />
    </Module>
    <Module skippedDueTo="Filter" hash="F7-91-CA-81-D1-93-7E-D6-9E-D0-E2-88-5A-38-B8-AC-09-E3-BD-AB">
      <ModulePath>C:\Program Files\dotnet\shared\Microsoft.NETCore.App\2.2.6\System.Threading.Timer.dll</ModulePath>
      <ModuleTime>2019-06-18T04:54:50Z</ModuleTime>
      <ModuleName>System.Threading.Timer</ModuleName>
      <Classes />
    </Module>
    <Module skippedDueTo="Filter" hash="F0-ED-DD-50-B1-4B-2F-3E-D9-A4-EB-04-5A-F5-EF-7C-AD-AA-8E-06">
      <ModulePath>C:\Program Files\dotnet\shared\Microsoft.NETCore.App\2.2.6\System.ComponentModel.Primitives.dll</ModulePath>
      <ModuleTime>2019-06-18T04:54:48Z</ModuleTime>
      <ModuleName>System.ComponentModel.Primitives</ModuleName>
      <Classes />
    </Module>
    <Module skippedDueTo="Filter" hash="A6-E9-5B-83-9F-40-68-07-7C-7D-1A-60-08-D1-53-67-51-9F-A2-55">
      <ModulePath>C:\Program Files\dotnet\shared\Microsoft.NETCore.App\2.2.6\System.Net.NetworkInformation.dll</ModulePath>
      <ModuleTime>2019-06-18T04:54:48Z</ModuleTime>
      <ModuleName>System.Net.NetworkInformation</ModuleName>
      <Classes />
    </Module>
    <Module skippedDueTo="Filter" hash="10-62-DD-00-0C-4D-D2-94-40-E0-EB-B8-50-89-3C-E9-FB-4D-83-AB">
      <ModulePath>C:\Program Files\dotnet\shared\Microsoft.NETCore.App\2.2.6\System.Net.Sockets.dll</ModulePath>
      <ModuleTime>2019-06-18T04:54:48Z</ModuleTime>
      <ModuleName>System.Net.Sockets</ModuleName>
      <Classes />
    </Module>
    <Module skippedDueTo="Filter" hash="50-5F-1E-75-E7-13-F0-19-69-DB-AE-37-C8-E3-4E-C9-03-E4-D9-DA">
      <ModulePath>C:\Program Files\dotnet\shared\Microsoft.NETCore.App\2.2.6\System.Threading.Overlapped.dll</ModulePath>
      <ModuleTime>2019-06-18T04:54:50Z</ModuleTime>
      <ModuleName>System.Threading.Overlapped</ModuleName>
      <Classes />
    </Module>
    <Module skippedDueTo="Filter" hash="C8-58-68-9F-21-44-94-F5-05-98-3F-01-6D-4B-A0-6C-D2-2B-42-07">
      <ModulePath>C:\Program Files\dotnet\shared\Microsoft.NETCore.App\2.2.6\System.Net.NameResolution.dll</ModulePath>
      <ModuleTime>2019-06-18T04:54:48Z</ModuleTime>
      <ModuleName>System.Net.NameResolution</ModuleName>
      <Classes />
    </Module>
    <Module skippedDueTo="Filter" hash="80-47-AC-2A-3E-2B-D7-5A-4B-A9-7E-33-81-4A-66-28-1A-0E-69-8D">
      <ModulePath>C:\Program Files\dotnet\shared\Microsoft.NETCore.App\2.2.6\System.Security.Principal.Windows.dll</ModulePath>
      <ModuleTime>2019-06-18T04:54:50Z</ModuleTime>
      <ModuleName>System.Security.Principal.Windows</ModuleName>
      <Classes />
    </Module>
    <Module skippedDueTo="Filter" hash="95-CF-5A-3F-9C-6D-CF-9A-2B-01-D1-33-9E-C8-0C-DA-A7-6A-6E-8C">
      <ModulePath>C:\Program Files\dotnet\shared\Microsoft.NETCore.App\2.2.6\System.Security.Claims.dll</ModulePath>
      <ModuleTime>2019-06-18T04:54:50Z</ModuleTime>
      <ModuleName>System.Security.Claims</ModuleName>
      <Classes />
    </Module>
    <Module skippedDueTo="Filter" hash="E0-ED-FA-3C-87-27-0F-7A-4E-5F-1A-8E-34-35-A6-36-23-7D-E1-60">
      <ModulePath>C:\Program Files\dotnet\shared\Microsoft.NETCore.App\2.2.6\System.Security.Principal.dll</ModulePath>
      <ModuleTime>2019-06-18T04:54:50Z</ModuleTime>
      <ModuleName>System.Security.Principal</ModuleName>
      <Classes />
    </Module>
    <Module skippedDueTo="Filter" hash="C5-DC-AA-BF-DA-D1-F4-E4-59-34-0E-AB-4D-A1-88-ED-3F-E6-61-49">
      <ModulePath>C:\Program Files\dotnet\shared\Microsoft.NETCore.App\2.2.6\System.Security.Cryptography.Encoding.dll</ModulePath>
      <ModuleTime>2019-06-18T04:54:50Z</ModuleTime>
      <ModuleName>System.Security.Cryptography.Encoding</ModuleName>
      <Classes />
    </Module>
    <Module skippedDueTo="Filter" hash="49-64-C9-D7-9B-97-5C-3C-02-1D-76-41-57-76-43-2C-B9-93-32-4B">
      <ModulePath>C:\Program Files\dotnet\shared\Microsoft.NETCore.App\2.2.6\System.Threading.ThreadPool.dll</ModulePath>
      <ModuleTime>2019-06-18T04:54:50Z</ModuleTime>
      <ModuleName>System.Threading.ThreadPool</ModuleName>
      <Classes />
    </Module>
    <Module skippedDueTo="MissingPdb" hash="8D-B8-E1-4D-B0-6D-C1-6D-34-59-E6-82-6A-94-11-3C-9D-6B-E2-B3">
      <ModulePath>C:\Program Files\dotnet\sdk\2.2.401\MSBuild.dll</ModulePath>
      <ModuleTime>2019-07-12T08:02:42Z</ModuleTime>
      <ModuleName>MSBuild</ModuleName>
      <Classes />
    </Module>
    <Module skippedDueTo="MissingPdb" hash="5D-28-52-9F-9C-F1-EB-01-DD-B2-8A-98-D5-2D-D0-7E-DE-A4-CF-21">
      <ModulePath>C:\Program Files\dotnet\sdk\2.2.401\Microsoft.Build.dll</ModulePath>
      <ModuleTime>2019-07-12T07:58:04Z</ModuleTime>
      <ModuleName>Microsoft.Build</ModuleName>
      <Classes />
    </Module>
    <Module skippedDueTo="MissingPdb" hash="A9-54-73-32-7D-33-80-40-5A-1E-82-89-C4-3B-EE-26-77-A6-36-55">
      <ModulePath>C:\Program Files\dotnet\sdk\2.2.401\Microsoft.DotNet.Tools.MigrateCommand.dll</ModulePath>
      <ModuleTime>2019-07-12T07:57:12Z</ModuleTime>
      <ModuleName>Microsoft.DotNet.Tools.MigrateCommand</ModuleName>
      <Classes />
    </Module>
    <Module skippedDueTo="Filter" hash="8A-F9-F1-81-6C-9F-5D-68-EC-7C-86-DA-2E-5E-DB-29-05-48-0B-40">
      <ModulePath>C:\Program Files\dotnet\shared\Microsoft.NETCore.App\2.2.6\System.Threading.Tasks.Dataflow.dll</ModulePath>
      <ModuleTime>2019-06-18T04:54:50Z</ModuleTime>
      <ModuleName>System.Threading.Tasks.Dataflow</ModuleName>
      <Classes />
    </Module>
    <Module skippedDueTo="Filter" hash="83-41-87-25-F1-23-7B-AA-1E-37-3B-E4-7A-27-16-45-73-47-44-FC">
      <ModulePath>C:\Program Files\dotnet\shared\Microsoft.NETCore.App\2.2.6\System.ObjectModel.dll</ModulePath>
      <ModuleTime>2019-06-18T04:54:48Z</ModuleTime>
      <ModuleName>System.ObjectModel</ModuleName>
      <Classes />
    </Module>
    <Module skippedDueTo="Filter" hash="88-D0-65-E1-BB-09-6C-F0-05-34-C5-05-B6-FE-40-8F-83-A9-70-6D">
      <ModulePath>C:\Program Files\dotnet\shared\Microsoft.NETCore.App\2.2.6\System.Diagnostics.TraceSource.dll</ModulePath>
      <ModuleTime>2019-06-18T04:54:48Z</ModuleTime>
      <ModuleName>System.Diagnostics.TraceSource</ModuleName>
      <Classes />
    </Module>
    <Module skippedDueTo="Filter" hash="25-02-AD-10-85-33-8B-5F-69-6D-17-DD-54-2B-C9-DE-65-53-AA-32">
      <ModulePath>C:\Program Files\dotnet\shared\Microsoft.NETCore.App\2.2.6\System.Collections.Immutable.dll</ModulePath>
      <ModuleTime>2019-06-18T04:54:48Z</ModuleTime>
      <ModuleName>System.Collections.Immutable</ModuleName>
      <Classes />
    </Module>
    <Module skippedDueTo="MissingPdb" hash="C3-39-D2-CE-15-09-88-1B-8F-E3-D8-D3-BF-6E-20-CD-D8-E7-A1-ED">
      <ModulePath>C:\Program Files\dotnet\sdk\2.2.401\Microsoft.Build.NuGetSdkResolver.dll</ModulePath>
      <ModuleTime>2019-07-12T07:57:18Z</ModuleTime>
      <ModuleName>Microsoft.Build.NuGetSdkResolver</ModuleName>
      <Classes />
    </Module>
    <Module skippedDueTo="Filter" hash="F0-05-3B-32-04-0A-FB-7D-17-12-86-A2-2E-21-50-56-89-2F-E9-0D">
      <ModulePath>C:\Program Files\dotnet\shared\Microsoft.NETCore.App\2.2.6\System.Diagnostics.FileVersionInfo.dll</ModulePath>
      <ModuleTime>2019-06-18T04:54:48Z</ModuleTime>
      <ModuleName>System.Diagnostics.FileVersionInfo</ModuleName>
      <Classes />
    </Module>
    <Module skippedDueTo="Filter" hash="4C-60-3A-02-51-06-C6-6B-2B-DE-41-3E-CD-F8-7C-FD-F5-E4-F5-EF">
      <ModulePath>C:\Program Files\dotnet\shared\Microsoft.NETCore.App\2.2.6\System.Threading.Tasks.Parallel.dll</ModulePath>
      <ModuleTime>2019-06-18T04:54:50Z</ModuleTime>
      <ModuleName>System.Threading.Tasks.Parallel</ModuleName>
      <Classes />
    </Module>
    <Module skippedDueTo="MissingPdb" hash="E0-B3-DC-3F-9E-C2-D5-84-30-AF-11-EB-D3-82-40-9E-55-23-52-97">
      <ModulePath>C:\Program Files\dotnet\sdk\2.2.401\Microsoft.Build.Utilities.Core.dll</ModulePath>
      <ModuleTime>2019-07-12T07:57:08Z</ModuleTime>
      <ModuleName>Microsoft.Build.Utilities.Core</ModuleName>
      <Classes />
    </Module>
    <Module skippedDueTo="MissingPdb" hash="0F-53-58-7C-E7-AF-ED-DD-A4-2C-C6-0B-8F-E0-B0-5A-ED-9C-6A-EB">
      <ModulePath>C:\Program Files\dotnet\sdk\2.2.401\Microsoft.Build.Tasks.Core.dll</ModulePath>
      <ModuleTime>2019-07-12T07:57:08Z</ModuleTime>
      <ModuleName>Microsoft.Build.Tasks.Core</ModuleName>
      <Classes />
    </Module>
    <Module skippedDueTo="MissingPdb" hash="27-3D-F0-5D-9C-3C-42-2F-3E-FE-D3-32-E3-F6-1B-FB-25-58-36-6D">
      <ModulePath>C:\Program Files\dotnet\sdk\2.2.401\Microsoft.TestPlatform.Build.dll</ModulePath>
      <ModuleTime>2019-07-12T07:57:40Z</ModuleTime>
      <ModuleName>Microsoft.TestPlatform.Build</ModuleName>
      <Classes />
    </Module>
    <Module skippedDueTo="MissingPdb" hash="96-D4-4C-0C-9B-E9-47-20-64-F1-95-60-3D-39-24-A3-6D-21-68-BE">
      <ModulePath>C:\Program Files\dotnet\sdk\2.2.401\vstest.console.dll</ModulePath>
      <ModuleTime>2019-07-12T08:02:42Z</ModuleTime>
      <ModuleName>vstest.console</ModuleName>
      <Classes />
    </Module>
    <Module skippedDueTo="MissingPdb" hash="F1-EA-EC-A4-D8-22-55-76-FB-D1-C5-2F-93-B7-A6-3A-17-CF-30-58">
      <ModulePath>C:\Program Files\dotnet\sdk\2.2.401\Microsoft.TestPlatform.CoreUtilities.dll</ModulePath>
      <ModuleTime>2019-07-12T07:57:20Z</ModuleTime>
      <ModuleName>Microsoft.TestPlatform.CoreUtilities</ModuleName>
      <Classes />
    </Module>
    <Module skippedDueTo="MissingPdb" hash="A2-88-1D-FF-2A-5F-9C-B9-9B-D2-71-40-09-4F-3A-49-A7-6E-72-9B">
      <ModulePath>C:\Program Files\dotnet\sdk\2.2.401\Microsoft.VisualStudio.TestPlatform.ObjectModel.dll</ModulePath>
      <ModuleTime>2019-07-12T07:58:46Z</ModuleTime>
      <ModuleName>Microsoft.VisualStudio.TestPlatform.ObjectModel</ModuleName>
      <Classes />
    </Module>
    <Module skippedDueTo="MissingPdb" hash="1F-8F-BB-51-38-48-20-D2-1A-23-7B-50-BB-F0-8C-70-AE-77-2E-EE">
      <ModulePath>C:\Program Files\dotnet\sdk\2.2.401\Microsoft.VisualStudio.TestPlatform.Client.dll</ModulePath>
      <ModuleTime>2019-07-12T07:57:16Z</ModuleTime>
      <ModuleName>Microsoft.VisualStudio.TestPlatform.Client</ModuleName>
      <Classes />
    </Module>
    <Module skippedDueTo="MissingPdb" hash="F6-F1-B1-6E-C5-78-97-84-03-6F-31-81-05-F5-92-4D-9B-6D-CD-EA">
      <ModulePath>C:\Program Files\dotnet\sdk\2.2.401\Microsoft.VisualStudio.TestPlatform.Common.dll</ModulePath>
      <ModuleTime>2019-07-12T07:57:18Z</ModuleTime>
      <ModuleName>Microsoft.VisualStudio.TestPlatform.Common</ModuleName>
      <Classes />
    </Module>
    <Module skippedDueTo="MissingPdb" hash="F8-2F-41-9A-90-39-17-94-C0-09-DE-DC-3B-4D-8E-51-04-53-4C-0F">
      <ModulePath>C:\Program Files\dotnet\sdk\2.2.401\Microsoft.TestPlatform.PlatformAbstractions.dll</ModulePath>
      <ModuleTime>2019-07-12T07:57:10Z</ModuleTime>
      <ModuleName>Microsoft.TestPlatform.PlatformAbstractions</ModuleName>
      <Classes />
    </Module>
    <Module skippedDueTo="Filter" hash="AC-9E-1E-41-6D-51-54-0D-8F-06-79-AF-F8-53-70-98-82-B7-E9-3F">
      <ModulePath>C:\Program Files\dotnet\shared\Microsoft.NETCore.App\2.2.6\System.Xml.XmlDocument.dll</ModulePath>
      <ModuleTime>2019-06-18T04:54:50Z</ModuleTime>
      <ModuleName>System.Xml.XmlDocument</ModuleName>
      <Classes />
    </Module>
    <Module skippedDueTo="MissingPdb" hash="04-D6-0F-39-F8-10-BB-75-9A-8A-5E-F3-DE-C7-E7-A5-EA-07-83-A4">
      <ModulePath>C:\Program Files\dotnet\sdk\2.2.401\Microsoft.TestPlatform.Utilities.dll</ModulePath>
      <ModuleTime>2019-07-12T07:57:14Z</ModuleTime>
      <ModuleName>Microsoft.TestPlatform.Utilities</ModuleName>
      <Classes />
    </Module>
    <Module skippedDueTo="Filter" hash="11-99-5E-0E-41-B8-B2-37-8F-12-B2-DC-01-82-A0-DA-E5-B0-CE-9A">
      <ModulePath>C:\Program Files\dotnet\sdk\2.2.401\System.Xml.XPath.XmlDocument.dll</ModulePath>
      <ModuleTime>2019-07-12T07:57:38Z</ModuleTime>
      <ModuleName>System.Xml.XPath.XmlDocument</ModuleName>
      <Classes />
    </Module>
    <Module skippedDueTo="Filter" hash="43-71-1F-49-20-E8-7A-AB-CB-99-F4-4C-AE-CD-82-35-78-F7-D1-77">
      <ModulePath>C:\Program Files\dotnet\shared\Microsoft.NETCore.App\2.2.6\System.Xml.XPath.dll</ModulePath>
      <ModuleTime>2019-06-18T04:54:50Z</ModuleTime>
      <ModuleName>System.Xml.XPath</ModuleName>
      <Classes />
    </Module>
    <Module skippedDueTo="MissingPdb" hash="B9-4B-B6-25-4E-86-89-43-4D-C7-FC-2E-7D-EC-D0-9A-6D-72-34-30">
      <ModulePath>C:\Program Files\dotnet\sdk\2.2.401\Microsoft.TestPlatform.CrossPlatEngine.dll</ModulePath>
      <ModuleTime>2019-07-12T07:58:24Z</ModuleTime>
      <ModuleName>Microsoft.TestPlatform.CrossPlatEngine</ModuleName>
      <Classes />
    </Module>
    <Module skippedDueTo="MissingPdb" hash="0D-00-A7-FA-0C-9C-8C-8A-BC-70-61-6F-AA-54-FD-9B-29-D0-A2-11">
      <ModulePath>C:\Program Files\dotnet\sdk\2.2.401\Extensions\Microsoft.TestPlatform.Extensions.BlameDataCollector.dll</ModulePath>
      <ModuleTime>2019-07-12T07:55:40Z</ModuleTime>
      <ModuleName>Microsoft.TestPlatform.Extensions.BlameDataCollector</ModuleName>
      <Classes />
    </Module>
    <Module skippedDueTo="Filter" hash="F1-29-B7-82-61-62-19-9F-54-25-EA-DE-68-6D-89-7F-37-27-C5-82">
      <ModulePath>C:\Program Files\dotnet\shared\Microsoft.NETCore.App\2.2.6\System.Reflection.TypeExtensions.dll</ModulePath>
      <ModuleTime>2019-06-18T04:54:50Z</ModuleTime>
      <ModuleName>System.Reflection.TypeExtensions</ModuleName>
      <Classes />
    </Module>
    <Module skippedDueTo="MissingPdb" hash="76-79-B9-E9-24-43-3A-39-5E-47-E7-74-5F-7E-17-0B-47-3E-FB-09">
      <ModulePath>C:\Program Files\dotnet\sdk\2.2.401\Extensions\Microsoft.TestPlatform.Extensions.EventLogCollector.dll</ModulePath>
      <ModuleTime>2019-07-12T07:54:48Z</ModuleTime>
      <ModuleName>Microsoft.TestPlatform.Extensions.EventLogCollector</ModuleName>
      <Classes />
    </Module>
    <Module skippedDueTo="Filter" hash="E0-77-0D-CB-E8-95-23-5B-CE-99-25-7F-15-96-42-4A-89-0C-CE-7A">
      <ModulePath>C:\Program Files\dotnet\shared\Microsoft.NETCore.App\2.2.6\mscorlib.dll</ModulePath>
      <ModuleTime>2019-06-18T04:54:48Z</ModuleTime>
      <ModuleName>mscorlib</ModuleName>
      <Classes />
    </Module>
    <Module skippedDueTo="Filter" hash="11-D2-8B-38-E5-34-B0-86-F4-56-19-9D-9A-85-B0-8F-65-E7-77-95">
      <ModulePath>C:\Program Files\dotnet\shared\Microsoft.NETCore.App\2.2.6\System.Xml.dll</ModulePath>
      <ModuleTime>2019-06-18T04:54:50Z</ModuleTime>
      <ModuleName>System.Xml</ModuleName>
      <Classes />
    </Module>
    <Module skippedDueTo="MissingPdb" hash="AE-6E-18-34-3B-C8-E6-93-A4-3D-ED-17-61-3E-C0-3F-7F-85-6D-B5">
      <ModulePath>C:\Program Files\dotnet\sdk\2.2.401\Extensions\Microsoft.TestPlatform.TestHostRuntimeProvider.dll</ModulePath>
      <ModuleTime>2019-07-12T07:55:20Z</ModuleTime>
      <ModuleName>Microsoft.TestPlatform.TestHostRuntimeProvider</ModuleName>
      <Classes />
    </Module>
    <Module skippedDueTo="MissingPdb" hash="55-ED-EA-5B-44-C3-28-2A-36-85-9F-9C-29-EA-CF-3F-FC-9C-8D-00">
      <ModulePath>C:\Program Files\dotnet\sdk\2.2.401\Extensions\Microsoft.VisualStudio.TestPlatform.Extensions.Trx.TestLogger.dll</ModulePath>
      <ModuleTime>2019-07-12T07:55:20Z</ModuleTime>
      <ModuleName>Microsoft.VisualStudio.TestPlatform.Extensions.Trx.TestLogger</ModuleName>
      <Classes />
    </Module>
    <Module skippedDueTo="Filter" hash="43-92-1C-E0-C5-26-8B-B0-17-02-93-44-A4-F8-0B-AB-09-2D-B3-31">
      <ModulePath>C:\Program Files\dotnet\shared\Microsoft.NETCore.App\2.2.6\System.Reflection.Metadata.dll</ModulePath>
      <ModuleTime>2019-06-18T04:54:50Z</ModuleTime>
      <ModuleName>System.Reflection.Metadata</ModuleName>
      <Classes />
    </Module>
    <Module skippedDueTo="MissingPdb" hash="78-31-84-2E-23-2E-73-C0-81-B0-18-0A-EC-1D-C6-05-FE-35-32-DB">
      <ModulePath>C:\Program Files\dotnet\sdk\2.2.401\Microsoft.TestPlatform.CommunicationUtilities.dll</ModulePath>
      <ModuleTime>2019-07-12T07:57:12Z</ModuleTime>
      <ModuleName>Microsoft.TestPlatform.CommunicationUtilities</ModuleName>
      <Classes />
    </Module>
    <Module skippedDueTo="MissingPdb" hash="66-B9-65-B9-F5-8E-00-93-39-3F-DB-8B-7C-B1-59-32-49-3D-91-1D">
      <ModulePath>C:\Program Files\dotnet\sdk\2.2.401\Newtonsoft.Json.dll</ModulePath>
      <ModuleTime>2019-07-12T08:05:02Z</ModuleTime>
      <ModuleName>Newtonsoft.Json</ModuleName>
      <Classes />
    </Module>
    <Module skippedDueTo="Filter" hash="19-5E-DD-6A-26-12-2E-8A-92-EB-B6-FE-C0-B6-2F-A1-50-06-81-80">
      <ModulePath>C:\Program Files\dotnet\shared\Microsoft.NETCore.App\2.2.6\System.Runtime.Serialization.Primitives.dll</ModulePath>
      <ModuleTime>2019-06-18T04:54:50Z</ModuleTime>
      <ModuleName>System.Runtime.Serialization.Primitives</ModuleName>
      <Classes />
    </Module>
    <Module skippedDueTo="MissingPdb" hash="0C-E3-40-18-FC-3B-04-5D-D3-B0-61-F3-E7-8F-A4-DA-56-32-D8-F8">
      <ModulePath>C:\Program Files\dotnet\sdk\2.2.401\Microsoft.Extensions.DependencyModel.dll</ModulePath>
      <ModuleTime>2019-07-12T07:57:16Z</ModuleTime>
      <ModuleName>Microsoft.Extensions.DependencyModel</ModuleName>
      <Classes />
    </Module>
    <Module skippedDueTo="Filter" hash="7E-FB-DE-FA-05-0E-D4-63-53-DE-93-52-8B-15-B0-0A-20-06-22-57">
      <ModulePath>C:\Program Files\dotnet\shared\Microsoft.NETCore.App\2.2.6\System.Dynamic.Runtime.dll</ModulePath>
      <ModuleTime>2019-06-18T04:54:48Z</ModuleTime>
      <ModuleName>System.Dynamic.Runtime</ModuleName>
      <Classes />
    </Module>
    <Module skippedDueTo="Filter" hash="D9-8B-04-B5-08-46-B8-DE-47-75-69-42-A4-A7-5D-06-78-7F-EA-3B">
      <ModulePath>C:\Program Files\dotnet\shared\Microsoft.NETCore.App\2.2.6\System.Linq.Expressions.dll</ModulePath>
      <ModuleTime>2019-06-18T04:54:48Z</ModuleTime>
      <ModuleName>System.Linq.Expressions</ModuleName>
      <Classes />
    </Module>
    <Module skippedDueTo="Filter" hash="2F-EA-5A-D3-B7-61-78-BF-CC-76-47-83-20-D9-E5-90-95-25-4E-41">
      <ModulePath>C:\Program Files\dotnet\shared\Microsoft.NETCore.App\2.2.6\System.Runtime.Numerics.dll</ModulePath>
      <ModuleTime>2019-06-18T04:54:50Z</ModuleTime>
      <ModuleName>System.Runtime.Numerics</ModuleName>
      <Classes />
    </Module>
    <Module skippedDueTo="MissingPdb" hash="A5-20-6A-C7-EA-B2-F7-E0-00-15-B9-ED-6C-95-72-F1-19-50-21-51">
      <ModulePath>C:\Users\prapan\.nuget\packages\microsoft.testplatform.testhost\15.9.0\lib\netstandard1.5\testhost.dll</ModulePath>
      <ModuleTime>2018-10-07T15:01:46Z</ModuleTime>
      <ModuleName>testhost</ModuleName>
      <Classes />
    </Module>
    <Module skippedDueTo="MissingPdb" hash="B4-57-AB-E7-77-C3-E8-91-A5-58-D2-8D-5C-EA-C7-6C-84-A8-A7-5B">
      <ModulePath>C:\Users\prapan\.nuget\packages\microsoft.testplatform.objectmodel\15.9.0\lib\netstandard1.5\Microsoft.TestPlatform.CoreUtilities.dll</ModulePath>
      <ModuleTime>2018-10-07T15:01:44Z</ModuleTime>
      <ModuleName>Microsoft.TestPlatform.CoreUtilities</ModuleName>
      <Classes />
    </Module>
    <Module skippedDueTo="MissingPdb" hash="13-19-94-64-A2-38-5D-AC-DF-4B-F6-CF-23-C3-82-35-B8-F6-EA-BB">
      <ModulePath>C:\Users\prapan\.nuget\packages\microsoft.testplatform.objectmodel\15.9.0\lib\netstandard1.5\Microsoft.TestPlatform.PlatformAbstractions.dll</ModulePath>
      <ModuleTime>2018-10-07T15:01:44Z</ModuleTime>
      <ModuleName>Microsoft.TestPlatform.PlatformAbstractions</ModuleName>
      <Classes />
    </Module>
    <Module skippedDueTo="MissingPdb" hash="E8-77-16-8F-73-7B-A4-7C-C3-58-82-39-84-43-0D-E0-87-03-F2-E5">
      <ModulePath>C:\Users\prapan\.nuget\packages\microsoft.testplatform.testhost\15.9.0\lib\netstandard1.5\Microsoft.TestPlatform.CrossPlatEngine.dll</ModulePath>
      <ModuleTime>2018-10-07T15:01:46Z</ModuleTime>
      <ModuleName>Microsoft.TestPlatform.CrossPlatEngine</ModuleName>
      <Classes />
    </Module>
    <Module skippedDueTo="MissingPdb" hash="37-F2-7E-EB-0B-9F-32-53-B6-2F-43-5C-E7-44-08-5B-0A-3F-5C-DF">
      <ModulePath>C:\Users\prapan\.nuget\packages\microsoft.testplatform.testhost\15.9.0\lib\netstandard1.5\Microsoft.TestPlatform.CommunicationUtilities.dll</ModulePath>
      <ModuleTime>2018-10-07T15:01:46Z</ModuleTime>
      <ModuleName>Microsoft.TestPlatform.CommunicationUtilities</ModuleName>
      <Classes />
    </Module>
    <Module skippedDueTo="MissingPdb" hash="D7-03-2A-46-36-29-27-DF-89-4D-AE-2A-24-D3-09-1F-C8-A5-C1-26">
      <ModulePath>C:\Users\prapan\.nuget\packages\microsoft.testplatform.objectmodel\15.9.0\lib\netstandard1.5\Microsoft.VisualStudio.TestPlatform.ObjectModel.dll</ModulePath>
      <ModuleTime>2018-10-07T15:01:44Z</ModuleTime>
      <ModuleName>Microsoft.VisualStudio.TestPlatform.ObjectModel</ModuleName>
      <Classes />
    </Module>
    <Module skippedDueTo="MissingPdb" hash="EB-AB-23-10-08-45-59-C8-3A-C0-40-3C-25-F9-16-B0-57-2B-DD-15">
      <ModulePath>C:\Users\prapan\.nuget\packages\microsoft.testplatform.testhost\15.9.0\lib\netstandard1.5\Microsoft.VisualStudio.TestPlatform.Common.dll</ModulePath>
      <ModuleTime>2018-10-07T15:01:46Z</ModuleTime>
      <ModuleName>Microsoft.VisualStudio.TestPlatform.Common</ModuleName>
      <Classes />
    </Module>
    <Module skippedDueTo="MissingPdb" hash="C1-CE-AF-E3-FA-14-E0-99-C9-78-20-58-CF-59-86-86-36-19-02-FD">
      <ModulePath>C:\Users\prapan\.nuget\packages\newtonsoft.json\12.0.2\lib\netstandard2.0\Newtonsoft.Json.dll</ModulePath>
      <ModuleTime>2019-04-21T17:06:16Z</ModuleTime>
      <ModuleName>Newtonsoft.Json</ModuleName>
      <Classes />
    </Module>
    <Module skippedDueTo="Filter" hash="E1-9C-A0-F9-0D-88-95-A7-05-D2-C6-27-AC-64-FB-15-95-08-81-32">
      <ModulePath>C:\Program Files\dotnet\shared\Microsoft.NETCore.App\2.2.6\System.Runtime.Serialization.Formatters.dll</ModulePath>
      <ModuleTime>2019-06-18T04:54:50Z</ModuleTime>
      <ModuleName>System.Runtime.Serialization.Formatters</ModuleName>
      <Classes />
    </Module>
    <Module skippedDueTo="MissingPdb" hash="">
      <ModulePath>RefEmit_InMemoryManifestModule</ModulePath>
      <ModuleTime>0001-01-01T00:00:00</ModuleTime>
      <ModuleName>Anonymously Hosted DynamicMethods Assembly</ModuleName>
      <Classes />
    </Module>
    <Module skippedDueTo="Filter" hash="3E-75-A2-6A-DA-8A-91-01-9B-AF-E4-58-63-3D-8C-40-25-17-14-61">
      <ModulePath>C:\Program Files\dotnet\shared\Microsoft.NETCore.App\2.2.6\System.ComponentModel.TypeConverter.dll</ModulePath>
      <ModuleTime>2019-06-18T04:54:48Z</ModuleTime>
      <ModuleName>System.ComponentModel.TypeConverter</ModuleName>
      <Classes />
    </Module>
    <Module skippedDueTo="Filter" hash="D0-2C-88-78-48-37-28-11-A7-55-BE-C7-5A-03-F8-79-E7-A6-E1-63">
      <ModulePath>C:\Program Files\dotnet\shared\Microsoft.NETCore.App\2.2.6\System.Collections.Specialized.dll</ModulePath>
      <ModuleTime>2019-06-18T04:54:48Z</ModuleTime>
      <ModuleName>System.Collections.Specialized</ModuleName>
      <Classes />
    </Module>
    <Module skippedDueTo="Filter" hash="B0-26-FE-C5-68-A3-9D-FD-42-D8-2F-D3-20-8F-2A-9A-29-18-90-D2">
      <ModulePath>C:\Program Files\dotnet\shared\Microsoft.NETCore.App\2.2.6\System.Drawing.Primitives.dll</ModulePath>
      <ModuleTime>2019-06-18T04:54:48Z</ModuleTime>
      <ModuleName>System.Drawing.Primitives</ModuleName>
      <Classes />
    </Module>
    <Module skippedDueTo="Filter" hash="77-2E-6C-69-98-33-FE-1C-7B-27-92-F6-C3-76-35-BD-D8-8B-83-56">
      <ModulePath>C:\Program Files\dotnet\shared\Microsoft.NETCore.App\2.2.6\System.ComponentModel.dll</ModulePath>
      <ModuleTime>2019-06-18T04:54:48Z</ModuleTime>
      <ModuleName>System.ComponentModel</ModuleName>
      <Classes />
    </Module>
    <Module skippedDueTo="Filter" hash="10-D2-96-43-D6-A8-2F-96-58-34-2C-B6-C9-4C-31-D7-C6-5E-A1-0A">
      <ModulePath>C:\Program Files\dotnet\shared\Microsoft.NETCore.App\2.2.6\System.Data.Common.dll</ModulePath>
      <ModuleTime>2019-06-18T04:54:48Z</ModuleTime>
      <ModuleName>System.Data.Common</ModuleName>
      <Classes />
    </Module>
    <Module skippedDueTo="Filter" hash="A4-3D-8D-39-DC-B6-95-31-BD-18-1C-52-32-1B-AA-B0-95-BF-45-0C">
      <ModulePath>C:\Users\prapan\Source\Repos\FSE_Project\FSE_ProjectManager\PM.Web.Tests1\bin\Debug\netcoreapp2.2\NUnit3.TestAdapter.dll</ModulePath>
      <ModuleTime>2018-10-28T10:54:06Z</ModuleTime>
      <ModuleName>NUnit3.TestAdapter</ModuleName>
      <Classes />
    </Module>
    <Module skippedDueTo="MissingPdb" hash="71-D3-5B-9D-C9-A7-82-2C-F4-E0-07-02-7B-0C-09-8F-A4-F8-66-21">
      <ModulePath>C:\Users\prapan\Source\Repos\FSE_Project\FSE_ProjectManager\PM.Web.Tests1\bin\Debug\netcoreapp2.2\nunit.engine.netstandard.dll</ModulePath>
      <ModuleTime>2017-07-13T10:25:58Z</ModuleTime>
      <ModuleName>nunit.engine.netstandard</ModuleName>
      <Classes />
    </Module>
    <Module skippedDueTo="Filter" hash="4D-D5-62-66-98-A3-F4-2C-A7-F4-DC-90-D5-62-9F-4D-FF-A6-19-8E">
      <ModulePath>C:\Users\prapan\.nuget\packages\system.xml.xpath.xmldocument\4.3.0\lib\netstandard1.3\System.Xml.XPath.XmlDocument.dll</ModulePath>
      <ModuleTime>2016-11-04T20:57:34Z</ModuleTime>
      <ModuleName>System.Xml.XPath.XmlDocument</ModuleName>
      <Classes />
    </Module>
    <Module skippedDueTo="Filter" hash="1E-F9-00-45-D4-A1-63-A3-AE-66-B1-9F-43-E7-AB-D3-F2-0A-55-12">
      <ModulePath>C:\Users\prapan\Source\Repos\FSE_Project\FSE_ProjectManager\PM.Web.Tests1\bin\Debug\netcoreapp2.2\PM.Web.Tests.dll</ModulePath>
      <ModuleTime>2019-08-21T11:32:40.9686428Z</ModuleTime>
      <ModuleName>PM.Web.Tests</ModuleName>
      <Classes />
    </Module>
    <Module skippedDueTo="Filter" hash="8E-CF-79-55-C9-40-CE-3E-13-41-27-E1-AF-0C-1A-A8-1F-AD-73-E4">
      <ModulePath>C:\Users\prapan\.nuget\packages\nunit\3.11.0\lib\netstandard2.0\nunit.framework.dll</ModulePath>
      <ModuleTime>2018-10-06T08:52:56Z</ModuleTime>
      <ModuleName>nunit.framework</ModuleName>
      <Classes />
    </Module>
    <Module skippedDueTo="MissingPdb" hash="1D-50-70-8C-84-5E-59-58-82-5E-51-87-A4-12-7F-8D-AB-4D-40-22">
      <ModulePath>C:\Users\prapan\.nuget\packages\nbench\1.2.2\lib\netstandard1.6\NBench.dll</ModulePath>
      <ModuleTime>2018-07-24T14:20:44Z</ModuleTime>
      <ModuleName>NBench</ModuleName>
      <Classes />
    </Module>
    <Module skippedDueTo="MissingPdb" hash="8F-8D-4C-9A-0B-1F-70-0B-C2-AD-81-34-B3-20-0C-E0-68-3E-95-B9">
      <ModulePath>C:\Users\prapan\.nuget\packages\microsoft.dotnet.internalabstractions\1.0.0\lib\netstandard1.3\Microsoft.DotNet.InternalAbstractions.dll</ModulePath>
      <ModuleTime>2016-06-21T13:04:54Z</ModuleTime>
      <ModuleName>Microsoft.DotNet.InternalAbstractions</ModuleName>
      <Classes />
    </Module>
    <Module skippedDueTo="Filter" hash="5E-E6-0A-CC-80-7C-7F-7E-8F-A6-F0-B3-CE-A3-A4-36-56-B2-79-17">
      <ModulePath>C:\Users\prapan\.nuget\packages\automapper\8.1.1\lib\netstandard2.0\AutoMapper.dll</ModulePath>
      <ModuleTime>2019-06-03T10:28:32Z</ModuleTime>
      <ModuleName>AutoMapper</ModuleName>
      <Classes />
    </Module>
    <Module hash="0E-0D-88-DB-E4-15-52-A9-41-09-9A-BB-8D-38-66-AD-08-CC-D0-75">
      <Summary numSequencePoints="215" visitedSequencePoints="134" numBranchPoints="107" visitedBranchPoints="78" sequenceCoverage="62.33" branchCoverage="72.90" maxCyclomaticComplexity="15" minCyclomaticComplexity="1" maxCrapScore="15" minCrapScore="1" visitedClasses="17" numClasses="25" visitedMethods="50" numMethods="69" />
      <ModulePath>C:\Users\prapan\Source\Repos\FSE_Project\FSE_ProjectManager\PM.Web.Tests1\bin\Debug\netcoreapp2.2\PM.Web.dll</ModulePath>
      <ModuleTime>2019-08-20T10:43:47.8440098Z</ModuleTime>
      <ModuleName>PM.Web</ModuleName>
      <Files>
        <File uid="1" fullPath="C:\Users\prapan\Source\Repos\FSE_Project\FSE_ProjectManager\PM.Web\AutoMapperConfig.cs" />
        <File uid="2" fullPath="C:\Users\prapan\Source\Repos\FSE_Project\FSE_ProjectManager\PM.Web\Program.cs" />
        <File uid="3" fullPath="C:\Users\prapan\Source\Repos\FSE_Project\FSE_ProjectManager\PM.Web\Startup.cs" />
        <File uid="5" fullPath="C:\Users\prapan\Source\Repos\FSE_Project\FSE_ProjectManager\PM.Web\Controllers\BaseController.cs" />
        <File uid="6" fullPath="C:\Users\prapan\Source\Repos\FSE_Project\FSE_ProjectManager\PM.Web\Controllers\ParentTaskController.cs" />
        <File uid="9" fullPath="C:\Users\prapan\Source\Repos\FSE_Project\FSE_ProjectManager\PM.Web\Controllers\ProjectController.cs" />
        <File uid="15" fullPath="C:\Users\prapan\Source\Repos\FSE_Project\FSE_ProjectManager\PM.Web\Controllers\TaskController.cs" />
        <File uid="21" fullPath="C:\Users\prapan\Source\Repos\FSE_Project\FSE_ProjectManager\PM.Web\Controllers\UserController.cs" />
      </Files>
      <Classes>
        <Class>
          <Summary numSequencePoints="0" visitedSequencePoints="0" numBranchPoints="0" visitedBranchPoints="0" sequenceCoverage="0" branchCoverage="0" maxCyclomaticComplexity="0" minCyclomaticComplexity="0" maxCrapScore="0" minCrapScore="0" visitedClasses="0" numClasses="0" visitedMethods="0" numMethods="0" />
          <FullName>&lt;Module&gt;</FullName>
          <Methods />
        </Class>
        <Class skippedDueTo="Filter">
          <FullName>PM.Web.AutoMapperConfig</FullName>
          <Methods />
        </Class>
        <Class>
          <Summary numSequencePoints="24" visitedSequencePoints="24" numBranchPoints="43" visitedBranchPoints="43" sequenceCoverage="100" branchCoverage="100" maxCyclomaticComplexity="15" minCyclomaticComplexity="1" maxCrapScore="15" minCrapScore="1" visitedClasses="1" numClasses="1" visitedMethods="15" numMethods="15" />
          <FullName>PM.Web.AutoMapperConfig/&lt;&gt;c</FullName>
          <Methods>
            <Method visited="false" cyclomaticComplexity="1" nPathComplexity="0" sequenceCoverage="0" branchCoverage="0" crapScore="2" isConstructor="true" isStatic="true" isGetter="false" isSetter="false">
              <Summary numSequencePoints="0" visitedSequencePoints="0" numBranchPoints="0" visitedBranchPoints="0" sequenceCoverage="0" branchCoverage="0" maxCyclomaticComplexity="1" minCyclomaticComplexity="1" maxCrapScore="2" minCrapScore="2" visitedClasses="0" numClasses="0" visitedMethods="0" numMethods="0" />
              <MetadataToken>100663335</MetadataToken>
              <Name>System.Void PM.Web.AutoMapperConfig/&lt;&gt;c::.cctor()</Name>
              <SequencePoints />
              <BranchPoints />
              <MethodPoint vc="0" uspid="1" ordinal="0" offset="0" />
            </Method>
            <Method visited="false" cyclomaticComplexity="1" nPathComplexity="0" sequenceCoverage="0" branchCoverage="0" crapScore="2" isConstructor="true" isStatic="false" isGetter="false" isSetter="false">
              <Summary numSequencePoints="0" visitedSequencePoints="0" numBranchPoints="0" visitedBranchPoints="0" sequenceCoverage="0" branchCoverage="0" maxCyclomaticComplexity="1" minCyclomaticComplexity="1" maxCrapScore="2" minCrapScore="2" visitedClasses="0" numClasses="0" visitedMethods="0" numMethods="0" />
              <MetadataToken>100663336</MetadataToken>
              <Name>System.Void PM.Web.AutoMapperConfig/&lt;&gt;c::.ctor()</Name>
              <SequencePoints />
              <BranchPoints />
              <MethodPoint vc="0" uspid="2" ordinal="0" offset="0" />
            </Method>
            <Method visited="true" cyclomaticComplexity="15" nPathComplexity="16384" sequenceCoverage="100" branchCoverage="100" crapScore="15" isConstructor="false" isStatic="false" isGetter="false" isSetter="false">
              <Summary numSequencePoints="10" visitedSequencePoints="10" numBranchPoints="29" visitedBranchPoints="29" sequenceCoverage="100" branchCoverage="100" maxCyclomaticComplexity="15" minCyclomaticComplexity="15" maxCrapScore="15" minCrapScore="15" visitedClasses="0" numClasses="0" visitedMethods="1" numMethods="1" />
              <MetadataToken>100663337</MetadataToken>
              <Name>System.Void PM.Web.AutoMapperConfig/&lt;&gt;c::&lt;Initialize&gt;b__0_0(AutoMapper.IMapperConfigurationExpression)</Name>
              <FileRef uid="1" />
              <SequencePoints>
                <SequencePoint vc="19" uspid="3" ordinal="0" offset="0" sl="16" sc="13" el="16" ec="14" bec="0" bev="0" fileid="1" />
                <SequencePoint vc="19" uspid="4" ordinal="1" offset="1" sl="17" sc="17" el="17" ec="48" bec="0" bev="0" fileid="1" />
                <SequencePoint vc="19" uspid="5" ordinal="2" offset="8" sl="18" sc="17" el="18" ec="48" bec="0" bev="0" fileid="1" />
                <SequencePoint vc="19" uspid="6" ordinal="3" offset="15" sl="20" sc="17" el="25" ec="154" bec="10" bev="10" fileid="1" />
                <SequencePoint vc="19" uspid="7" ordinal="4" offset="487" sl="27" sc="17" el="29" ec="96" bec="4" bev="4" fileid="1" />
                <SequencePoint vc="19" uspid="8" ordinal="5" offset="680" sl="31" sc="17" el="36" ec="89" bec="10" bev="10" fileid="1" />
                <SequencePoint vc="19" uspid="9" ordinal="6" offset="1152" sl="38" sc="17" el="40" ec="96" bec="4" bev="4" fileid="1" />
                <SequencePoint vc="19" uspid="10" ordinal="7" offset="1345" sl="42" sc="17" el="42" ec="60" bec="0" bev="0" fileid="1" />
                <SequencePoint vc="19" uspid="11" ordinal="8" offset="1352" sl="43" sc="17" el="43" ec="60" bec="0" bev="0" fileid="1" />
                <SequencePoint vc="19" uspid="12" ordinal="9" offset="1359" sl="44" sc="13" el="44" ec="14" bec="0" bev="0" fileid="1" />
              </SequencePoints>
              <BranchPoints>
                <BranchPoint vc="1" uspid="13" ordinal="0" offset="84" sl="20" path="0" offsetend="86" fileid="1" />
                <BranchPoint vc="18" uspid="14" ordinal="1" offset="84" sl="20" path="1" offsetend="109" fileid="1" />
                <BranchPoint vc="1" uspid="15" ordinal="2" offset="177" sl="20" path="0" offsetend="179" fileid="1" />
                <BranchPoint vc="18" uspid="16" ordinal="3" offset="177" sl="20" path="1" offsetend="202" fileid="1" />
                <BranchPoint vc="1" uspid="17" ordinal="4" offset="270" sl="20" path="0" offsetend="272" fileid="1" />
                <BranchPoint vc="18" uspid="18" ordinal="5" offset="270" sl="20" path="1" offsetend="295" fileid="1" />
                <BranchPoint vc="1" uspid="19" ordinal="6" offset="363" sl="20" path="0" offsetend="365" fileid="1" />
                <BranchPoint vc="18" uspid="20" ordinal="7" offset="363" sl="20" path="1" offsetend="388" fileid="1" />
                <BranchPoint vc="1" uspid="21" ordinal="8" offset="456" sl="20" path="0" offsetend="458" fileid="1" />
                <BranchPoint vc="18" uspid="22" ordinal="9" offset="456" sl="20" path="1" offsetend="481" fileid="1" />
                <BranchPoint vc="1" uspid="23" ordinal="10" offset="556" sl="27" path="0" offsetend="558" fileid="1" />
                <BranchPoint vc="18" uspid="24" ordinal="11" offset="556" sl="27" path="1" offsetend="581" fileid="1" />
                <BranchPoint vc="1" uspid="25" ordinal="12" offset="649" sl="27" path="0" offsetend="651" fileid="1" />
                <BranchPoint vc="18" uspid="26" ordinal="13" offset="649" sl="27" path="1" offsetend="674" fileid="1" />
                <BranchPoint vc="1" uspid="27" ordinal="14" offset="749" sl="31" path="0" offsetend="751" fileid="1" />
                <BranchPoint vc="18" uspid="28" ordinal="15" offset="749" sl="31" path="1" offsetend="774" fileid="1" />
                <BranchPoint vc="1" uspid="29" ordinal="16" offset="842" sl="31" path="0" offsetend="844" fileid="1" />
                <BranchPoint vc="18" uspid="30" ordinal="17" offset="842" sl="31" path="1" offsetend="867" fileid="1" />
                <BranchPoint vc="1" uspid="31" ordinal="18" offset="935" sl="31" path="0" offsetend="937" fileid="1" />
                <BranchPoint vc="18" uspid="32" ordinal="19" offset="935" sl="31" path="1" offsetend="960" fileid="1" />
                <BranchPoint vc="1" uspid="33" ordinal="20" offset="1028" sl="31" path="0" offsetend="1030" fileid="1" />
                <BranchPoint vc="18" uspid="34" ordinal="21" offset="1028" sl="31" path="1" offsetend="1053" fileid="1" />
                <BranchPoint vc="1" uspid="35" ordinal="22" offset="1121" sl="31" path="0" offsetend="1123" fileid="1" />
                <BranchPoint vc="18" uspid="36" ordinal="23" offset="1121" sl="31" path="1" offsetend="1146" fileid="1" />
                <BranchPoint vc="1" uspid="37" ordinal="24" offset="1221" sl="38" path="0" offsetend="1223" fileid="1" />
                <BranchPoint vc="18" uspid="38" ordinal="25" offset="1221" sl="38" path="1" offsetend="1246" fileid="1" />
                <BranchPoint vc="1" uspid="39" ordinal="26" offset="1314" sl="38" path="0" offsetend="1316" fileid="1" />
                <BranchPoint vc="18" uspid="40" ordinal="27" offset="1314" sl="38" path="1" offsetend="1339" fileid="1" />
              </BranchPoints>
              <MethodPoint xsi:type="SequencePoint" vc="19" uspid="3" ordinal="0" offset="0" sl="16" sc="13" el="16" ec="14" bec="0" bev="0" fileid="1" />
            </Method>
            <Method visited="true" cyclomaticComplexity="1" nPathComplexity="0" sequenceCoverage="100" branchCoverage="100" crapScore="1" isConstructor="false" isStatic="false" isGetter="false" isSetter="false">
              <Summary numSequencePoints="1" visitedSequencePoints="1" numBranchPoints="1" visitedBranchPoints="1" sequenceCoverage="100" branchCoverage="100" maxCyclomaticComplexity="1" minCyclomaticComplexity="1" maxCrapScore="1" minCrapScore="1" visitedClasses="0" numClasses="0" visitedMethods="1" numMethods="1" />
              <MetadataToken>100663338</MetadataToken>
              <Name>System.Void PM.Web.AutoMapperConfig/&lt;&gt;c::&lt;Initialize&gt;b__0_2(AutoMapper.IMemberConfigurationExpression`3&lt;PM.Models.Project,PM.Extensions.DTO.ProjectDto,System.String&gt;)</Name>
              <FileRef uid="1" />
              <SequencePoints>
                <SequencePoint vc="19" uspid="41" ordinal="0" offset="0" sl="21" sc="53" el="21" ec="99" bec="0" bev="0" fileid="1" />
              </SequencePoints>
              <BranchPoints />
              <MethodPoint xsi:type="SequencePoint" vc="19" uspid="41" ordinal="0" offset="0" sl="21" sc="53" el="21" ec="99" bec="0" bev="0" fileid="1" />
            </Method>
            <Method visited="true" cyclomaticComplexity="1" nPathComplexity="0" sequenceCoverage="100" branchCoverage="100" crapScore="1" isConstructor="false" isStatic="false" isGetter="false" isSetter="false">
              <Summary numSequencePoints="1" visitedSequencePoints="1" numBranchPoints="1" visitedBranchPoints="1" sequenceCoverage="100" branchCoverage="100" maxCyclomaticComplexity="1" minCyclomaticComplexity="1" maxCrapScore="1" minCrapScore="1" visitedClasses="0" numClasses="0" visitedMethods="1" numMethods="1" />
              <MetadataToken>100663339</MetadataToken>
              <Name>System.Void PM.Web.AutoMapperConfig/&lt;&gt;c::&lt;Initialize&gt;b__0_4(AutoMapper.IMemberConfigurationExpression`3&lt;PM.Models.Project,PM.Extensions.DTO.ProjectDto,System.String&gt;)</Name>
              <FileRef uid="1" />
              <SequencePoints>
                <SequencePoint vc="19" uspid="42" ordinal="0" offset="0" sl="22" sc="51" el="22" ec="95" bec="0" bev="0" fileid="1" />
              </SequencePoints>
              <BranchPoints />
              <MethodPoint xsi:type="SequencePoint" vc="19" uspid="42" ordinal="0" offset="0" sl="22" sc="51" el="22" ec="95" bec="0" bev="0" fileid="1" />
            </Method>
            <Method visited="true" cyclomaticComplexity="1" nPathComplexity="0" sequenceCoverage="100" branchCoverage="100" crapScore="1" isConstructor="false" isStatic="false" isGetter="false" isSetter="false">
              <Summary numSequencePoints="1" visitedSequencePoints="1" numBranchPoints="1" visitedBranchPoints="1" sequenceCoverage="100" branchCoverage="100" maxCyclomaticComplexity="1" minCyclomaticComplexity="1" maxCrapScore="1" minCrapScore="1" visitedClasses="0" numClasses="0" visitedMethods="1" numMethods="1" />
              <MetadataToken>100663340</MetadataToken>
              <Name>System.Void PM.Web.AutoMapperConfig/&lt;&gt;c::&lt;Initialize&gt;b__0_6(AutoMapper.IMemberConfigurationExpression`3&lt;PM.Models.Project,PM.Extensions.DTO.ProjectDto,System.String&gt;)</Name>
              <FileRef uid="1" />
              <SequencePoints>
                <SequencePoint vc="19" uspid="43" ordinal="0" offset="0" sl="23" sc="62" el="23" ec="99" bec="0" bev="0" fileid="1" />
              </SequencePoints>
              <BranchPoints />
              <MethodPoint xsi:type="SequencePoint" vc="19" uspid="43" ordinal="0" offset="0" sl="23" sc="62" el="23" ec="99" bec="0" bev="0" fileid="1" />
            </Method>
            <Method visited="true" cyclomaticComplexity="1" nPathComplexity="0" sequenceCoverage="100" branchCoverage="100" crapScore="1" isConstructor="false" isStatic="false" isGetter="false" isSetter="false">
              <Summary numSequencePoints="1" visitedSequencePoints="1" numBranchPoints="1" visitedBranchPoints="1" sequenceCoverage="100" branchCoverage="100" maxCyclomaticComplexity="1" minCyclomaticComplexity="1" maxCrapScore="1" minCrapScore="1" visitedClasses="0" numClasses="0" visitedMethods="1" numMethods="1" />
              <MetadataToken>100663341</MetadataToken>
              <Name>System.Void PM.Web.AutoMapperConfig/&lt;&gt;c::&lt;Initialize&gt;b__0_8(AutoMapper.IMemberConfigurationExpression`3&lt;PM.Models.Project,PM.Extensions.DTO.ProjectDto,System.Int32&gt;)</Name>
              <FileRef uid="1" />
              <SequencePoints>
                <SequencePoint vc="19" uspid="44" ordinal="0" offset="0" sl="24" sc="54" el="24" ec="85" bec="0" bev="0" fileid="1" />
              </SequencePoints>
              <BranchPoints />
              <MethodPoint xsi:type="SequencePoint" vc="19" uspid="44" ordinal="0" offset="0" sl="24" sc="54" el="24" ec="85" bec="0" bev="0" fileid="1" />
            </Method>
            <Method visited="true" cyclomaticComplexity="1" nPathComplexity="0" sequenceCoverage="100" branchCoverage="100" crapScore="1" isConstructor="false" isStatic="false" isGetter="false" isSetter="false">
              <Summary numSequencePoints="1" visitedSequencePoints="1" numBranchPoints="1" visitedBranchPoints="1" sequenceCoverage="100" branchCoverage="100" maxCyclomaticComplexity="1" minCyclomaticComplexity="1" maxCrapScore="1" minCrapScore="1" visitedClasses="0" numClasses="0" visitedMethods="1" numMethods="1" />
              <MetadataToken>100663342</MetadataToken>
              <Name>System.Void PM.Web.AutoMapperConfig/&lt;&gt;c::&lt;Initialize&gt;b__0_10(AutoMapper.IMemberConfigurationExpression`3&lt;PM.Models.Project,PM.Extensions.DTO.ProjectDto,System.Int32&gt;)</Name>
              <FileRef uid="1" />
              <SequencePoints>
                <SequencePoint vc="19" uspid="45" ordinal="0" offset="0" sl="25" sc="63" el="25" ec="152" bec="0" bev="0" fileid="1" />
              </SequencePoints>
              <BranchPoints />
              <MethodPoint xsi:type="SequencePoint" vc="19" uspid="45" ordinal="0" offset="0" sl="25" sc="63" el="25" ec="152" bec="0" bev="0" fileid="1" />
            </Method>
            <Method visited="true" cyclomaticComplexity="1" nPathComplexity="0" sequenceCoverage="100" branchCoverage="100" crapScore="1" isConstructor="false" isStatic="false" isGetter="false" isSetter="false">
              <Summary numSequencePoints="1" visitedSequencePoints="1" numBranchPoints="1" visitedBranchPoints="1" sequenceCoverage="100" branchCoverage="100" maxCyclomaticComplexity="1" minCyclomaticComplexity="1" maxCrapScore="1" minCrapScore="1" visitedClasses="0" numClasses="0" visitedMethods="1" numMethods="1" />
              <MetadataToken>100663343</MetadataToken>
              <Name>System.Void PM.Web.AutoMapperConfig/&lt;&gt;c::&lt;Initialize&gt;b__0_12(AutoMapper.IMemberConfigurationExpression`3&lt;PM.Extensions.DTO.ProjectDto,PM.Models.Project,System.Nullable`1&lt;System.DateTime&gt;&gt;)</Name>
              <FileRef uid="1" />
              <SequencePoints>
                <SequencePoint vc="19" uspid="46" ordinal="0" offset="0" sl="28" sc="52" el="28" ec="98" bec="0" bev="0" fileid="1" />
              </SequencePoints>
              <BranchPoints />
              <MethodPoint xsi:type="SequencePoint" vc="19" uspid="46" ordinal="0" offset="0" sl="28" sc="52" el="28" ec="98" bec="0" bev="0" fileid="1" />
            </Method>
            <Method visited="true" cyclomaticComplexity="1" nPathComplexity="0" sequenceCoverage="100" branchCoverage="100" crapScore="1" isConstructor="false" isStatic="false" isGetter="false" isSetter="false">
              <Summary numSequencePoints="1" visitedSequencePoints="1" numBranchPoints="1" visitedBranchPoints="1" sequenceCoverage="100" branchCoverage="100" maxCyclomaticComplexity="1" minCyclomaticComplexity="1" maxCrapScore="1" minCrapScore="1" visitedClasses="0" numClasses="0" visitedMethods="1" numMethods="1" />
              <MetadataToken>100663344</MetadataToken>
              <Name>System.Void PM.Web.AutoMapperConfig/&lt;&gt;c::&lt;Initialize&gt;b__0_14(AutoMapper.IMemberConfigurationExpression`3&lt;PM.Extensions.DTO.ProjectDto,PM.Models.Project,System.Nullable`1&lt;System.DateTime&gt;&gt;)</Name>
              <FileRef uid="1" />
              <SequencePoints>
                <SequencePoint vc="19" uspid="47" ordinal="0" offset="0" sl="29" sc="50" el="29" ec="94" bec="0" bev="0" fileid="1" />
              </SequencePoints>
              <BranchPoints />
              <MethodPoint xsi:type="SequencePoint" vc="19" uspid="47" ordinal="0" offset="0" sl="29" sc="50" el="29" ec="94" bec="0" bev="0" fileid="1" />
            </Method>
            <Method visited="true" cyclomaticComplexity="1" nPathComplexity="0" sequenceCoverage="100" branchCoverage="100" crapScore="1" isConstructor="false" isStatic="false" isGetter="false" isSetter="false">
              <Summary numSequencePoints="1" visitedSequencePoints="1" numBranchPoints="1" visitedBranchPoints="1" sequenceCoverage="100" branchCoverage="100" maxCyclomaticComplexity="1" minCyclomaticComplexity="1" maxCrapScore="1" minCrapScore="1" visitedClasses="0" numClasses="0" visitedMethods="1" numMethods="1" />
              <MetadataToken>100663345</MetadataToken>
              <Name>System.Void PM.Web.AutoMapperConfig/&lt;&gt;c::&lt;Initialize&gt;b__0_16(AutoMapper.IMemberConfigurationExpression`3&lt;PM.Models.Task,PM.Extensions.DTO.TaskDto,System.String&gt;)</Name>
              <FileRef uid="1" />
              <SequencePoints>
                <SequencePoint vc="19" uspid="48" ordinal="0" offset="0" sl="32" sc="53" el="32" ec="99" bec="0" bev="0" fileid="1" />
              </SequencePoints>
              <BranchPoints />
              <MethodPoint xsi:type="SequencePoint" vc="19" uspid="48" ordinal="0" offset="0" sl="32" sc="53" el="32" ec="99" bec="0" bev="0" fileid="1" />
            </Method>
            <Method visited="true" cyclomaticComplexity="1" nPathComplexity="0" sequenceCoverage="100" branchCoverage="100" crapScore="1" isConstructor="false" isStatic="false" isGetter="false" isSetter="false">
              <Summary numSequencePoints="1" visitedSequencePoints="1" numBranchPoints="1" visitedBranchPoints="1" sequenceCoverage="100" branchCoverage="100" maxCyclomaticComplexity="1" minCyclomaticComplexity="1" maxCrapScore="1" minCrapScore="1" visitedClasses="0" numClasses="0" visitedMethods="1" numMethods="1" />
              <MetadataToken>100663346</MetadataToken>
              <Name>System.Void PM.Web.AutoMapperConfig/&lt;&gt;c::&lt;Initialize&gt;b__0_18(AutoMapper.IMemberConfigurationExpression`3&lt;PM.Models.Task,PM.Extensions.DTO.TaskDto,System.String&gt;)</Name>
              <FileRef uid="1" />
              <SequencePoints>
                <SequencePoint vc="19" uspid="49" ordinal="0" offset="0" sl="33" sc="51" el="33" ec="95" bec="0" bev="0" fileid="1" />
              </SequencePoints>
              <BranchPoints />
              <MethodPoint xsi:type="SequencePoint" vc="19" uspid="49" ordinal="0" offset="0" sl="33" sc="51" el="33" ec="95" bec="0" bev="0" fileid="1" />
            </Method>
            <Method visited="true" cyclomaticComplexity="1" nPathComplexity="0" sequenceCoverage="100" branchCoverage="100" crapScore="1" isConstructor="false" isStatic="false" isGetter="false" isSetter="false">
              <Summary numSequencePoints="1" visitedSequencePoints="1" numBranchPoints="1" visitedBranchPoints="1" sequenceCoverage="100" branchCoverage="100" maxCyclomaticComplexity="1" minCyclomaticComplexity="1" maxCrapScore="1" minCrapScore="1" visitedClasses="0" numClasses="0" visitedMethods="1" numMethods="1" />
              <MetadataToken>100663347</MetadataToken>
              <Name>System.Void PM.Web.AutoMapperConfig/&lt;&gt;c::&lt;Initialize&gt;b__0_20(AutoMapper.IMemberConfigurationExpression`3&lt;PM.Models.Task,PM.Extensions.DTO.TaskDto,System.String&gt;)</Name>
              <FileRef uid="1" />
              <SequencePoints>
                <SequencePoint vc="19" uspid="50" ordinal="0" offset="0" sl="34" sc="58" el="34" ec="93" bec="0" bev="0" fileid="1" />
              </SequencePoints>
              <BranchPoints />
              <MethodPoint xsi:type="SequencePoint" vc="19" uspid="50" ordinal="0" offset="0" sl="34" sc="58" el="34" ec="93" bec="0" bev="0" fileid="1" />
            </Method>
            <Method visited="true" cyclomaticComplexity="1" nPathComplexity="0" sequenceCoverage="100" branchCoverage="100" crapScore="1" isConstructor="false" isStatic="false" isGetter="false" isSetter="false">
              <Summary numSequencePoints="1" visitedSequencePoints="1" numBranchPoints="1" visitedBranchPoints="1" sequenceCoverage="100" branchCoverage="100" maxCyclomaticComplexity="1" minCyclomaticComplexity="1" maxCrapScore="1" minCrapScore="1" visitedClasses="0" numClasses="0" visitedMethods="1" numMethods="1" />
              <MetadataToken>100663348</MetadataToken>
              <Name>System.Void PM.Web.AutoMapperConfig/&lt;&gt;c::&lt;Initialize&gt;b__0_22(AutoMapper.IMemberConfigurationExpression`3&lt;PM.Models.Task,PM.Extensions.DTO.TaskDto,System.String&gt;)</Name>
              <FileRef uid="1" />
              <SequencePoints>
                <SequencePoint vc="19" uspid="51" ordinal="0" offset="0" sl="35" sc="53" el="35" ec="124" bec="0" bev="0" fileid="1" />
              </SequencePoints>
              <BranchPoints />
              <MethodPoint xsi:type="SequencePoint" vc="19" uspid="51" ordinal="0" offset="0" sl="35" sc="53" el="35" ec="124" bec="0" bev="0" fileid="1" />
            </Method>
            <Method visited="true" cyclomaticComplexity="1" nPathComplexity="0" sequenceCoverage="100" branchCoverage="100" crapScore="1" isConstructor="false" isStatic="false" isGetter="false" isSetter="false">
              <Summary numSequencePoints="1" visitedSequencePoints="1" numBranchPoints="1" visitedBranchPoints="1" sequenceCoverage="100" branchCoverage="100" maxCyclomaticComplexity="1" minCyclomaticComplexity="1" maxCrapScore="1" minCrapScore="1" visitedClasses="0" numClasses="0" visitedMethods="1" numMethods="1" />
              <MetadataToken>100663349</MetadataToken>
              <Name>System.Void PM.Web.AutoMapperConfig/&lt;&gt;c::&lt;Initialize&gt;b__0_24(AutoMapper.IMemberConfigurationExpression`3&lt;PM.Models.Task,PM.Extensions.DTO.TaskDto,System.String&gt;)</Name>
              <FileRef uid="1" />
              <SequencePoints>
                <SequencePoint vc="19" uspid="52" ordinal="0" offset="0" sl="36" sc="55" el="36" ec="87" bec="0" bev="0" fileid="1" />
              </SequencePoints>
              <BranchPoints />
              <MethodPoint xsi:type="SequencePoint" vc="19" uspid="52" ordinal="0" offset="0" sl="36" sc="55" el="36" ec="87" bec="0" bev="0" fileid="1" />
            </Method>
            <Method visited="true" cyclomaticComplexity="1" nPathComplexity="0" sequenceCoverage="100" branchCoverage="100" crapScore="1" isConstructor="false" isStatic="false" isGetter="false" isSetter="false">
              <Summary numSequencePoints="1" visitedSequencePoints="1" numBranchPoints="1" visitedBranchPoints="1" sequenceCoverage="100" branchCoverage="100" maxCyclomaticComplexity="1" minCyclomaticComplexity="1" maxCrapScore="1" minCrapScore="1" visitedClasses="0" numClasses="0" visitedMethods="1" numMethods="1" />
              <MetadataToken>100663350</MetadataToken>
              <Name>System.Void PM.Web.AutoMapperConfig/&lt;&gt;c::&lt;Initialize&gt;b__0_26(AutoMapper.IMemberConfigurationExpression`3&lt;PM.Extensions.DTO.TaskDto,PM.Models.Task,System.Nullable`1&lt;System.DateTime&gt;&gt;)</Name>
              <FileRef uid="1" />
              <SequencePoints>
                <SequencePoint vc="19" uspid="53" ordinal="0" offset="0" sl="39" sc="52" el="39" ec="98" bec="0" bev="0" fileid="1" />
              </SequencePoints>
              <BranchPoints />
              <MethodPoint xsi:type="SequencePoint" vc="19" uspid="53" ordinal="0" offset="0" sl="39" sc="52" el="39" ec="98" bec="0" bev="0" fileid="1" />
            </Method>
            <Method visited="true" cyclomaticComplexity="1" nPathComplexity="0" sequenceCoverage="100" branchCoverage="100" crapScore="1" isConstructor="false" isStatic="false" isGetter="false" isSetter="false">
              <Summary numSequencePoints="1" visitedSequencePoints="1" numBranchPoints="1" visitedBranchPoints="1" sequenceCoverage="100" branchCoverage="100" maxCyclomaticComplexity="1" minCyclomaticComplexity="1" maxCrapScore="1" minCrapScore="1" visitedClasses="0" numClasses="0" visitedMethods="1" numMethods="1" />
              <MetadataToken>100663351</MetadataToken>
              <Name>System.Void PM.Web.AutoMapperConfig/&lt;&gt;c::&lt;Initialize&gt;b__0_28(AutoMapper.IMemberConfigurationExpression`3&lt;PM.Extensions.DTO.TaskDto,PM.Models.Task,System.Nullable`1&lt;System.DateTime&gt;&gt;)</Name>
              <FileRef uid="1" />
              <SequencePoints>
                <SequencePoint vc="19" uspid="54" ordinal="0" offset="0" sl="40" sc="50" el="40" ec="94" bec="0" bev="0" fileid="1" />
              </SequencePoints>
              <BranchPoints />
              <MethodPoint xsi:type="SequencePoint" vc="19" uspid="54" ordinal="0" offset="0" sl="40" sc="50" el="40" ec="94" bec="0" bev="0" fileid="1" />
            </Method>
          </Methods>
        </Class>
        <Class>
          <Summary numSequencePoints="4" visitedSequencePoints="0" numBranchPoints="2" visitedBranchPoints="0" sequenceCoverage="0" branchCoverage="0" maxCyclomaticComplexity="1" minCyclomaticComplexity="1" maxCrapScore="2" minCrapScore="2" visitedClasses="0" numClasses="1" visitedMethods="0" numMethods="2" />
          <FullName>PM.Web.Program</FullName>
          <Methods>
            <Method visited="false" cyclomaticComplexity="1" nPathComplexity="0" sequenceCoverage="0" branchCoverage="0" crapScore="2" isConstructor="false" isStatic="true" isGetter="false" isSetter="false">
              <Summary numSequencePoints="3" visitedSequencePoints="0" numBranchPoints="1" visitedBranchPoints="0" sequenceCoverage="0" branchCoverage="0" maxCyclomaticComplexity="1" minCyclomaticComplexity="1" maxCrapScore="2" minCrapScore="2" visitedClasses="0" numClasses="0" visitedMethods="0" numMethods="1" />
              <MetadataToken>100663298</MetadataToken>
              <Name>System.Void PM.Web.Program::Main(System.String[])</Name>
              <FileRef uid="2" />
              <SequencePoints>
                <SequencePoint vc="0" uspid="55" ordinal="0" offset="0" sl="16" sc="9" el="16" ec="10" bec="0" bev="0" fileid="2" />
                <SequencePoint vc="0" uspid="56" ordinal="1" offset="1" sl="17" sc="13" el="17" ec="54" bec="0" bev="0" fileid="2" />
                <SequencePoint vc="0" uspid="57" ordinal="2" offset="18" sl="18" sc="9" el="18" ec="10" bec="0" bev="0" fileid="2" />
              </SequencePoints>
              <BranchPoints />
              <MethodPoint xsi:type="SequencePoint" vc="0" uspid="55" ordinal="0" offset="0" sl="16" sc="9" el="16" ec="10" bec="0" bev="0" fileid="2" />
            </Method>
            <Method visited="false" cyclomaticComplexity="1" nPathComplexity="0" sequenceCoverage="0" branchCoverage="0" crapScore="2" isConstructor="false" isStatic="true" isGetter="false" isSetter="false">
              <Summary numSequencePoints="1" visitedSequencePoints="0" numBranchPoints="1" visitedBranchPoints="0" sequenceCoverage="0" branchCoverage="0" maxCyclomaticComplexity="1" minCyclomaticComplexity="1" maxCrapScore="2" minCrapScore="2" visitedClasses="0" numClasses="0" visitedMethods="0" numMethods="1" />
              <MetadataToken>100663299</MetadataToken>
              <Name>Microsoft.AspNetCore.Hosting.IWebHostBuilder PM.Web.Program::CreateWebHostBuilder(System.String[])</Name>
              <FileRef uid="2" />
              <SequencePoints>
                <SequencePoint vc="0" uspid="58" ordinal="0" offset="0" sl="21" sc="13" el="22" ec="39" bec="0" bev="0" fileid="2" />
              </SequencePoints>
              <BranchPoints />
              <MethodPoint xsi:type="SequencePoint" vc="0" uspid="58" ordinal="0" offset="0" sl="21" sc="13" el="22" ec="39" bec="0" bev="0" fileid="2" />
[...]
              <MetadataToken>100663374</MetadataToken>
              <Name>System.Void PM.Extensions.DTO.TaskDto::set_EndDate(System.String)</Name>
              <FileRef uid="57" />
              <SequencePoints />
              <BranchPoints />
            </Method>
            <Method skippedDueTo="AutoImplementedProperty" visited="false" cyclomaticComplexity="1" nPathComplexity="0" sequenceCoverage="0" branchCoverage="0" crapScore="0" isConstructor="false" isStatic="false" isGetter="true" isSetter="false">
              <MetadataToken>100663375</MetadataToken>
              <Name>System.Int32 PM.Extensions.DTO.TaskDto::get_Priority()</Name>
              <FileRef uid="57" />
              <SequencePoints />
              <BranchPoints />
            </Method>
            <Method skippedDueTo="AutoImplementedProperty" visited="false" cyclomaticComplexity="1" nPathComplexity="0" sequenceCoverage="0" branchCoverage="0" crapScore="0" isConstructor="false" isStatic="false" isGetter="false" isSetter="true">
              <MetadataToken>100663376</MetadataToken>
              <Name>System.Void PM.Extensions.DTO.TaskDto::set_Priority(System.Int32)</Name>
              <FileRef uid="57" />
              <SequencePoints />
              <BranchPoints />
            </Method>
            <Method skippedDueTo="AutoImplementedProperty" visited="false" cyclomaticComplexity="1" nPathComplexity="0" sequenceCoverage="0" branchCoverage="0" crapScore="0" isConstructor="false" isStatic="false" isGetter="true" isSetter="false">
              <MetadataToken>100663377</MetadataToken>
              <Name>System.Nullable`1&lt;System.Int32&gt; PM.Extensions.DTO.TaskDto::get_ParentTaskId()</Name>
              <FileRef uid="57" />
              <SequencePoints />
              <BranchPoints />
            </Method>
            <Method skippedDueTo="AutoImplementedProperty" visited="false" cyclomaticComplexity="1" nPathComplexity="0" sequenceCoverage="0" branchCoverage="0" crapScore="0" isConstructor="false" isStatic="false" isGetter="false" isSetter="true">
              <MetadataToken>100663378</MetadataToken>
              <Name>System.Void PM.Extensions.DTO.TaskDto::set_ParentTaskId(System.Nullable`1&lt;System.Int32&gt;)</Name>
              <FileRef uid="57" />
              <SequencePoints />
              <BranchPoints />
            </Method>
            <Method skippedDueTo="AutoImplementedProperty" visited="false" cyclomaticComplexity="1" nPathComplexity="0" sequenceCoverage="0" branchCoverage="0" crapScore="0" isConstructor="false" isStatic="false" isGetter="true" isSetter="false">
              <MetadataToken>100663379</MetadataToken>
              <Name>System.String PM.Extensions.DTO.TaskDto::get_ParentTaskName()</Name>
              <FileRef uid="57" />
              <SequencePoints />
              <BranchPoints />
            </Method>
            <Method skippedDueTo="AutoImplementedProperty" visited="false" cyclomaticComplexity="1" nPathComplexity="0" sequenceCoverage="0" branchCoverage="0" crapScore="0" isConstructor="false" isStatic="false" isGetter="false" isSetter="true">
              <MetadataToken>100663380</MetadataToken>
              <Name>System.Void PM.Extensions.DTO.TaskDto::set_ParentTaskName(System.String)</Name>
              <FileRef uid="57" />
              <SequencePoints />
              <BranchPoints />
            </Method>
            <Method skippedDueTo="AutoImplementedProperty" visited="false" cyclomaticComplexity="1" nPathComplexity="0" sequenceCoverage="0" branchCoverage="0" crapScore="0" isConstructor="false" isStatic="false" isGetter="true" isSetter="false">
              <MetadataToken>100663381</MetadataToken>
              <Name>System.Int32 PM.Extensions.DTO.TaskDto::get_OwnerId()</Name>
              <FileRef uid="57" />
              <SequencePoints />
              <BranchPoints />
            </Method>
            <Method skippedDueTo="AutoImplementedProperty" visited="false" cyclomaticComplexity="1" nPathComplexity="0" sequenceCoverage="0" branchCoverage="0" crapScore="0" isConstructor="false" isStatic="false" isGetter="false" isSetter="true">
              <MetadataToken>100663382</MetadataToken>
              <Name>System.Void PM.Extensions.DTO.TaskDto::set_OwnerId(System.Int32)</Name>
              <FileRef uid="57" />
              <SequencePoints />
              <BranchPoints />
            </Method>
            <Method skippedDueTo="AutoImplementedProperty" visited="false" cyclomaticComplexity="1" nPathComplexity="0" sequenceCoverage="0" branchCoverage="0" crapScore="0" isConstructor="false" isStatic="false" isGetter="true" isSetter="false">
              <MetadataToken>100663383</MetadataToken>
              <Name>System.String PM.Extensions.DTO.TaskDto::get_OwnerName()</Name>
              <FileRef uid="57" />
              <SequencePoints />
              <BranchPoints />
            </Method>
            <Method skippedDueTo="AutoImplementedProperty" visited="false" cyclomaticComplexity="1" nPathComplexity="0" sequenceCoverage="0" branchCoverage="0" crapScore="0" isConstructor="false" isStatic="false" isGetter="false" isSetter="true">
              <MetadataToken>100663384</MetadataToken>
              <Name>System.Void PM.Extensions.DTO.TaskDto::set_OwnerName(System.String)</Name>
              <FileRef uid="57" />
              <SequencePoints />
              <BranchPoints />
            </Method>
            <Method skippedDueTo="AutoImplementedProperty" visited="false" cyclomaticComplexity="1" nPathComplexity="0" sequenceCoverage="0" branchCoverage="0" crapScore="0" isConstructor="false" isStatic="false" isGetter="true" isSetter="false">
              <MetadataToken>100663385</MetadataToken>
              <Name>System.Int32 PM.Extensions.DTO.TaskDto::get_ProjectId()</Name>
              <FileRef uid="57" />
              <SequencePoints />
              <BranchPoints />
            </Method>
            <Method skippedDueTo="AutoImplementedProperty" visited="false" cyclomaticComplexity="1" nPathComplexity="0" sequenceCoverage="0" branchCoverage="0" crapScore="0" isConstructor="false" isStatic="false" isGetter="false" isSetter="true">
              <MetadataToken>100663386</MetadataToken>
              <Name>System.Void PM.Extensions.DTO.TaskDto::set_ProjectId(System.Int32)</Name>
              <FileRef uid="57" />
              <SequencePoints />
              <BranchPoints />
            </Method>
            <Method skippedDueTo="AutoImplementedProperty" visited="false" cyclomaticComplexity="1" nPathComplexity="0" sequenceCoverage="0" branchCoverage="0" crapScore="0" isConstructor="false" isStatic="false" isGetter="true" isSetter="false">
              <MetadataToken>100663387</MetadataToken>
              <Name>System.String PM.Extensions.DTO.TaskDto::get_ProjectName()</Name>
              <FileRef uid="57" />
              <SequencePoints />
              <BranchPoints />
            </Method>
            <Method skippedDueTo="AutoImplementedProperty" visited="false" cyclomaticComplexity="1" nPathComplexity="0" sequenceCoverage="0" branchCoverage="0" crapScore="0" isConstructor="false" isStatic="false" isGetter="false" isSetter="true">
              <MetadataToken>100663388</MetadataToken>
              <Name>System.Void PM.Extensions.DTO.TaskDto::set_ProjectName(System.String)</Name>
              <FileRef uid="57" />
              <SequencePoints />
              <BranchPoints />
            </Method>
            <Method skippedDueTo="AutoImplementedProperty" visited="false" cyclomaticComplexity="1" nPathComplexity="0" sequenceCoverage="0" branchCoverage="0" crapScore="0" isConstructor="false" isStatic="false" isGetter="true" isSetter="false">
              <MetadataToken>100663389</MetadataToken>
              <Name>System.Int32 PM.Extensions.DTO.TaskDto::get_StatusId()</Name>
              <FileRef uid="57" />
              <SequencePoints />
              <BranchPoints />
            </Method>
            <Method skippedDueTo="AutoImplementedProperty" visited="false" cyclomaticComplexity="1" nPathComplexity="0" sequenceCoverage="0" branchCoverage="0" crapScore="0" isConstructor="false" isStatic="false" isGetter="false" isSetter="true">
              <MetadataToken>100663390</MetadataToken>
              <Name>System.Void PM.Extensions.DTO.TaskDto::set_StatusId(System.Int32)</Name>
              <FileRef uid="57" />
              <SequencePoints />
              <BranchPoints />
            </Method>
            <Method visited="false" cyclomaticComplexity="1" nPathComplexity="0" sequenceCoverage="0" branchCoverage="0" crapScore="2" isConstructor="true" isStatic="false" isGetter="false" isSetter="false">
              <Summary numSequencePoints="0" visitedSequencePoints="0" numBranchPoints="0" visitedBranchPoints="0" sequenceCoverage="0" branchCoverage="0" maxCyclomaticComplexity="1" minCyclomaticComplexity="1" maxCrapScore="2" minCrapScore="2" visitedClasses="0" numClasses="0" visitedMethods="0" numMethods="0" />
              <MetadataToken>100663391</MetadataToken>
              <Name>System.Void PM.Extensions.DTO.TaskDto::.ctor()</Name>
              <SequencePoints />
              <BranchPoints />
              <MethodPoint vc="0" uspid="573" ordinal="0" offset="0" />
            </Method>
          </Methods>
        </Class>
        <Class>
          <Summary numSequencePoints="3" visitedSequencePoints="0" numBranchPoints="1" visitedBranchPoints="0" sequenceCoverage="0" branchCoverage="0" maxCyclomaticComplexity="1" minCyclomaticComplexity="1" maxCrapScore="2" minCrapScore="2" visitedClasses="0" numClasses="1" visitedMethods="0" numMethods="1" />
          <FullName>PM.Extensions.DTO.UserDto</FullName>
          <Methods>
            <Method skippedDueTo="AutoImplementedProperty" visited="false" cyclomaticComplexity="1" nPathComplexity="0" sequenceCoverage="0" branchCoverage="0" crapScore="0" isConstructor="false" isStatic="false" isGetter="true" isSetter="false">
              <MetadataToken>100663392</MetadataToken>
              <Name>System.Int32 PM.Extensions.DTO.UserDto::get_Id()</Name>
              <FileRef uid="58" />
              <SequencePoints />
              <BranchPoints />
            </Method>
            <Method skippedDueTo="AutoImplementedProperty" visited="false" cyclomaticComplexity="1" nPathComplexity="0" sequenceCoverage="0" branchCoverage="0" crapScore="0" isConstructor="false" isStatic="false" isGetter="false" isSetter="true">
              <MetadataToken>100663393</MetadataToken>
              <Name>System.Void PM.Extensions.DTO.UserDto::set_Id(System.Int32)</Name>
              <FileRef uid="58" />
              <SequencePoints />
              <BranchPoints />
            </Method>
            <Method skippedDueTo="AutoImplementedProperty" visited="false" cyclomaticComplexity="1" nPathComplexity="0" sequenceCoverage="0" branchCoverage="0" crapScore="0" isConstructor="false" isStatic="false" isGetter="true" isSetter="false">
              <MetadataToken>100663394</MetadataToken>
              <Name>System.String PM.Extensions.DTO.UserDto::get_FirstName()</Name>
              <FileRef uid="58" />
              <SequencePoints />
              <BranchPoints />
            </Method>
            <Method skippedDueTo="AutoImplementedProperty" visited="false" cyclomaticComplexity="1" nPathComplexity="0" sequenceCoverage="0" branchCoverage="0" crapScore="0" isConstructor="false" isStatic="false" isGetter="false" isSetter="true">
              <MetadataToken>100663395</MetadataToken>
              <Name>System.Void PM.Extensions.DTO.UserDto::set_FirstName(System.String)</Name>
              <FileRef uid="58" />
              <SequencePoints />
              <BranchPoints />
            </Method>
            <Method skippedDueTo="AutoImplementedProperty" visited="false" cyclomaticComplexity="1" nPathComplexity="0" sequenceCoverage="0" branchCoverage="0" crapScore="0" isConstructor="false" isStatic="false" isGetter="true" isSetter="false">
              <MetadataToken>100663396</MetadataToken>
              <Name>System.String PM.Extensions.DTO.UserDto::get_LastName()</Name>
              <FileRef uid="58" />
              <SequencePoints />
              <BranchPoints />
            </Method>
            <Method skippedDueTo="AutoImplementedProperty" visited="false" cyclomaticComplexity="1" nPathComplexity="0" sequenceCoverage="0" branchCoverage="0" crapScore="0" isConstructor="false" isStatic="false" isGetter="false" isSetter="true">
              <MetadataToken>100663397</MetadataToken>
              <Name>System.Void PM.Extensions.DTO.UserDto::set_LastName(System.String)</Name>
              <FileRef uid="58" />
              <SequencePoints />
              <BranchPoints />
            </Method>
            <Method skippedDueTo="AutoImplementedProperty" visited="false" cyclomaticComplexity="1" nPathComplexity="0" sequenceCoverage="0" branchCoverage="0" crapScore="0" isConstructor="false" isStatic="false" isGetter="true" isSetter="false">
              <MetadataToken>100663398</MetadataToken>
              <Name>System.String PM.Extensions.DTO.UserDto::get_EmployeeId()</Name>
              <FileRef uid="58" />
              <SequencePoints />
              <BranchPoints />
            </Method>
            <Method skippedDueTo="AutoImplementedProperty" visited="false" cyclomaticComplexity="1" nPathComplexity="0" sequenceCoverage="0" branchCoverage="0" crapScore="0" isConstructor="false" isStatic="false" isGetter="false" isSetter="true">
              <MetadataToken>100663399</MetadataToken>
              <Name>System.Void PM.Extensions.DTO.UserDto::set_EmployeeId(System.String)</Name>
              <FileRef uid="58" />
              <SequencePoints />
              <BranchPoints />
            </Method>
            <Method visited="false" cyclomaticComplexity="1" nPathComplexity="0" sequenceCoverage="0" branchCoverage="0" crapScore="2" isConstructor="false" isStatic="false" isGetter="true" isSetter="false">
              <Summary numSequencePoints="3" visitedSequencePoints="0" numBranchPoints="1" visitedBranchPoints="0" sequenceCoverage="0" branchCoverage="0" maxCyclomaticComplexity="1" minCyclomaticComplexity="1" maxCrapScore="2" minCrapScore="2" visitedClasses="0" numClasses="0" visitedMethods="0" numMethods="1" />
              <MetadataToken>100663400</MetadataToken>
              <Name>System.String PM.Extensions.DTO.UserDto::get_DisplayName()</Name>
              <FileRef uid="58" />
              <SequencePoints>
                <SequencePoint vc="0" uspid="574" ordinal="0" offset="0" sl="16" sc="41" el="16" ec="42" bec="0" bev="0" fileid="58" />
                <SequencePoint vc="0" uspid="575" ordinal="1" offset="1" sl="16" sc="43" el="16" ec="88" bec="0" bev="0" fileid="58" />
                <SequencePoint vc="0" uspid="576" ordinal="2" offset="38" sl="16" sc="89" el="16" ec="90" bec="0" bev="0" fileid="58" />
              </SequencePoints>
              <BranchPoints />
              <MethodPoint xsi:type="SequencePoint" vc="0" uspid="574" ordinal="0" offset="0" sl="16" sc="41" el="16" ec="42" bec="0" bev="0" fileid="58" />
            </Method>
            <Method visited="false" cyclomaticComplexity="1" nPathComplexity="0" sequenceCoverage="0" branchCoverage="0" crapScore="2" isConstructor="true" isStatic="false" isGetter="false" isSetter="false">
              <Summary numSequencePoints="0" visitedSequencePoints="0" numBranchPoints="0" visitedBranchPoints="0" sequenceCoverage="0" branchCoverage="0" maxCyclomaticComplexity="1" minCyclomaticComplexity="1" maxCrapScore="2" minCrapScore="2" visitedClasses="0" numClasses="0" visitedMethods="0" numMethods="0" />
              <MetadataToken>100663401</MetadataToken>
              <Name>System.Void PM.Extensions.DTO.UserDto::.ctor()</Name>
              <SequencePoints />
              <BranchPoints />
              <MethodPoint vc="0" uspid="577" ordinal="0" offset="0" />
            </Method>
          </Methods>
        </Class>
      </Classes>
    </Module>
    <Module skippedDueTo="Filter" hash="00-31-15-6E-1F-99-AA-C9-B2-3D-24-05-66-C3-7C-24-EA-BA-34-AA">
      <ModulePath>C:\Users\prapan\Source\Repos\FSE_Project\FSE_ProjectManager\PM.Web.Tests1\bin\Debug\netcoreapp2.2\PM.Utilities.dll</ModulePath>
      <ModuleTime>2019-08-20T10:43:37.8001308Z</ModuleTime>
      <ModuleName>PM.Utilities</ModuleName>
      <Classes />
    </Module>
    <Module skippedDueTo="Filter" hash="58-7B-A6-F9-4B-DD-F4-BB-9F-B1-10-E5-39-6F-66-FF-15-2D-9E-AF">
      <ModulePath>C:\Program Files\dotnet\shared\Microsoft.NETCore.App\2.2.6\System.ComponentModel.Annotations.dll</ModulePath>
      <ModuleTime>2019-06-18T04:54:48Z</ModuleTime>
      <ModuleName>System.ComponentModel.Annotations</ModuleName>
      <Classes />
    </Module>
    <Module skippedDueTo="Filter" hash="7F-EA-CB-6C-06-9E-C0-6B-49-4C-89-E9-E4-30-0C-CD-4D-32-76-0D">
      <ModulePath>C:\Users\prapan\Source\Repos\FSE_Project\FSE_ProjectManager\PM.Web.Tests1\bin\Debug\netcoreapp2.2\PM.DAL.dll</ModulePath>
      <ModuleTime>2019-08-20T10:43:40.4905513Z</ModuleTime>
      <ModuleName>PM.DAL</ModuleName>
      <Classes />
    </Module>
    <Module skippedDueTo="MissingPdb" hash="63-E2-5E-48-3E-CD-9A-F7-15-3A-77-B2-01-A2-21-05-20-14-35-29">
      <ModulePath>C:\Program Files\dotnet\sdk\NuGetFallbackFolder\microsoft.aspnetcore.mvc.core\2.2.0\lib\netstandard2.0\Microsoft.AspNetCore.Mvc.Core.dll</ModulePath>
      <ModuleTime>2019-08-14T10:55:02.8926198Z</ModuleTime>
      <ModuleName>Microsoft.AspNetCore.Mvc.Core</ModuleName>
      <Classes />
    </Module>
    <Module skippedDueTo="MissingPdb" hash="3C-C3-08-9A-1E-E9-E2-EB-A8-40-21-46-2D-6E-3D-AF-64-CD-63-1E">
      <ModulePath>C:\Program Files\dotnet\sdk\NuGetFallbackFolder\microsoft.aspnetcore.mvc.abstractions\2.2.0\lib\netstandard2.0\Microsoft.AspNetCore.Mvc.Abstractions.dll</ModulePath>
      <ModuleTime>2019-08-14T10:54:58.0514136Z</ModuleTime>
      <ModuleName>Microsoft.AspNetCore.Mvc.Abstractions</ModuleName>
      <Classes />
    </Module>
    <Module skippedDueTo="MissingPdb" hash="77-D9-71-76-B8-6D-04-DC-DF-26-1C-C5-1A-40-23-C4-F7-61-B1-80">
      <ModulePath>C:\Users\prapan\.nuget\packages\moq\4.12.0\lib\netstandard2.0\Moq.dll</ModulePath>
      <ModuleTime>2019-06-20T00:49:54Z</ModuleTime>
      <ModuleName>Moq</ModuleName>
      <Classes />
    </Module>
    <Module skippedDueTo="Filter" hash="1B-8B-3C-DA-62-D7-BE-45-55-0E-16-29-7F-37-EB-68-57-5A-92-4B">
      <ModulePath>C:\Program Files\dotnet\shared\Microsoft.NETCore.App\2.2.6\System.Linq.Queryable.dll</ModulePath>
      <ModuleTime>2019-06-18T04:54:48Z</ModuleTime>
      <ModuleName>System.Linq.Queryable</ModuleName>
      <Classes />
    </Module>
    <Module skippedDueTo="MissingPdb" hash="1B-C8-5E-15-86-C8-33-45-A1-6A-73-C1-FC-AD-DF-63-1C-24-B8-23">
      <ModulePath>C:\Users\prapan\.nuget\packages\castle.core\4.4.0\lib\netstandard1.5\Castle.Core.dll</ModulePath>
      <ModuleTime>2019-04-04T17:50:28Z</ModuleTime>
      <ModuleName>Castle.Core</ModuleName>
      <Classes />
    </Module>
    <Module skippedDueTo="Filter" hash="78-48-CC-E9-56-F8-9A-26-0E-74-CE-8D-72-07-76-94-D7-C6-DD-65">
      <ModulePath>C:\Program Files\dotnet\shared\Microsoft.NETCore.App\2.2.6\System.Threading.Tasks.Extensions.dll</ModulePath>
      <ModuleTime>2019-06-18T04:54:50Z</ModuleTime>
      <ModuleName>System.Threading.Tasks.Extensions</ModuleName>
      <Classes />
    </Module>
    <Module skippedDueTo="Filter" hash="06-3B-2B-1D-16-60-CA-DF-98-34-BB-7A-FA-0E-9F-EE-F5-76-39-ED">
      <ModulePath>C:\Program Files\dotnet\shared\Microsoft.NETCore.App\2.2.6\System.Reflection.Emit.dll</ModulePath>
      <ModuleTime>2019-06-18T04:54:50Z</ModuleTime>
      <ModuleName>System.Reflection.Emit</ModuleName>
      <Classes />
    </Module>
  </Modules>
</CoverageSession>